{"level":"info","message":"⌛ Building environment","timeElapsed":362,"timestamp":"2024-11-06T16:33:26.416Z"}
{"level":"info","message":"onRequest - WORKSPACE_URI:file:///c%3A/Users/Martin%20Aguirre/OneDrive/Documentos/Facultad/2%C2%BA%20A%C3%B1o/Paradigmas%20de%20Programaci%C3%B3n/parciales-objetos-pdep-2024/Filosofia","timestamp":"2024-11-06T16:33:26.432Z"}
{"level":"info","message":"⌛ Building environment","timeElapsed":167,"timestamp":"2024-11-06T16:33:26.601Z"}
{"level":"info","message":"⌛ Building environment","timeElapsed":175,"timestamp":"2024-11-06T16:33:26.779Z"}
{"level":"info","message":"⌛ Validating filosofia/testExample.wtest","timeElapsed":299,"timestamp":"2024-11-06T16:33:27.094Z"}
{"level":"info","message":"⌛ Validating filosofia/example.wlk","timeElapsed":405,"timestamp":"2024-11-06T16:33:27.502Z"}
{"level":"info","message":"⌛ Building environment","timeElapsed":191,"timestamp":"2024-11-06T16:33:27.698Z"}
{"level":"info","message":"⌛ Validating filosofia/testExample.wtest","timeElapsed":237,"timestamp":"2024-11-06T16:33:27.967Z"}
{"level":"info","message":"⌛ Validating filosofia/example.wlk","timeElapsed":216,"timestamp":"2024-11-06T16:33:28.184Z"}
{"level":"info","message":"⌛ Building environment","timeElapsed":122,"timestamp":"2024-11-06T16:39:01.360Z"}
{"level":"info","message":"⌛ Validating filosofia/example.wlk","timeElapsed":195,"timestamp":"2024-11-06T16:39:01.584Z"}
{"level":"info","message":"onRequest - completionItem/resolve","timestamp":"2024-11-06T16:39:01.637Z"}
{"level":"info","message":"onRequest - completionItem/resolve","timestamp":"2024-11-06T16:39:01.744Z"}
{"level":"info","message":"onRequest - completionItem/resolve","timestamp":"2024-11-06T16:39:01.820Z"}
{"level":"info","message":"onRequest - completionItem/resolve","timestamp":"2024-11-06T16:39:01.888Z"}
{"level":"info","message":"⌛ Validating filosofia/example.wlk","timeElapsed":176,"timestamp":"2024-11-06T16:39:02.064Z"}
{"level":"info","message":"⌛ Validating filosofia/example.wlk","timeElapsed":112,"timestamp":"2024-11-06T16:39:02.179Z"}
{"level":"info","message":"⌛ Validating filosofia/example.wlk","timeElapsed":116,"timestamp":"2024-11-06T16:39:02.296Z"}
{"level":"info","message":"onRequest - completionItem/resolve","timestamp":"2024-11-06T16:39:02.296Z"}
{"level":"info","message":"⌛ Building environment","timeElapsed":101,"timestamp":"2024-11-06T16:39:02.397Z"}
{"level":"info","message":"⌛ Validating filosofia/example.wlk","timeElapsed":126,"timestamp":"2024-11-06T16:39:02.671Z"}
{"level":"info","message":"⌛ Validating filosofia/example.wlk","timeElapsed":131,"timestamp":"2024-11-06T16:39:02.802Z"}
{"level":"info","message":"⌛ Validating filosofia/example.wlk","timeElapsed":162,"timestamp":"2024-11-06T16:39:03.127Z"}
{"level":"info","message":"⌛ Validating filosofia/example.wlk","timeElapsed":126,"timestamp":"2024-11-06T16:39:03.314Z"}
{"level":"info","message":"⌛ Validating filosofia/example.wlk","timeElapsed":115,"timestamp":"2024-11-06T16:39:03.601Z"}
{"level":"info","message":"⌛ Validating filosofia/example.wlk","timeElapsed":106,"timestamp":"2024-11-06T16:39:03.763Z"}
{"level":"info","message":"⌛ Validating filosofia/example.wlk","timeElapsed":106,"timestamp":"2024-11-06T16:39:03.870Z"}
{"level":"info","message":"⌛ Validating filosofia/example.wlk","timeElapsed":138,"timestamp":"2024-11-06T16:39:04.013Z"}
{"level":"info","message":"⌛ Validating filosofia/example.wlk","timeElapsed":104,"timestamp":"2024-11-06T16:39:04.185Z"}
{"level":"info","message":"⌛ Validating filosofia/example.wlk","timeElapsed":101,"timestamp":"2024-11-06T16:39:04.975Z"}
{"level":"info","message":"⌛ Building environment","timeElapsed":129,"timestamp":"2024-11-06T16:39:05.110Z"}
{"level":"info","message":"⌛ Validating filosofia/example.wlk","timeElapsed":191,"timestamp":"2024-11-06T16:39:05.309Z"}
{"level":"info","message":"⌛ Validating filosofia/example.wlk","timeElapsed":133,"timestamp":"2024-11-06T16:39:05.649Z"}
{"level":"info","message":"⌛ Validating filosofia/example.wlk","timeElapsed":117,"timestamp":"2024-11-06T16:39:05.766Z"}
{"level":"info","message":"⌛ Validating filosofia/example.wlk","timeElapsed":109,"timestamp":"2024-11-06T16:39:06.186Z"}
{"level":"info","message":"⌛ Building environment","timeElapsed":103,"timestamp":"2024-11-06T16:39:06.458Z"}
{"level":"info","message":"⌛ Validating filosofia/example.wlk","timeElapsed":129,"timestamp":"2024-11-06T16:39:07.325Z"}
{"level":"info","message":"onRequest - completionItem/resolve","timestamp":"2024-11-06T16:39:07.325Z"}
{"level":"info","message":"⌛ Building environment","timeElapsed":102,"timestamp":"2024-11-06T16:39:07.428Z"}
{"level":"info","message":"onRequest - completionItem/resolve","timestamp":"2024-11-06T16:39:07.429Z"}
{"level":"info","message":"onRequest - completionItem/resolve","timestamp":"2024-11-06T16:39:07.597Z"}
{"level":"info","message":"onRequest - completionItem/resolve","timestamp":"2024-11-06T16:39:07.660Z"}
{"level":"error","message":"✘ Failed to rebuild document Failed to parse filosofia/example.wlk: \n-- PARSING FAILED --------------------------------------------------\n\n  4 |   method\n  5 |   \n> 6 | }\n    | ^\n\nExpected one of the following: \n\n'!=', '!==', '%', '&&', '*', '**', '+', '-', '->', '..', '..<', '/', '<', '<<', '<<<', '<=', '<=>', '<>', '==', '===', '>', '>..', '>=', '>>', '>>>', '?:', 'and', 'invert', 'negate', 'or', 'plus', '||', identifier, whitespace\n","stack":"Error: Failed to parse filosofia/example.wlk: \n-- PARSING FAILED --------------------------------------------------\n\n  4 |   method\n  5 |   \n> 6 | }\n    | ^\n\nExpected one of the following: \n\n'!=', '!==', '%', '&&', '*', '**', '+', '-', '->', '..', '..<', '/', '<', '<<', '<<<', '<=', '<=>', '<>', '==', '===', '>', '>..', '>=', '>>', '>>>', '?:', 'and', 'invert', 'negate', 'or', 'plus', '||', identifier, whitespace\n\n    at c:\\Users\\Martin Aguirre\\.vscode\\extensions\\uqbar.wollok-lsp-ide-0.3.6\\out\\server\\src\\server.js:2254:32415\n    at Array.map (<anonymous>)\n    at Jfn (c:\\Users\\Martin Aguirre\\.vscode\\extensions\\uqbar.wollok-lsp-ide-0.3.6\\out\\server\\src\\server.js:2254:32339)\n    at k2.buildEnvironmentFrom (c:\\Users\\Martin Aguirre\\.vscode\\extensions\\uqbar.wollok-lsp-ide-0.3.6\\out\\server\\src\\server.js:2285:6721)\n    at k2.updateEnvironmentWith (c:\\Users\\Martin Aguirre\\.vscode\\extensions\\uqbar.wollok-lsp-ide-0.3.6\\out\\server\\src\\server.js:2285:6456)\n    at jL (c:\\Users\\Martin Aguirre\\.vscode\\extensions\\uqbar.wollok-lsp-ide-0.3.6\\out\\server\\src\\server.js:2298:2292)\n    at v3.invoke (c:\\Users\\Martin Aguirre\\.vscode\\extensions\\uqbar.wollok-lsp-ide-0.3.6\\out\\server\\src\\server.js:3:157200)\n    at o.fire (c:\\Users\\Martin Aguirre\\.vscode\\extensions\\uqbar.wollok-lsp-ide-0.3.6\\out\\server\\src\\server.js:3:157970)\n    at c:\\Users\\Martin Aguirre\\.vscode\\extensions\\uqbar.wollok-lsp-ide-0.3.6\\out\\server\\src\\server.js:37:57871\n    at Vr (c:\\Users\\Martin Aguirre\\.vscode\\extensions\\uqbar.wollok-lsp-ide-0.3.6\\out\\server\\src\\server.js:8:1561)","timestamp":"2024-11-06T16:39:07.672Z"}
{"level":"info","message":"onRequest - completionItem/resolve","timestamp":"2024-11-06T16:39:07.672Z"}
{"level":"info","message":"⌛ Validating filosofia/example.wlk","timeElapsed":123,"timestamp":"2024-11-06T16:39:07.795Z"}
{"level":"info","message":"⌛ Validating filosofia/example.wlk","timeElapsed":101,"timestamp":"2024-11-06T16:39:07.896Z"}
{"level":"info","message":"onRequest - completionItem/resolve","timestamp":"2024-11-06T16:39:08.150Z"}
{"level":"info","message":"onRequest - completionItem/resolve","timestamp":"2024-11-06T16:39:08.518Z"}
{"level":"info","message":"⌛ Validating filosofia/example.wlk","timeElapsed":107,"timestamp":"2024-11-06T16:39:09.954Z"}
{"level":"info","message":"⌛ Validating filosofia/example.wlk","timeElapsed":113,"timestamp":"2024-11-06T16:39:11.119Z"}
{"level":"info","message":"⌛ Validating filosofia/example.wlk","timeElapsed":116,"timestamp":"2024-11-06T16:39:11.485Z"}
{"level":"info","message":"⌛ Validating filosofia/example.wlk","timeElapsed":120,"timestamp":"2024-11-06T16:39:11.697Z"}
{"level":"info","message":"⌛ Validating filosofia/example.wlk","timeElapsed":138,"timestamp":"2024-11-06T16:39:12.006Z"}
{"level":"info","message":"⌛ Building environment","timeElapsed":161,"timestamp":"2024-11-06T16:39:12.256Z"}
{"level":"info","message":"⌛ Validating filosofia/example.wlk","timeElapsed":101,"timestamp":"2024-11-06T16:39:12.691Z"}
{"level":"info","message":"⌛ Validating filosofia/example.wlk","timeElapsed":101,"timestamp":"2024-11-06T16:39:12.858Z"}
{"level":"info","message":"⌛ Validating filosofia/example.wlk","timeElapsed":127,"timestamp":"2024-11-06T16:39:13.077Z"}
{"level":"info","message":"⌛ Validating filosofia/example.wlk","timeElapsed":135,"timestamp":"2024-11-06T16:39:13.213Z"}
{"level":"error","message":"✘ Failed to rebuild document Failed to parse filosofia/example.wlk: \n-- PARSING FAILED --------------------------------------------------\n\n  2 | \n  3 | \n> 4 |   method () = \n    |          ^\n  5 |   \n  6 | }\n\nExpected one of the following: \n\n'!=', '!==', '%', '&&', '*', '**', '+', '-', '->', '..', '..<', '/', '<', '<<', '<<<', '<=', '<=>', '<>', '==', '===', '>', '>..', '>=', '>>', '>>>', '?:', 'and', 'invert', 'negate', 'or', 'plus', '||', identifier, whitespace\n","stack":"Error: Failed to parse filosofia/example.wlk: \n-- PARSING FAILED --------------------------------------------------\n\n  2 | \n  3 | \n> 4 |   method () = \n    |          ^\n  5 |   \n  6 | }\n\nExpected one of the following: \n\n'!=', '!==', '%', '&&', '*', '**', '+', '-', '->', '..', '..<', '/', '<', '<<', '<<<', '<=', '<=>', '<>', '==', '===', '>', '>..', '>=', '>>', '>>>', '?:', 'and', 'invert', 'negate', 'or', 'plus', '||', identifier, whitespace\n\n    at c:\\Users\\Martin Aguirre\\.vscode\\extensions\\uqbar.wollok-lsp-ide-0.3.6\\out\\server\\src\\server.js:2254:32415\n    at Array.map (<anonymous>)\n    at Jfn (c:\\Users\\Martin Aguirre\\.vscode\\extensions\\uqbar.wollok-lsp-ide-0.3.6\\out\\server\\src\\server.js:2254:32339)\n    at k2.buildEnvironmentFrom (c:\\Users\\Martin Aguirre\\.vscode\\extensions\\uqbar.wollok-lsp-ide-0.3.6\\out\\server\\src\\server.js:2285:6721)\n    at k2.updateEnvironmentWith (c:\\Users\\Martin Aguirre\\.vscode\\extensions\\uqbar.wollok-lsp-ide-0.3.6\\out\\server\\src\\server.js:2285:6456)\n    at jL (c:\\Users\\Martin Aguirre\\.vscode\\extensions\\uqbar.wollok-lsp-ide-0.3.6\\out\\server\\src\\server.js:2298:2292)\n    at v3.invoke (c:\\Users\\Martin Aguirre\\.vscode\\extensions\\uqbar.wollok-lsp-ide-0.3.6\\out\\server\\src\\server.js:3:157200)\n    at o.fire (c:\\Users\\Martin Aguirre\\.vscode\\extensions\\uqbar.wollok-lsp-ide-0.3.6\\out\\server\\src\\server.js:3:157970)\n    at c:\\Users\\Martin Aguirre\\.vscode\\extensions\\uqbar.wollok-lsp-ide-0.3.6\\out\\server\\src\\server.js:37:57871\n    at Vr (c:\\Users\\Martin Aguirre\\.vscode\\extensions\\uqbar.wollok-lsp-ide-0.3.6\\out\\server\\src\\server.js:8:1561)","timestamp":"2024-11-06T16:39:13.306Z"}
{"level":"info","message":"⌛ Validating filosofia/example.wlk","timeElapsed":110,"timestamp":"2024-11-06T16:39:15.375Z"}
{"level":"info","message":"⌛ Validating filosofia/example.wlk","timeElapsed":113,"timestamp":"2024-11-06T16:39:15.692Z"}
{"level":"info","message":"⌛ Validating filosofia/example.wlk","timeElapsed":111,"timestamp":"2024-11-06T16:39:16.066Z"}
{"level":"info","message":"⌛ Validating filosofia/example.wlk","timeElapsed":129,"timestamp":"2024-11-06T16:39:16.292Z"}
{"level":"info","message":"⌛ Validating filosofia/example.wlk","timeElapsed":107,"timestamp":"2024-11-06T16:39:17.130Z"}
{"level":"info","message":"⌛ Validating filosofia/example.wlk","timeElapsed":124,"timestamp":"2024-11-06T16:39:17.258Z"}
{"level":"error","message":"✘ Completions for node failed: Error: [Return]{0cdb00} at filosofia/example.wlk:-- exhausted all cases without a match [Return]{0cdb00} at filosofia/example.wlk:-- exhausted all cases without a match","stack":"Error: [Return]{0cdb00} at filosofia/example.wlk:-- exhausted all cases without a match\n    at c:\\Users\\Martin Aguirre\\.vscode\\extensions\\uqbar.wollok-lsp-ide-0.3.6\\out\\server\\src\\server.js:38:6067\n    at yh (c:\\Users\\Martin Aguirre\\.vscode\\extensions\\uqbar.wollok-lsp-ide-0.3.6\\out\\server\\src\\server.js:2291:42)\n    at kh (c:\\Users\\Martin Aguirre\\.vscode\\extensions\\uqbar.wollok-lsp-ide-0.3.6\\out\\server\\src\\server.js:2291:1004)\n    at Y5n (c:\\Users\\Martin Aguirre\\.vscode\\extensions\\uqbar.wollok-lsp-ide-0.3.6\\out\\server\\src\\server.js:2291:1160)\n    at c:\\Users\\Martin Aguirre\\.vscode\\extensions\\uqbar.wollok-lsp-ide-0.3.6\\out\\server\\src\\server.js:38:6056\n    at yh (c:\\Users\\Martin Aguirre\\.vscode\\extensions\\uqbar.wollok-lsp-ide-0.3.6\\out\\server\\src\\server.js:2291:42)\n    at c:\\Users\\Martin Aguirre\\.vscode\\extensions\\uqbar.wollok-lsp-ide-0.3.6\\out\\server\\src\\server.js:2291:2700\n    at c:\\Users\\Martin Aguirre\\.vscode\\extensions\\uqbar.wollok-lsp-ide-0.3.6\\out\\server\\src\\server.js:2298:3774\n    at c:\\Users\\Martin Aguirre\\.vscode\\extensions\\uqbar.wollok-lsp-ide-0.3.6\\out\\server\\src\\server.js:37:74872\n    at Fe (c:\\Users\\Martin Aguirre\\.vscode\\extensions\\uqbar.wollok-lsp-ide-0.3.6\\out\\server\\src\\server.js:7:8527)","timestamp":"2024-11-06T16:39:19.009Z"}
{"level":"info","message":"⌛ Validating filosofia/example.wlk","timeElapsed":107,"timestamp":"2024-11-06T16:39:19.118Z"}
{"level":"info","message":"onRequest - completionItem/resolve","timestamp":"2024-11-06T16:39:19.119Z"}
{"level":"info","message":"onRequest - completionItem/resolve","timestamp":"2024-11-06T16:39:19.211Z"}
{"level":"info","message":"⌛ Validating filosofia/example.wlk","timeElapsed":133,"timestamp":"2024-11-06T16:39:19.441Z"}
{"level":"error","message":"✘ Completions for node failed: Error: [Return]{a58ab5} at filosofia/example.wlk:-- exhausted all cases without a match [Return]{a58ab5} at filosofia/example.wlk:-- exhausted all cases without a match","stack":"Error: [Return]{a58ab5} at filosofia/example.wlk:-- exhausted all cases without a match\n    at c:\\Users\\Martin Aguirre\\.vscode\\extensions\\uqbar.wollok-lsp-ide-0.3.6\\out\\server\\src\\server.js:38:6067\n    at yh (c:\\Users\\Martin Aguirre\\.vscode\\extensions\\uqbar.wollok-lsp-ide-0.3.6\\out\\server\\src\\server.js:2291:42)\n    at kh (c:\\Users\\Martin Aguirre\\.vscode\\extensions\\uqbar.wollok-lsp-ide-0.3.6\\out\\server\\src\\server.js:2291:1004)\n    at Y5n (c:\\Users\\Martin Aguirre\\.vscode\\extensions\\uqbar.wollok-lsp-ide-0.3.6\\out\\server\\src\\server.js:2291:1160)\n    at c:\\Users\\Martin Aguirre\\.vscode\\extensions\\uqbar.wollok-lsp-ide-0.3.6\\out\\server\\src\\server.js:38:6056\n    at yh (c:\\Users\\Martin Aguirre\\.vscode\\extensions\\uqbar.wollok-lsp-ide-0.3.6\\out\\server\\src\\server.js:2291:42)\n    at c:\\Users\\Martin Aguirre\\.vscode\\extensions\\uqbar.wollok-lsp-ide-0.3.6\\out\\server\\src\\server.js:2291:2700\n    at c:\\Users\\Martin Aguirre\\.vscode\\extensions\\uqbar.wollok-lsp-ide-0.3.6\\out\\server\\src\\server.js:2298:3774\n    at c:\\Users\\Martin Aguirre\\.vscode\\extensions\\uqbar.wollok-lsp-ide-0.3.6\\out\\server\\src\\server.js:37:74872\n    at Fe (c:\\Users\\Martin Aguirre\\.vscode\\extensions\\uqbar.wollok-lsp-ide-0.3.6\\out\\server\\src\\server.js:7:8527)","timestamp":"2024-11-06T16:39:19.471Z"}
{"level":"info","message":"⌛ Building environment","timeElapsed":117,"timestamp":"2024-11-06T16:39:19.592Z"}
{"level":"info","message":"⌛ Validating filosofia/example.wlk","timeElapsed":435,"timestamp":"2024-11-06T16:39:20.029Z"}
{"level":"info","message":"⌛ Validating filosofia/example.wlk","timeElapsed":165,"timestamp":"2024-11-06T16:39:20.273Z"}
{"level":"info","message":"⌛ Building environment","timeElapsed":107,"timestamp":"2024-11-06T16:39:38.122Z"}
{"level":"info","message":"⌛ Validating filosofia/example.wlk","timeElapsed":121,"timestamp":"2024-11-06T16:39:38.246Z"}
{"level":"info","message":"⌛ Validating filosofia/example.wlk","timeElapsed":145,"timestamp":"2024-11-06T16:39:38.614Z"}
{"level":"info","message":"⌛ Building environment","timeElapsed":106,"timestamp":"2024-11-06T16:39:38.967Z"}
{"level":"info","message":"⌛ Validating filosofia/example.wlk","timeElapsed":141,"timestamp":"2024-11-06T16:39:39.109Z"}
{"level":"info","message":"⌛ Validating filosofia/example.wlk","timeElapsed":157,"timestamp":"2024-11-06T16:39:39.344Z"}
{"level":"info","message":"⌛ Validating filosofia/example.wlk","timeElapsed":110,"timestamp":"2024-11-06T16:39:39.581Z"}
{"level":"info","message":"⌛ Validating filosofia/example.wlk","timeElapsed":123,"timestamp":"2024-11-06T16:39:40.101Z"}
{"level":"info","message":"⌛ Validating filosofia/example.wlk","timeElapsed":103,"timestamp":"2024-11-06T16:39:41.256Z"}
{"level":"info","message":"⌛ Validating filosofia/example.wlk","timeElapsed":161,"timestamp":"2024-11-06T16:39:41.600Z"}
{"level":"info","message":"⌛ Validating filosofia/example.wlk","timeElapsed":119,"timestamp":"2024-11-06T16:39:42.538Z"}
{"level":"info","message":"⌛ Validating filosofia/example.wlk","timeElapsed":107,"timestamp":"2024-11-06T16:39:52.746Z"}
{"level":"info","message":"⌛ Building environment","timeElapsed":125,"timestamp":"2024-11-06T16:39:53.005Z"}
{"level":"info","message":"⌛ Validating filosofia/example.wlk","timeElapsed":118,"timestamp":"2024-11-06T16:39:53.130Z"}
{"level":"info","message":"⌛ Validating filosofia/example.wlk","timeElapsed":146,"timestamp":"2024-11-06T16:39:53.744Z"}
{"level":"error","message":"✘ Completions for node failed: Error: [Send]{9c9f70} at filosofia/example.wlk:4 exhausted all cases without a match [Send]{9c9f70} at filosofia/example.wlk:4 exhausted all cases without a match","stack":"Error: [Send]{9c9f70} at filosofia/example.wlk:4 exhausted all cases without a match\n    at c:\\Users\\Martin Aguirre\\.vscode\\extensions\\uqbar.wollok-lsp-ide-0.3.6\\out\\server\\src\\server.js:38:6067\n    at yh (c:\\Users\\Martin Aguirre\\.vscode\\extensions\\uqbar.wollok-lsp-ide-0.3.6\\out\\server\\src\\server.js:2291:42)\n    at kh (c:\\Users\\Martin Aguirre\\.vscode\\extensions\\uqbar.wollok-lsp-ide-0.3.6\\out\\server\\src\\server.js:2291:1004)\n    at Y5n (c:\\Users\\Martin Aguirre\\.vscode\\extensions\\uqbar.wollok-lsp-ide-0.3.6\\out\\server\\src\\server.js:2291:1160)\n    at c:\\Users\\Martin Aguirre\\.vscode\\extensions\\uqbar.wollok-lsp-ide-0.3.6\\out\\server\\src\\server.js:38:6056\n    at yh (c:\\Users\\Martin Aguirre\\.vscode\\extensions\\uqbar.wollok-lsp-ide-0.3.6\\out\\server\\src\\server.js:2291:42)\n    at c:\\Users\\Martin Aguirre\\.vscode\\extensions\\uqbar.wollok-lsp-ide-0.3.6\\out\\server\\src\\server.js:2291:2700\n    at c:\\Users\\Martin Aguirre\\.vscode\\extensions\\uqbar.wollok-lsp-ide-0.3.6\\out\\server\\src\\server.js:2298:3774\n    at c:\\Users\\Martin Aguirre\\.vscode\\extensions\\uqbar.wollok-lsp-ide-0.3.6\\out\\server\\src\\server.js:37:74872\n    at Fe (c:\\Users\\Martin Aguirre\\.vscode\\extensions\\uqbar.wollok-lsp-ide-0.3.6\\out\\server\\src\\server.js:7:8527)","timestamp":"2024-11-06T16:39:53.844Z"}
{"level":"error","message":"✘ Completions for node failed: Error: [Return]{83e4c8} at filosofia/example.wlk:-- exhausted all cases without a match [Return]{83e4c8} at filosofia/example.wlk:-- exhausted all cases without a match","stack":"Error: [Return]{83e4c8} at filosofia/example.wlk:-- exhausted all cases without a match\n    at c:\\Users\\Martin Aguirre\\.vscode\\extensions\\uqbar.wollok-lsp-ide-0.3.6\\out\\server\\src\\server.js:38:6067\n    at yh (c:\\Users\\Martin Aguirre\\.vscode\\extensions\\uqbar.wollok-lsp-ide-0.3.6\\out\\server\\src\\server.js:2291:42)\n    at kh (c:\\Users\\Martin Aguirre\\.vscode\\extensions\\uqbar.wollok-lsp-ide-0.3.6\\out\\server\\src\\server.js:2291:1004)\n    at yh (c:\\Users\\Martin Aguirre\\.vscode\\extensions\\uqbar.wollok-lsp-ide-0.3.6\\out\\server\\src\\server.js:2291:456)\n    at kh (c:\\Users\\Martin Aguirre\\.vscode\\extensions\\uqbar.wollok-lsp-ide-0.3.6\\out\\server\\src\\server.js:2291:1004)\n    at Y5n (c:\\Users\\Martin Aguirre\\.vscode\\extensions\\uqbar.wollok-lsp-ide-0.3.6\\out\\server\\src\\server.js:2291:1160)\n    at c:\\Users\\Martin Aguirre\\.vscode\\extensions\\uqbar.wollok-lsp-ide-0.3.6\\out\\server\\src\\server.js:38:6056\n    at yh (c:\\Users\\Martin Aguirre\\.vscode\\extensions\\uqbar.wollok-lsp-ide-0.3.6\\out\\server\\src\\server.js:2291:42)\n    at c:\\Users\\Martin Aguirre\\.vscode\\extensions\\uqbar.wollok-lsp-ide-0.3.6\\out\\server\\src\\server.js:2291:2700\n    at c:\\Users\\Martin Aguirre\\.vscode\\extensions\\uqbar.wollok-lsp-ide-0.3.6\\out\\server\\src\\server.js:2298:3774","timestamp":"2024-11-06T16:39:53.844Z"}
{"level":"info","message":"⌛ Validating filosofia/example.wlk","timeElapsed":156,"timestamp":"2024-11-06T16:39:54.006Z"}
{"level":"info","message":"onRequest - completionItem/resolve","timestamp":"2024-11-06T16:39:54.093Z"}
{"level":"info","message":"onRequest - completionItem/resolve","timestamp":"2024-11-06T16:39:54.170Z"}
{"level":"info","message":"onRequest - completionItem/resolve","timestamp":"2024-11-06T16:39:54.229Z"}
{"level":"info","message":"⌛ Validating filosofia/example.wlk","timeElapsed":117,"timestamp":"2024-11-06T16:39:54.441Z"}
{"level":"info","message":"onRequest - completionItem/resolve","timestamp":"2024-11-06T16:39:54.690Z"}
{"level":"info","message":"onRequest - completionItem/resolve","timestamp":"2024-11-06T16:39:54.863Z"}
{"level":"info","message":"⌛ Validating filosofia/example.wlk","timeElapsed":113,"timestamp":"2024-11-06T16:39:54.977Z"}
{"level":"info","message":"⌛ Building environment","timeElapsed":101,"timestamp":"2024-11-06T16:39:55.078Z"}
{"level":"info","message":"onRequest - completionItem/resolve","timestamp":"2024-11-06T16:39:55.079Z"}
{"level":"info","message":"onRequest - completionItem/resolve","timestamp":"2024-11-06T16:39:55.177Z"}
{"level":"info","message":"⌛ Validating filosofia/example.wlk","timeElapsed":101,"timestamp":"2024-11-06T16:39:55.278Z"}
{"level":"info","message":"⌛ Validating filosofia/example.wlk","timeElapsed":106,"timestamp":"2024-11-06T16:39:55.472Z"}
{"level":"info","message":"⌛ Validating filosofia/example.wlk","timeElapsed":136,"timestamp":"2024-11-06T16:39:55.680Z"}
{"level":"info","message":"⌛ Validating filosofia/example.wlk","timeElapsed":107,"timestamp":"2024-11-06T16:39:56.130Z"}
{"level":"info","message":"⌛ Building environment","timeElapsed":108,"timestamp":"2024-11-06T16:39:56.239Z"}
{"level":"info","message":"⌛ Validating filosofia/example.wlk","timeElapsed":121,"timestamp":"2024-11-06T16:39:56.383Z"}
{"level":"info","message":"⌛ Validating filosofia/example.wlk","timeElapsed":101,"timestamp":"2024-11-06T16:39:56.632Z"}
{"level":"info","message":"⌛ Validating filosofia/example.wlk","timeElapsed":107,"timestamp":"2024-11-06T16:39:56.964Z"}
{"level":"info","message":"⌛ Validating filosofia/example.wlk","timeElapsed":106,"timestamp":"2024-11-06T16:39:57.652Z"}
{"level":"info","message":"⌛ Validating filosofia/example.wlk","timeElapsed":104,"timestamp":"2024-11-06T16:39:58.222Z"}
{"level":"info","message":"⌛ Validating filosofia/example.wlk","timeElapsed":126,"timestamp":"2024-11-06T16:39:59.267Z"}
{"level":"info","message":"⌛ Validating filosofia/example.wlk","timeElapsed":109,"timestamp":"2024-11-06T16:40:00.082Z"}
{"level":"info","message":"⌛ Validating filosofia/example.wlk","timeElapsed":113,"timestamp":"2024-11-06T16:40:00.309Z"}
{"level":"info","message":"⌛ Building environment","timeElapsed":103,"timestamp":"2024-11-06T16:40:00.496Z"}
{"level":"info","message":"⌛ Validating filosofia/example.wlk","timeElapsed":116,"timestamp":"2024-11-06T16:40:00.613Z"}
{"level":"info","message":"⌛ Validating filosofia/example.wlk","timeElapsed":115,"timestamp":"2024-11-06T16:40:01.443Z"}
{"level":"info","message":"⌛ Validating filosofia/example.wlk","timeElapsed":118,"timestamp":"2024-11-06T16:40:01.566Z"}
{"level":"info","message":"⌛ Building environment","timeElapsed":122,"timestamp":"2024-11-06T16:40:03.018Z"}
{"level":"info","message":"⌛ Validating filosofia/example.wlk","timeElapsed":128,"timestamp":"2024-11-06T16:40:03.272Z"}
{"level":"info","message":"⌛ Validating filosofia/example.wlk","timeElapsed":109,"timestamp":"2024-11-06T16:40:03.741Z"}
{"level":"info","message":"⌛ Validating filosofia/example.wlk","timeElapsed":119,"timestamp":"2024-11-06T16:40:03.917Z"}
{"level":"info","message":"⌛ Validating filosofia/example.wlk","timeElapsed":145,"timestamp":"2024-11-06T16:40:04.062Z"}
{"level":"info","message":"⌛ Validating filosofia/example.wlk","timeElapsed":104,"timestamp":"2024-11-06T16:40:04.553Z"}
{"level":"info","message":"⌛ Validating filosofia/example.wlk","timeElapsed":109,"timestamp":"2024-11-06T16:40:05.242Z"}
{"level":"info","message":"⌛ Building environment","timeElapsed":124,"timestamp":"2024-11-06T16:40:05.440Z"}
{"level":"info","message":"⌛ Validating filosofia/example.wlk","timeElapsed":108,"timestamp":"2024-11-06T16:40:05.643Z"}
{"level":"info","message":"⌛ Validating filosofia/example.wlk","timeElapsed":112,"timestamp":"2024-11-06T16:40:05.819Z"}
{"level":"info","message":"⌛ Validating filosofia/example.wlk","timeElapsed":124,"timestamp":"2024-11-06T16:40:06.039Z"}
{"level":"info","message":"⌛ Validating filosofia/example.wlk","timeElapsed":150,"timestamp":"2024-11-06T16:40:06.397Z"}
{"level":"info","message":"⌛ Validating filosofia/example.wlk","timeElapsed":146,"timestamp":"2024-11-06T16:40:06.543Z"}
{"level":"info","message":"⌛ Validating filosofia/example.wlk","timeElapsed":113,"timestamp":"2024-11-06T16:40:07.036Z"}
{"level":"info","message":"⌛ Validating filosofia/example.wlk","timeElapsed":101,"timestamp":"2024-11-06T16:40:07.231Z"}
{"level":"info","message":"⌛ Validating filosofia/example.wlk","timeElapsed":104,"timestamp":"2024-11-06T16:40:07.658Z"}
{"level":"info","message":"⌛ Validating filosofia/example.wlk","timeElapsed":116,"timestamp":"2024-11-06T16:40:11.064Z"}
{"level":"info","message":"⌛ Validating filosofia/example.wlk","timeElapsed":103,"timestamp":"2024-11-06T16:40:11.697Z"}
{"level":"info","message":"⌛ Validating filosofia/example.wlk","timeElapsed":102,"timestamp":"2024-11-06T16:40:12.527Z"}
{"level":"info","message":"⌛ Building environment","timeElapsed":112,"timestamp":"2024-11-06T16:40:13.851Z"}
{"level":"error","message":"✘ Completions for node failed: Error: [Send]{dc118a} at filosofia/example.wlk:4 exhausted all cases without a match [Send]{dc118a} at filosofia/example.wlk:4 exhausted all cases without a match","stack":"Error: [Send]{dc118a} at filosofia/example.wlk:4 exhausted all cases without a match\n    at c:\\Users\\Martin Aguirre\\.vscode\\extensions\\uqbar.wollok-lsp-ide-0.3.6\\out\\server\\src\\server.js:38:6067\n    at yh (c:\\Users\\Martin Aguirre\\.vscode\\extensions\\uqbar.wollok-lsp-ide-0.3.6\\out\\server\\src\\server.js:2291:42)\n    at kh (c:\\Users\\Martin Aguirre\\.vscode\\extensions\\uqbar.wollok-lsp-ide-0.3.6\\out\\server\\src\\server.js:2291:1004)\n    at Y5n (c:\\Users\\Martin Aguirre\\.vscode\\extensions\\uqbar.wollok-lsp-ide-0.3.6\\out\\server\\src\\server.js:2291:1160)\n    at c:\\Users\\Martin Aguirre\\.vscode\\extensions\\uqbar.wollok-lsp-ide-0.3.6\\out\\server\\src\\server.js:38:6056\n    at yh (c:\\Users\\Martin Aguirre\\.vscode\\extensions\\uqbar.wollok-lsp-ide-0.3.6\\out\\server\\src\\server.js:2291:42)\n    at c:\\Users\\Martin Aguirre\\.vscode\\extensions\\uqbar.wollok-lsp-ide-0.3.6\\out\\server\\src\\server.js:2291:2700\n    at c:\\Users\\Martin Aguirre\\.vscode\\extensions\\uqbar.wollok-lsp-ide-0.3.6\\out\\server\\src\\server.js:2298:3774\n    at c:\\Users\\Martin Aguirre\\.vscode\\extensions\\uqbar.wollok-lsp-ide-0.3.6\\out\\server\\src\\server.js:37:74872\n    at Fe (c:\\Users\\Martin Aguirre\\.vscode\\extensions\\uqbar.wollok-lsp-ide-0.3.6\\out\\server\\src\\server.js:7:8527)","timestamp":"2024-11-06T16:40:13.868Z"}
{"level":"error","message":"✘ Completions for node failed: Error: [Return]{1f18cc} at filosofia/example.wlk:-- exhausted all cases without a match [Return]{1f18cc} at filosofia/example.wlk:-- exhausted all cases without a match","stack":"Error: [Return]{1f18cc} at filosofia/example.wlk:-- exhausted all cases without a match\n    at c:\\Users\\Martin Aguirre\\.vscode\\extensions\\uqbar.wollok-lsp-ide-0.3.6\\out\\server\\src\\server.js:38:6067\n    at yh (c:\\Users\\Martin Aguirre\\.vscode\\extensions\\uqbar.wollok-lsp-ide-0.3.6\\out\\server\\src\\server.js:2291:42)\n    at kh (c:\\Users\\Martin Aguirre\\.vscode\\extensions\\uqbar.wollok-lsp-ide-0.3.6\\out\\server\\src\\server.js:2291:1004)\n    at yh (c:\\Users\\Martin Aguirre\\.vscode\\extensions\\uqbar.wollok-lsp-ide-0.3.6\\out\\server\\src\\server.js:2291:456)\n    at kh (c:\\Users\\Martin Aguirre\\.vscode\\extensions\\uqbar.wollok-lsp-ide-0.3.6\\out\\server\\src\\server.js:2291:1004)\n    at Y5n (c:\\Users\\Martin Aguirre\\.vscode\\extensions\\uqbar.wollok-lsp-ide-0.3.6\\out\\server\\src\\server.js:2291:1160)\n    at c:\\Users\\Martin Aguirre\\.vscode\\extensions\\uqbar.wollok-lsp-ide-0.3.6\\out\\server\\src\\server.js:38:6056\n    at yh (c:\\Users\\Martin Aguirre\\.vscode\\extensions\\uqbar.wollok-lsp-ide-0.3.6\\out\\server\\src\\server.js:2291:42)\n    at c:\\Users\\Martin Aguirre\\.vscode\\extensions\\uqbar.wollok-lsp-ide-0.3.6\\out\\server\\src\\server.js:2291:2700\n    at c:\\Users\\Martin Aguirre\\.vscode\\extensions\\uqbar.wollok-lsp-ide-0.3.6\\out\\server\\src\\server.js:2298:3774","timestamp":"2024-11-06T16:40:13.868Z"}
{"level":"info","message":"⌛ Validating filosofia/example.wlk","timeElapsed":105,"timestamp":"2024-11-06T16:40:13.978Z"}
{"level":"info","message":"onRequest - completionItem/resolve","timestamp":"2024-11-06T16:40:13.980Z"}
{"level":"info","message":"onRequest - completionItem/resolve","timestamp":"2024-11-06T16:40:14.056Z"}
{"level":"error","message":"✘ Completions for node failed: Error: [Send]{e79b9b} at filosofia/example.wlk:4 exhausted all cases without a match [Send]{e79b9b} at filosofia/example.wlk:4 exhausted all cases without a match","stack":"Error: [Send]{e79b9b} at filosofia/example.wlk:4 exhausted all cases without a match\n    at c:\\Users\\Martin Aguirre\\.vscode\\extensions\\uqbar.wollok-lsp-ide-0.3.6\\out\\server\\src\\server.js:38:6067\n    at yh (c:\\Users\\Martin Aguirre\\.vscode\\extensions\\uqbar.wollok-lsp-ide-0.3.6\\out\\server\\src\\server.js:2291:42)\n    at kh (c:\\Users\\Martin Aguirre\\.vscode\\extensions\\uqbar.wollok-lsp-ide-0.3.6\\out\\server\\src\\server.js:2291:1004)\n    at Y5n (c:\\Users\\Martin Aguirre\\.vscode\\extensions\\uqbar.wollok-lsp-ide-0.3.6\\out\\server\\src\\server.js:2291:1160)\n    at c:\\Users\\Martin Aguirre\\.vscode\\extensions\\uqbar.wollok-lsp-ide-0.3.6\\out\\server\\src\\server.js:38:6056\n    at yh (c:\\Users\\Martin Aguirre\\.vscode\\extensions\\uqbar.wollok-lsp-ide-0.3.6\\out\\server\\src\\server.js:2291:42)\n    at c:\\Users\\Martin Aguirre\\.vscode\\extensions\\uqbar.wollok-lsp-ide-0.3.6\\out\\server\\src\\server.js:2291:2700\n    at c:\\Users\\Martin Aguirre\\.vscode\\extensions\\uqbar.wollok-lsp-ide-0.3.6\\out\\server\\src\\server.js:2298:3774\n    at c:\\Users\\Martin Aguirre\\.vscode\\extensions\\uqbar.wollok-lsp-ide-0.3.6\\out\\server\\src\\server.js:37:74872\n    at Fe (c:\\Users\\Martin Aguirre\\.vscode\\extensions\\uqbar.wollok-lsp-ide-0.3.6\\out\\server\\src\\server.js:7:8527)","timestamp":"2024-11-06T16:40:14.152Z"}
{"level":"error","message":"✘ Completions for node failed: Error: [Return]{b3af15} at filosofia/example.wlk:-- exhausted all cases without a match [Return]{b3af15} at filosofia/example.wlk:-- exhausted all cases without a match","stack":"Error: [Return]{b3af15} at filosofia/example.wlk:-- exhausted all cases without a match\n    at c:\\Users\\Martin Aguirre\\.vscode\\extensions\\uqbar.wollok-lsp-ide-0.3.6\\out\\server\\src\\server.js:38:6067\n    at yh (c:\\Users\\Martin Aguirre\\.vscode\\extensions\\uqbar.wollok-lsp-ide-0.3.6\\out\\server\\src\\server.js:2291:42)\n    at kh (c:\\Users\\Martin Aguirre\\.vscode\\extensions\\uqbar.wollok-lsp-ide-0.3.6\\out\\server\\src\\server.js:2291:1004)\n    at yh (c:\\Users\\Martin Aguirre\\.vscode\\extensions\\uqbar.wollok-lsp-ide-0.3.6\\out\\server\\src\\server.js:2291:456)\n    at kh (c:\\Users\\Martin Aguirre\\.vscode\\extensions\\uqbar.wollok-lsp-ide-0.3.6\\out\\server\\src\\server.js:2291:1004)\n    at Y5n (c:\\Users\\Martin Aguirre\\.vscode\\extensions\\uqbar.wollok-lsp-ide-0.3.6\\out\\server\\src\\server.js:2291:1160)\n    at c:\\Users\\Martin Aguirre\\.vscode\\extensions\\uqbar.wollok-lsp-ide-0.3.6\\out\\server\\src\\server.js:38:6056\n    at yh (c:\\Users\\Martin Aguirre\\.vscode\\extensions\\uqbar.wollok-lsp-ide-0.3.6\\out\\server\\src\\server.js:2291:42)\n    at c:\\Users\\Martin Aguirre\\.vscode\\extensions\\uqbar.wollok-lsp-ide-0.3.6\\out\\server\\src\\server.js:2291:2700\n    at c:\\Users\\Martin Aguirre\\.vscode\\extensions\\uqbar.wollok-lsp-ide-0.3.6\\out\\server\\src\\server.js:2298:3774","timestamp":"2024-11-06T16:40:14.152Z"}
{"level":"info","message":"⌛ Validating filosofia/example.wlk","timeElapsed":127,"timestamp":"2024-11-06T16:40:14.434Z"}
{"level":"error","message":"✘ Completions for node failed: Error: [Send]{8d3b28} at filosofia/example.wlk:4 exhausted all cases without a match [Send]{8d3b28} at filosofia/example.wlk:4 exhausted all cases without a match","stack":"Error: [Send]{8d3b28} at filosofia/example.wlk:4 exhausted all cases without a match\n    at c:\\Users\\Martin Aguirre\\.vscode\\extensions\\uqbar.wollok-lsp-ide-0.3.6\\out\\server\\src\\server.js:38:6067\n    at yh (c:\\Users\\Martin Aguirre\\.vscode\\extensions\\uqbar.wollok-lsp-ide-0.3.6\\out\\server\\src\\server.js:2291:42)\n    at kh (c:\\Users\\Martin Aguirre\\.vscode\\extensions\\uqbar.wollok-lsp-ide-0.3.6\\out\\server\\src\\server.js:2291:1004)\n    at Y5n (c:\\Users\\Martin Aguirre\\.vscode\\extensions\\uqbar.wollok-lsp-ide-0.3.6\\out\\server\\src\\server.js:2291:1160)\n    at c:\\Users\\Martin Aguirre\\.vscode\\extensions\\uqbar.wollok-lsp-ide-0.3.6\\out\\server\\src\\server.js:38:6056\n    at yh (c:\\Users\\Martin Aguirre\\.vscode\\extensions\\uqbar.wollok-lsp-ide-0.3.6\\out\\server\\src\\server.js:2291:42)\n    at c:\\Users\\Martin Aguirre\\.vscode\\extensions\\uqbar.wollok-lsp-ide-0.3.6\\out\\server\\src\\server.js:2291:2700\n    at c:\\Users\\Martin Aguirre\\.vscode\\extensions\\uqbar.wollok-lsp-ide-0.3.6\\out\\server\\src\\server.js:2298:3774\n    at c:\\Users\\Martin Aguirre\\.vscode\\extensions\\uqbar.wollok-lsp-ide-0.3.6\\out\\server\\src\\server.js:37:74872\n    at Fe (c:\\Users\\Martin Aguirre\\.vscode\\extensions\\uqbar.wollok-lsp-ide-0.3.6\\out\\server\\src\\server.js:7:8527)","timestamp":"2024-11-06T16:40:14.653Z"}
{"level":"error","message":"✘ Completions for node failed: Error: [Return]{f16b7f} at filosofia/example.wlk:-- exhausted all cases without a match [Return]{f16b7f} at filosofia/example.wlk:-- exhausted all cases without a match","stack":"Error: [Return]{f16b7f} at filosofia/example.wlk:-- exhausted all cases without a match\n    at c:\\Users\\Martin Aguirre\\.vscode\\extensions\\uqbar.wollok-lsp-ide-0.3.6\\out\\server\\src\\server.js:38:6067\n    at yh (c:\\Users\\Martin Aguirre\\.vscode\\extensions\\uqbar.wollok-lsp-ide-0.3.6\\out\\server\\src\\server.js:2291:42)\n    at kh (c:\\Users\\Martin Aguirre\\.vscode\\extensions\\uqbar.wollok-lsp-ide-0.3.6\\out\\server\\src\\server.js:2291:1004)\n    at yh (c:\\Users\\Martin Aguirre\\.vscode\\extensions\\uqbar.wollok-lsp-ide-0.3.6\\out\\server\\src\\server.js:2291:456)\n    at kh (c:\\Users\\Martin Aguirre\\.vscode\\extensions\\uqbar.wollok-lsp-ide-0.3.6\\out\\server\\src\\server.js:2291:1004)\n    at Y5n (c:\\Users\\Martin Aguirre\\.vscode\\extensions\\uqbar.wollok-lsp-ide-0.3.6\\out\\server\\src\\server.js:2291:1160)\n    at c:\\Users\\Martin Aguirre\\.vscode\\extensions\\uqbar.wollok-lsp-ide-0.3.6\\out\\server\\src\\server.js:38:6056\n    at yh (c:\\Users\\Martin Aguirre\\.vscode\\extensions\\uqbar.wollok-lsp-ide-0.3.6\\out\\server\\src\\server.js:2291:42)\n    at c:\\Users\\Martin Aguirre\\.vscode\\extensions\\uqbar.wollok-lsp-ide-0.3.6\\out\\server\\src\\server.js:2291:2700\n    at c:\\Users\\Martin Aguirre\\.vscode\\extensions\\uqbar.wollok-lsp-ide-0.3.6\\out\\server\\src\\server.js:2298:3774","timestamp":"2024-11-06T16:40:14.654Z"}
{"level":"info","message":"⌛ Validating filosofia/example.wlk","timeElapsed":116,"timestamp":"2024-11-06T16:40:14.829Z"}
{"level":"info","message":"⌛ Validating filosofia/example.wlk","timeElapsed":110,"timestamp":"2024-11-06T16:40:24.879Z"}
{"level":"info","message":"⌛ Validating filosofia/example.wlk","timeElapsed":102,"timestamp":"2024-11-06T16:40:25.199Z"}
{"level":"info","message":"⌛ Building environment","timeElapsed":121,"timestamp":"2024-11-06T16:40:25.648Z"}
{"level":"info","message":"⌛ Validating filosofia/example.wlk","timeElapsed":146,"timestamp":"2024-11-06T16:40:25.938Z"}
{"level":"info","message":"onRequest - completionItem/resolve","timestamp":"2024-11-06T16:40:26.023Z"}
{"level":"info","message":"onRequest - completionItem/resolve","timestamp":"2024-11-06T16:40:26.084Z"}
{"level":"info","message":"⌛ Validating filosofia/example.wlk","timeElapsed":134,"timestamp":"2024-11-06T16:40:26.218Z"}
{"level":"info","message":"onRequest - completionItem/resolve","timestamp":"2024-11-06T16:40:26.290Z"}
{"level":"info","message":"⌛ Building environment","timeElapsed":122,"timestamp":"2024-11-06T16:40:26.412Z"}
{"level":"info","message":"onRequest - completionItem/resolve","timestamp":"2024-11-06T16:40:26.412Z"}
{"level":"info","message":"⌛ Validating filosofia/example.wlk","timeElapsed":119,"timestamp":"2024-11-06T16:40:26.532Z"}
{"level":"info","message":"⌛ Validating filosofia/example.wlk","timeElapsed":106,"timestamp":"2024-11-06T16:40:26.638Z"}
{"level":"error","message":"✘ Completions for node failed: Error: filosofia.example.Filosofo.no [Field]{ce33d4} at filosofia/example.wlk:3 exhausted all cases without a match filosofia.example.Filosofo.no [Field]{ce33d4} at filosofia/example.wlk:3 exhausted all cases without a match","stack":"Error: filosofia.example.Filosofo.no [Field]{ce33d4} at filosofia/example.wlk:3 exhausted all cases without a match\n    at c:\\Users\\Martin Aguirre\\.vscode\\extensions\\uqbar.wollok-lsp-ide-0.3.6\\out\\server\\src\\server.js:38:6067\n    at yh (c:\\Users\\Martin Aguirre\\.vscode\\extensions\\uqbar.wollok-lsp-ide-0.3.6\\out\\server\\src\\server.js:2291:42)\n    at c:\\Users\\Martin Aguirre\\.vscode\\extensions\\uqbar.wollok-lsp-ide-0.3.6\\out\\server\\src\\server.js:2291:2700\n    at c:\\Users\\Martin Aguirre\\.vscode\\extensions\\uqbar.wollok-lsp-ide-0.3.6\\out\\server\\src\\server.js:2298:3774\n    at c:\\Users\\Martin Aguirre\\.vscode\\extensions\\uqbar.wollok-lsp-ide-0.3.6\\out\\server\\src\\server.js:37:74872\n    at Fe (c:\\Users\\Martin Aguirre\\.vscode\\extensions\\uqbar.wollok-lsp-ide-0.3.6\\out\\server\\src\\server.js:7:8527)\n    at Pt (c:\\Users\\Martin Aguirre\\.vscode\\extensions\\uqbar.wollok-lsp-ide-0.3.6\\out\\server\\src\\server.js:7:6189)\n    at Gi (c:\\Users\\Martin Aguirre\\.vscode\\extensions\\uqbar.wollok-lsp-ide-0.3.6\\out\\server\\src\\server.js:7:6378)\n    at Immediate._onImmediate (c:\\Users\\Martin Aguirre\\.vscode\\extensions\\uqbar.wollok-lsp-ide-0.3.6\\out\\server\\src\\server.js:7:6142)\n    at process.processImmediate (node:internal/timers:483:21)","timestamp":"2024-11-06T16:40:26.780Z"}
{"level":"info","message":"⌛ Validating filosofia/example.wlk","timeElapsed":108,"timestamp":"2024-11-06T16:40:27.299Z"}
{"level":"info","message":"⌛ Validating filosofia/example.wlk","timeElapsed":119,"timestamp":"2024-11-06T16:40:27.418Z"}
{"level":"info","message":"⌛ Validating filosofia/example.wlk","timeElapsed":115,"timestamp":"2024-11-06T16:40:27.538Z"}
{"level":"info","message":"⌛ Validating filosofia/example.wlk","timeElapsed":108,"timestamp":"2024-11-06T16:40:27.647Z"}
{"level":"info","message":"⌛ Validating filosofia/example.wlk","timeElapsed":107,"timestamp":"2024-11-06T16:40:27.756Z"}
{"level":"info","message":"⌛ Validating filosofia/example.wlk","timeElapsed":138,"timestamp":"2024-11-06T16:40:27.894Z"}
{"level":"info","message":"⌛ Validating filosofia/example.wlk","timeElapsed":144,"timestamp":"2024-11-06T16:40:29.123Z"}
{"level":"info","message":"onRequest - completionItem/resolve","timestamp":"2024-11-06T16:40:29.124Z"}
{"level":"info","message":"onRequest - completionItem/resolve","timestamp":"2024-11-06T16:40:29.188Z"}
{"level":"info","message":"onRequest - completionItem/resolve","timestamp":"2024-11-06T16:40:29.259Z"}
{"level":"info","message":"⌛ Building environment","timeElapsed":212,"timestamp":"2024-11-06T16:40:29.472Z"}
{"level":"info","message":"onRequest - completionItem/resolve","timestamp":"2024-11-06T16:40:29.473Z"}
{"level":"info","message":"⌛ Validating filosofia/example.wlk","timeElapsed":133,"timestamp":"2024-11-06T16:40:29.606Z"}
{"level":"info","message":"⌛ Validating filosofia/example.wlk","timeElapsed":116,"timestamp":"2024-11-06T16:40:29.791Z"}
{"level":"info","message":"onRequest - completionItem/resolve","timestamp":"2024-11-06T16:40:29.792Z"}
{"level":"info","message":"onRequest - completionItem/resolve","timestamp":"2024-11-06T16:40:29.860Z"}
{"level":"info","message":"⌛ Validating filosofia/example.wlk","timeElapsed":114,"timestamp":"2024-11-06T16:40:29.974Z"}
{"level":"info","message":"⌛ Validating filosofia/example.wlk","timeElapsed":120,"timestamp":"2024-11-06T16:40:30.179Z"}
{"level":"error","message":"✘ Completions for node failed: Error: filosofia.example.Filosofo.hn [Field]{98522b} at filosofia/example.wlk:4 exhausted all cases without a match filosofia.example.Filosofo.hn [Field]{98522b} at filosofia/example.wlk:4 exhausted all cases without a match","stack":"Error: filosofia.example.Filosofo.hn [Field]{98522b} at filosofia/example.wlk:4 exhausted all cases without a match\n    at c:\\Users\\Martin Aguirre\\.vscode\\extensions\\uqbar.wollok-lsp-ide-0.3.6\\out\\server\\src\\server.js:38:6067\n    at yh (c:\\Users\\Martin Aguirre\\.vscode\\extensions\\uqbar.wollok-lsp-ide-0.3.6\\out\\server\\src\\server.js:2291:42)\n    at c:\\Users\\Martin Aguirre\\.vscode\\extensions\\uqbar.wollok-lsp-ide-0.3.6\\out\\server\\src\\server.js:2291:2700\n    at c:\\Users\\Martin Aguirre\\.vscode\\extensions\\uqbar.wollok-lsp-ide-0.3.6\\out\\server\\src\\server.js:2298:3774\n    at c:\\Users\\Martin Aguirre\\.vscode\\extensions\\uqbar.wollok-lsp-ide-0.3.6\\out\\server\\src\\server.js:37:74872\n    at Fe (c:\\Users\\Martin Aguirre\\.vscode\\extensions\\uqbar.wollok-lsp-ide-0.3.6\\out\\server\\src\\server.js:7:8527)\n    at Pt (c:\\Users\\Martin Aguirre\\.vscode\\extensions\\uqbar.wollok-lsp-ide-0.3.6\\out\\server\\src\\server.js:7:6189)\n    at Gi (c:\\Users\\Martin Aguirre\\.vscode\\extensions\\uqbar.wollok-lsp-ide-0.3.6\\out\\server\\src\\server.js:7:6378)\n    at Immediate._onImmediate (c:\\Users\\Martin Aguirre\\.vscode\\extensions\\uqbar.wollok-lsp-ide-0.3.6\\out\\server\\src\\server.js:7:6142)\n    at process.processImmediate (node:internal/timers:483:21)","timestamp":"2024-11-06T16:40:30.263Z"}
{"level":"info","message":"⌛ Validating filosofia/example.wlk","timeElapsed":118,"timestamp":"2024-11-06T16:40:30.381Z"}
{"level":"info","message":"⌛ Validating filosofia/example.wlk","timeElapsed":109,"timestamp":"2024-11-06T16:40:31.183Z"}
{"level":"error","message":"✘ Completions for node failed: Error: filosofia.example.Filosofo.ho [Field]{ad2063} at filosofia/example.wlk:4 exhausted all cases without a match filosofia.example.Filosofo.ho [Field]{ad2063} at filosofia/example.wlk:4 exhausted all cases without a match","stack":"Error: filosofia.example.Filosofo.ho [Field]{ad2063} at filosofia/example.wlk:4 exhausted all cases without a match\n    at c:\\Users\\Martin Aguirre\\.vscode\\extensions\\uqbar.wollok-lsp-ide-0.3.6\\out\\server\\src\\server.js:38:6067\n    at yh (c:\\Users\\Martin Aguirre\\.vscode\\extensions\\uqbar.wollok-lsp-ide-0.3.6\\out\\server\\src\\server.js:2291:42)\n    at c:\\Users\\Martin Aguirre\\.vscode\\extensions\\uqbar.wollok-lsp-ide-0.3.6\\out\\server\\src\\server.js:2291:2700\n    at c:\\Users\\Martin Aguirre\\.vscode\\extensions\\uqbar.wollok-lsp-ide-0.3.6\\out\\server\\src\\server.js:2298:3774\n    at c:\\Users\\Martin Aguirre\\.vscode\\extensions\\uqbar.wollok-lsp-ide-0.3.6\\out\\server\\src\\server.js:37:74872\n    at Fe (c:\\Users\\Martin Aguirre\\.vscode\\extensions\\uqbar.wollok-lsp-ide-0.3.6\\out\\server\\src\\server.js:7:8527)\n    at Pt (c:\\Users\\Martin Aguirre\\.vscode\\extensions\\uqbar.wollok-lsp-ide-0.3.6\\out\\server\\src\\server.js:7:6189)\n    at Gi (c:\\Users\\Martin Aguirre\\.vscode\\extensions\\uqbar.wollok-lsp-ide-0.3.6\\out\\server\\src\\server.js:7:6378)\n    at Immediate._onImmediate (c:\\Users\\Martin Aguirre\\.vscode\\extensions\\uqbar.wollok-lsp-ide-0.3.6\\out\\server\\src\\server.js:7:6142)\n    at process.processImmediate (node:internal/timers:483:21)","timestamp":"2024-11-06T16:40:31.279Z"}
{"level":"info","message":"⌛ Validating filosofia/example.wlk","timeElapsed":139,"timestamp":"2024-11-06T16:40:31.796Z"}
{"level":"error","message":"✘ Completions for node failed: Error: filosofia.example.Filosofo.honor [Field]{70eea8} at filosofia/example.wlk:4 exhausted all cases without a match filosofia.example.Filosofo.honor [Field]{70eea8} at filosofia/example.wlk:4 exhausted all cases without a match","stack":"Error: filosofia.example.Filosofo.honor [Field]{70eea8} at filosofia/example.wlk:4 exhausted all cases without a match\n    at c:\\Users\\Martin Aguirre\\.vscode\\extensions\\uqbar.wollok-lsp-ide-0.3.6\\out\\server\\src\\server.js:38:6067\n    at yh (c:\\Users\\Martin Aguirre\\.vscode\\extensions\\uqbar.wollok-lsp-ide-0.3.6\\out\\server\\src\\server.js:2291:42)\n    at c:\\Users\\Martin Aguirre\\.vscode\\extensions\\uqbar.wollok-lsp-ide-0.3.6\\out\\server\\src\\server.js:2291:2700\n    at c:\\Users\\Martin Aguirre\\.vscode\\extensions\\uqbar.wollok-lsp-ide-0.3.6\\out\\server\\src\\server.js:2298:3774\n    at c:\\Users\\Martin Aguirre\\.vscode\\extensions\\uqbar.wollok-lsp-ide-0.3.6\\out\\server\\src\\server.js:37:74872\n    at Fe (c:\\Users\\Martin Aguirre\\.vscode\\extensions\\uqbar.wollok-lsp-ide-0.3.6\\out\\server\\src\\server.js:7:8527)\n    at Pt (c:\\Users\\Martin Aguirre\\.vscode\\extensions\\uqbar.wollok-lsp-ide-0.3.6\\out\\server\\src\\server.js:7:6189)\n    at Gi (c:\\Users\\Martin Aguirre\\.vscode\\extensions\\uqbar.wollok-lsp-ide-0.3.6\\out\\server\\src\\server.js:7:6378)\n    at Immediate._onImmediate (c:\\Users\\Martin Aguirre\\.vscode\\extensions\\uqbar.wollok-lsp-ide-0.3.6\\out\\server\\src\\server.js:7:6142)\n    at process.processImmediate (node:internal/timers:483:21)","timestamp":"2024-11-06T16:40:31.903Z"}
{"level":"info","message":"⌛ Validating filosofia/example.wlk","timeElapsed":108,"timestamp":"2024-11-06T16:40:32.069Z"}
{"level":"info","message":"⌛ Building environment","timeElapsed":111,"timestamp":"2024-11-06T16:40:32.340Z"}
{"level":"info","message":"⌛ Validating filosofia/example.wlk","timeElapsed":137,"timestamp":"2024-11-06T16:40:32.582Z"}
{"level":"info","message":"⌛ Validating filosofia/example.wlk","timeElapsed":122,"timestamp":"2024-11-06T16:40:32.705Z"}
{"level":"error","message":"✘ Completions for node failed: Error: filosofia.example.Filosofo.honorifico [Field]{ea7052} at filosofia/example.wlk:4 exhausted all cases without a match filosofia.example.Filosofo.honorifico [Field]{ea7052} at filosofia/example.wlk:4 exhausted all cases without a match","stack":"Error: filosofia.example.Filosofo.honorifico [Field]{ea7052} at filosofia/example.wlk:4 exhausted all cases without a match\n    at c:\\Users\\Martin Aguirre\\.vscode\\extensions\\uqbar.wollok-lsp-ide-0.3.6\\out\\server\\src\\server.js:38:6067\n    at yh (c:\\Users\\Martin Aguirre\\.vscode\\extensions\\uqbar.wollok-lsp-ide-0.3.6\\out\\server\\src\\server.js:2291:42)\n    at c:\\Users\\Martin Aguirre\\.vscode\\extensions\\uqbar.wollok-lsp-ide-0.3.6\\out\\server\\src\\server.js:2291:2700\n    at c:\\Users\\Martin Aguirre\\.vscode\\extensions\\uqbar.wollok-lsp-ide-0.3.6\\out\\server\\src\\server.js:2298:3774\n    at c:\\Users\\Martin Aguirre\\.vscode\\extensions\\uqbar.wollok-lsp-ide-0.3.6\\out\\server\\src\\server.js:37:74872\n    at Fe (c:\\Users\\Martin Aguirre\\.vscode\\extensions\\uqbar.wollok-lsp-ide-0.3.6\\out\\server\\src\\server.js:7:8527)\n    at Pt (c:\\Users\\Martin Aguirre\\.vscode\\extensions\\uqbar.wollok-lsp-ide-0.3.6\\out\\server\\src\\server.js:7:6189)\n    at Gi (c:\\Users\\Martin Aguirre\\.vscode\\extensions\\uqbar.wollok-lsp-ide-0.3.6\\out\\server\\src\\server.js:7:6378)\n    at Immediate._onImmediate (c:\\Users\\Martin Aguirre\\.vscode\\extensions\\uqbar.wollok-lsp-ide-0.3.6\\out\\server\\src\\server.js:7:6142)\n    at process.processImmediate (node:internal/timers:483:21)","timestamp":"2024-11-06T16:40:32.811Z"}
{"level":"info","message":"⌛ Validating filosofia/example.wlk","timeElapsed":124,"timestamp":"2024-11-06T16:40:33.080Z"}
{"level":"info","message":"⌛ Validating filosofia/example.wlk","timeElapsed":120,"timestamp":"2024-11-06T16:40:33.203Z"}
{"level":"info","message":"⌛ Validating filosofia/example.wlk","timeElapsed":114,"timestamp":"2024-11-06T16:40:33.410Z"}
{"level":"info","message":"⌛ Building environment","timeElapsed":140,"timestamp":"2024-11-06T16:40:33.552Z"}
{"level":"info","message":"⌛ Validating filosofia/example.wlk","timeElapsed":106,"timestamp":"2024-11-06T16:40:33.829Z"}
{"level":"info","message":"⌛ Validating filosofia/example.wlk","timeElapsed":108,"timestamp":"2024-11-06T16:40:39.302Z"}
{"level":"info","message":"onRequest - completionItem/resolve","timestamp":"2024-11-06T16:40:39.304Z"}
{"level":"info","message":"onRequest - completionItem/resolve","timestamp":"2024-11-06T16:40:39.383Z"}
{"level":"info","message":"⌛ Validating filosofia/example.wlk","timeElapsed":119,"timestamp":"2024-11-06T16:40:39.502Z"}
{"level":"info","message":"onRequest - completionItem/resolve","timestamp":"2024-11-06T16:40:39.575Z"}
{"level":"info","message":"⌛ Building environment","timeElapsed":125,"timestamp":"2024-11-06T16:40:39.701Z"}
{"level":"info","message":"onRequest - completionItem/resolve","timestamp":"2024-11-06T16:40:39.702Z"}
{"level":"info","message":"onRequest - completionItem/resolve","timestamp":"2024-11-06T16:40:39.758Z"}
{"level":"info","message":"⌛ Validating filosofia/example.wlk","timeElapsed":106,"timestamp":"2024-11-06T16:40:40.137Z"}
{"level":"info","message":"onRequest - completionItem/resolve","timestamp":"2024-11-06T16:40:41.140Z"}
{"level":"info","message":"onRequest - completionItem/resolve","timestamp":"2024-11-06T16:40:42.045Z"}
{"level":"info","message":"onRequest - completionItem/resolve","timestamp":"2024-11-06T16:40:42.106Z"}
{"level":"info","message":"⌛ Validating filosofia/example.wlk","timeElapsed":107,"timestamp":"2024-11-06T16:40:42.213Z"}
{"level":"info","message":"⌛ Validating filosofia/example.wlk","timeElapsed":184,"timestamp":"2024-11-06T16:40:42.398Z"}
{"level":"info","message":"onRequest - completionItem/resolve","timestamp":"2024-11-06T16:40:42.459Z"}
{"level":"info","message":"onRequest - completionItem/resolve","timestamp":"2024-11-06T16:40:42.518Z"}
{"level":"info","message":"onRequest - completionItem/resolve","timestamp":"2024-11-06T16:40:42.574Z"}
{"level":"info","message":"onRequest - completionItem/resolve","timestamp":"2024-11-06T16:40:42.861Z"}
{"level":"info","message":"⌛ Validating filosofia/example.wlk","timeElapsed":102,"timestamp":"2024-11-06T16:40:43.027Z"}
{"level":"info","message":"⌛ Validating filosofia/example.wlk","timeElapsed":121,"timestamp":"2024-11-06T16:40:43.560Z"}
{"level":"info","message":"⌛ Validating filosofia/example.wlk","timeElapsed":131,"timestamp":"2024-11-06T16:40:43.849Z"}
{"level":"info","message":"⌛ Validating filosofia/example.wlk","timeElapsed":121,"timestamp":"2024-11-06T16:40:43.970Z"}
{"level":"info","message":"⌛ Validating filosofia/example.wlk","timeElapsed":121,"timestamp":"2024-11-06T16:40:44.259Z"}
{"level":"info","message":"⌛ Validating filosofia/example.wlk","timeElapsed":126,"timestamp":"2024-11-06T16:40:44.386Z"}
{"level":"info","message":"⌛ Validating filosofia/example.wlk","timeElapsed":117,"timestamp":"2024-11-06T16:40:44.958Z"}
{"level":"info","message":"⌛ Building environment","timeElapsed":314,"timestamp":"2024-11-06T16:40:45.426Z"}
{"level":"info","message":"⌛ Validating filosofia/example.wlk","timeElapsed":112,"timestamp":"2024-11-06T16:40:45.558Z"}
{"level":"info","message":"⌛ Validating filosofia/example.wlk","timeElapsed":140,"timestamp":"2024-11-06T16:40:45.699Z"}
{"level":"error","message":"✘ Completions for node failed: Error: [Return]{c87307} at filosofia/example.wlk:-- exhausted all cases without a match [Return]{c87307} at filosofia/example.wlk:-- exhausted all cases without a match","stack":"Error: [Return]{c87307} at filosofia/example.wlk:-- exhausted all cases without a match\n    at c:\\Users\\Martin Aguirre\\.vscode\\extensions\\uqbar.wollok-lsp-ide-0.3.6\\out\\server\\src\\server.js:38:6067\n    at yh (c:\\Users\\Martin Aguirre\\.vscode\\extensions\\uqbar.wollok-lsp-ide-0.3.6\\out\\server\\src\\server.js:2291:42)\n    at kh (c:\\Users\\Martin Aguirre\\.vscode\\extensions\\uqbar.wollok-lsp-ide-0.3.6\\out\\server\\src\\server.js:2291:1004)\n    at Y5n (c:\\Users\\Martin Aguirre\\.vscode\\extensions\\uqbar.wollok-lsp-ide-0.3.6\\out\\server\\src\\server.js:2291:1160)\n    at c:\\Users\\Martin Aguirre\\.vscode\\extensions\\uqbar.wollok-lsp-ide-0.3.6\\out\\server\\src\\server.js:38:6056\n    at yh (c:\\Users\\Martin Aguirre\\.vscode\\extensions\\uqbar.wollok-lsp-ide-0.3.6\\out\\server\\src\\server.js:2291:42)\n    at c:\\Users\\Martin Aguirre\\.vscode\\extensions\\uqbar.wollok-lsp-ide-0.3.6\\out\\server\\src\\server.js:2291:2700\n    at c:\\Users\\Martin Aguirre\\.vscode\\extensions\\uqbar.wollok-lsp-ide-0.3.6\\out\\server\\src\\server.js:2298:3774\n    at c:\\Users\\Martin Aguirre\\.vscode\\extensions\\uqbar.wollok-lsp-ide-0.3.6\\out\\server\\src\\server.js:37:74872\n    at Fe (c:\\Users\\Martin Aguirre\\.vscode\\extensions\\uqbar.wollok-lsp-ide-0.3.6\\out\\server\\src\\server.js:7:8527)","timestamp":"2024-11-06T16:40:45.917Z"}
{"level":"info","message":"⌛ Validating filosofia/example.wlk","timeElapsed":111,"timestamp":"2024-11-06T16:40:46.030Z"}
{"level":"info","message":"onRequest - completionItem/resolve","timestamp":"2024-11-06T16:40:46.030Z"}
{"level":"info","message":"onRequest - completionItem/resolve","timestamp":"2024-11-06T16:40:46.122Z"}
{"level":"info","message":"onRequest - completionItem/resolve","timestamp":"2024-11-06T16:40:46.211Z"}
{"level":"info","message":"⌛ Validating filosofia/example.wlk","timeElapsed":119,"timestamp":"2024-11-06T16:40:46.331Z"}
{"level":"info","message":"onRequest - completionItem/resolve","timestamp":"2024-11-06T16:40:46.400Z"}
{"level":"info","message":"⌛ Validating filosofia/example.wlk","timeElapsed":118,"timestamp":"2024-11-06T16:40:46.520Z"}
{"level":"info","message":"⌛ Building environment","timeElapsed":114,"timestamp":"2024-11-06T16:40:46.722Z"}
{"level":"info","message":"onRequest - completionItem/resolve","timestamp":"2024-11-06T16:40:46.723Z"}
{"level":"info","message":"⌛ Validating filosofia/example.wlk","timeElapsed":141,"timestamp":"2024-11-06T16:40:47.182Z"}
{"level":"info","message":"onRequest - completionItem/resolve","timestamp":"2024-11-06T16:40:47.185Z"}
{"level":"info","message":"onRequest - completionItem/resolve","timestamp":"2024-11-06T16:40:47.399Z"}
{"level":"info","message":"⌛ Validating filosofia/example.wlk","timeElapsed":105,"timestamp":"2024-11-06T16:40:47.505Z"}
{"level":"info","message":"onRequest - completionItem/resolve","timestamp":"2024-11-06T16:40:47.606Z"}
{"level":"info","message":"⌛ Validating filosofia/example.wlk","timeElapsed":111,"timestamp":"2024-11-06T16:40:47.719Z"}
{"level":"info","message":"⌛ Building environment","timeElapsed":113,"timestamp":"2024-11-06T16:40:50.999Z"}
{"level":"info","message":"⌛ Building environment","timeElapsed":174,"timestamp":"2024-11-06T16:41:21.874Z"}
{"level":"info","message":"⌛ Validating filosofia/example.wlk","timeElapsed":371,"timestamp":"2024-11-06T16:41:22.248Z"}
{"level":"info","message":"⌛ Building environment","timeElapsed":146,"timestamp":"2024-11-06T16:41:28.119Z"}
{"level":"info","message":"⌛ Validating filosofia/example.wlk","timeElapsed":213,"timestamp":"2024-11-06T16:41:28.335Z"}
{"level":"info","message":"⌛ Building environment","timeElapsed":108,"timestamp":"2024-11-06T16:43:40.298Z"}
{"level":"info","message":"⌛ Validating filosofia/example.wlk","timeElapsed":180,"timestamp":"2024-11-06T16:43:40.482Z"}
{"level":"info","message":"⌛ Building environment","timeElapsed":118,"timestamp":"2024-11-06T16:44:12.990Z"}
{"level":"info","message":"⌛ Validating filosofia/example.wlk","timeElapsed":196,"timestamp":"2024-11-06T16:44:13.189Z"}
{"level":"info","message":"⌛ Building environment","timeElapsed":110,"timestamp":"2024-11-06T16:44:13.300Z"}
{"level":"info","message":"⌛ Validating filosofia/example.wlk","timeElapsed":130,"timestamp":"2024-11-06T16:44:13.470Z"}
{"level":"info","message":"⌛ Building environment","timeElapsed":129,"timestamp":"2024-11-06T16:44:13.713Z"}
{"level":"info","message":"⌛ Building environment","timeElapsed":107,"timestamp":"2024-11-06T16:44:13.847Z"}
{"level":"info","message":"⌛ Validating filosofia/example.wlk","timeElapsed":235,"timestamp":"2024-11-06T16:44:14.084Z"}
{"level":"info","message":"onRequest - completionItem/resolve","timestamp":"2024-11-06T16:44:14.084Z"}
{"level":"info","message":"⌛ Building environment","timeElapsed":121,"timestamp":"2024-11-06T16:44:14.209Z"}
{"level":"info","message":"onRequest - completionItem/resolve","timestamp":"2024-11-06T16:44:14.210Z"}
{"level":"info","message":"⌛ Validating filosofia/example.wlk","timeElapsed":141,"timestamp":"2024-11-06T16:44:14.352Z"}
{"level":"info","message":"onRequest - completionItem/resolve","timestamp":"2024-11-06T16:44:14.454Z"}
{"level":"info","message":"⌛ Building environment","timeElapsed":127,"timestamp":"2024-11-06T16:44:14.581Z"}
{"level":"info","message":"onRequest - completionItem/resolve","timestamp":"2024-11-06T16:44:14.581Z"}
{"level":"error","message":"✘ Failed to rebuild document Failed to parse filosofia/example.wlk: \n-- PARSING FAILED --------------------------------------------------\n\n  10 |   method\n  11 | \n> 12 | }\n     | ^\n\nExpected one of the following: \n\n'!=', '!==', '%', '&&', '*', '**', '+', '-', '->', '..', '..<', '/', '<', '<<', '<<<', '<=', '<=>', '<>', '==', '===', '>', '>..', '>=', '>>', '>>>', '?:', 'and', 'invert', 'negate', 'or', 'plus', '||', identifier, whitespace\n","stack":"Error: Failed to parse filosofia/example.wlk: \n-- PARSING FAILED --------------------------------------------------\n\n  10 |   method\n  11 | \n> 12 | }\n     | ^\n\nExpected one of the following: \n\n'!=', '!==', '%', '&&', '*', '**', '+', '-', '->', '..', '..<', '/', '<', '<<', '<<<', '<=', '<=>', '<>', '==', '===', '>', '>..', '>=', '>>', '>>>', '?:', 'and', 'invert', 'negate', 'or', 'plus', '||', identifier, whitespace\n\n    at c:\\Users\\Martin Aguirre\\.vscode\\extensions\\uqbar.wollok-lsp-ide-0.3.6\\out\\server\\src\\server.js:2254:32415\n    at Array.map (<anonymous>)\n    at Jfn (c:\\Users\\Martin Aguirre\\.vscode\\extensions\\uqbar.wollok-lsp-ide-0.3.6\\out\\server\\src\\server.js:2254:32339)\n    at k2.buildEnvironmentFrom (c:\\Users\\Martin Aguirre\\.vscode\\extensions\\uqbar.wollok-lsp-ide-0.3.6\\out\\server\\src\\server.js:2285:6721)\n    at k2.updateEnvironmentWith (c:\\Users\\Martin Aguirre\\.vscode\\extensions\\uqbar.wollok-lsp-ide-0.3.6\\out\\server\\src\\server.js:2285:6456)\n    at jL (c:\\Users\\Martin Aguirre\\.vscode\\extensions\\uqbar.wollok-lsp-ide-0.3.6\\out\\server\\src\\server.js:2298:2292)\n    at v3.invoke (c:\\Users\\Martin Aguirre\\.vscode\\extensions\\uqbar.wollok-lsp-ide-0.3.6\\out\\server\\src\\server.js:3:157200)\n    at o.fire (c:\\Users\\Martin Aguirre\\.vscode\\extensions\\uqbar.wollok-lsp-ide-0.3.6\\out\\server\\src\\server.js:3:157970)\n    at c:\\Users\\Martin Aguirre\\.vscode\\extensions\\uqbar.wollok-lsp-ide-0.3.6\\out\\server\\src\\server.js:37:57871\n    at Vr (c:\\Users\\Martin Aguirre\\.vscode\\extensions\\uqbar.wollok-lsp-ide-0.3.6\\out\\server\\src\\server.js:8:1561)","timestamp":"2024-11-06T16:44:14.585Z"}
{"level":"info","message":"onRequest - completionItem/resolve","timestamp":"2024-11-06T16:44:14.597Z"}
{"level":"info","message":"⌛ Validating filosofia/example.wlk","timeElapsed":112,"timestamp":"2024-11-06T16:44:14.710Z"}
{"level":"info","message":"⌛ Validating filosofia/example.wlk","timeElapsed":105,"timestamp":"2024-11-06T16:44:14.826Z"}
{"level":"info","message":"⌛ Validating filosofia/example.wlk","timeElapsed":121,"timestamp":"2024-11-06T16:44:14.948Z"}
{"level":"info","message":"onRequest - completionItem/resolve","timestamp":"2024-11-06T16:44:15.202Z"}
{"level":"info","message":"⌛ Building environment","timeElapsed":119,"timestamp":"2024-11-06T16:44:16.247Z"}
{"level":"info","message":"⌛ Validating filosofia/example.wlk","timeElapsed":134,"timestamp":"2024-11-06T16:44:16.388Z"}
{"level":"info","message":"⌛ Validating filosofia/example.wlk","timeElapsed":173,"timestamp":"2024-11-06T16:44:17.211Z"}
{"level":"info","message":"⌛ Building environment","timeElapsed":113,"timestamp":"2024-11-06T16:44:17.327Z"}
{"level":"info","message":"⌛ Validating filosofia/example.wlk","timeElapsed":172,"timestamp":"2024-11-06T16:44:17.689Z"}
{"level":"info","message":"⌛ Validating filosofia/example.wlk","timeElapsed":165,"timestamp":"2024-11-06T16:44:17.852Z"}
{"level":"info","message":"⌛ Validating filosofia/example.wlk","timeElapsed":164,"timestamp":"2024-11-06T16:44:18.016Z"}
{"level":"info","message":"⌛ Building environment","timeElapsed":120,"timestamp":"2024-11-06T16:44:18.270Z"}
{"level":"info","message":"⌛ Validating filosofia/example.wlk","timeElapsed":170,"timestamp":"2024-11-06T16:44:18.440Z"}
{"level":"info","message":"⌛ Validating filosofia/example.wlk","timeElapsed":121,"timestamp":"2024-11-06T16:44:18.685Z"}
{"level":"info","message":"⌛ Validating filosofia/example.wlk","timeElapsed":180,"timestamp":"2024-11-06T16:44:18.955Z"}
{"level":"info","message":"⌛ Validating filosofia/example.wlk","timeElapsed":149,"timestamp":"2024-11-06T16:44:19.111Z"}
{"level":"info","message":"⌛ Building environment","timeElapsed":111,"timestamp":"2024-11-06T16:44:19.223Z"}
{"level":"info","message":"⌛ Building environment","timeElapsed":102,"timestamp":"2024-11-06T16:44:19.372Z"}
{"level":"info","message":"⌛ Validating filosofia/example.wlk","timeElapsed":171,"timestamp":"2024-11-06T16:44:19.637Z"}
{"level":"info","message":"⌛ Building environment","timeElapsed":129,"timestamp":"2024-11-06T16:44:19.864Z"}
{"level":"info","message":"⌛ Validating filosofia/example.wlk","timeElapsed":144,"timestamp":"2024-11-06T16:44:20.064Z"}
{"level":"info","message":"⌛ Validating filosofia/example.wlk","timeElapsed":195,"timestamp":"2024-11-06T16:44:20.263Z"}
{"level":"info","message":"⌛ Building environment","timeElapsed":146,"timestamp":"2024-11-06T16:44:20.410Z"}
{"level":"info","message":"⌛ Validating filosofia/example.wlk","timeElapsed":174,"timestamp":"2024-11-06T16:44:20.584Z"}
{"level":"info","message":"⌛ Building environment","timeElapsed":126,"timestamp":"2024-11-06T16:44:20.711Z"}
{"level":"info","message":"⌛ Validating filosofia/example.wlk","timeElapsed":144,"timestamp":"2024-11-06T16:44:20.856Z"}
{"level":"info","message":"⌛ Validating filosofia/example.wlk","timeElapsed":150,"timestamp":"2024-11-06T16:44:21.092Z"}
{"level":"info","message":"⌛ Validating filosofia/example.wlk","timeElapsed":182,"timestamp":"2024-11-06T16:44:21.275Z"}
{"level":"info","message":"⌛ Validating filosofia/example.wlk","timeElapsed":118,"timestamp":"2024-11-06T16:44:21.393Z"}
{"level":"error","message":"✘ Completions for node failed: Error: [Return]{7bebfe} at filosofia/example.wlk:-- exhausted all cases without a match [Return]{7bebfe} at filosofia/example.wlk:-- exhausted all cases without a match","stack":"Error: [Return]{7bebfe} at filosofia/example.wlk:-- exhausted all cases without a match\n    at c:\\Users\\Martin Aguirre\\.vscode\\extensions\\uqbar.wollok-lsp-ide-0.3.6\\out\\server\\src\\server.js:38:6067\n    at yh (c:\\Users\\Martin Aguirre\\.vscode\\extensions\\uqbar.wollok-lsp-ide-0.3.6\\out\\server\\src\\server.js:2291:42)\n    at kh (c:\\Users\\Martin Aguirre\\.vscode\\extensions\\uqbar.wollok-lsp-ide-0.3.6\\out\\server\\src\\server.js:2291:1004)\n    at Y5n (c:\\Users\\Martin Aguirre\\.vscode\\extensions\\uqbar.wollok-lsp-ide-0.3.6\\out\\server\\src\\server.js:2291:1160)\n    at c:\\Users\\Martin Aguirre\\.vscode\\extensions\\uqbar.wollok-lsp-ide-0.3.6\\out\\server\\src\\server.js:38:6056\n    at yh (c:\\Users\\Martin Aguirre\\.vscode\\extensions\\uqbar.wollok-lsp-ide-0.3.6\\out\\server\\src\\server.js:2291:42)\n    at c:\\Users\\Martin Aguirre\\.vscode\\extensions\\uqbar.wollok-lsp-ide-0.3.6\\out\\server\\src\\server.js:2291:2700\n    at c:\\Users\\Martin Aguirre\\.vscode\\extensions\\uqbar.wollok-lsp-ide-0.3.6\\out\\server\\src\\server.js:2298:3774\n    at c:\\Users\\Martin Aguirre\\.vscode\\extensions\\uqbar.wollok-lsp-ide-0.3.6\\out\\server\\src\\server.js:37:74872\n    at Fe (c:\\Users\\Martin Aguirre\\.vscode\\extensions\\uqbar.wollok-lsp-ide-0.3.6\\out\\server\\src\\server.js:7:8527)","timestamp":"2024-11-06T16:44:21.510Z"}
{"level":"info","message":"⌛ Building environment","timeElapsed":102,"timestamp":"2024-11-06T16:44:21.773Z"}
{"level":"info","message":"⌛ Validating filosofia/example.wlk","timeElapsed":177,"timestamp":"2024-11-06T16:44:21.952Z"}
{"level":"info","message":"⌛ Validating filosofia/example.wlk","timeElapsed":144,"timestamp":"2024-11-06T16:44:22.096Z"}
{"level":"info","message":"⌛ Building environment","timeElapsed":107,"timestamp":"2024-11-06T16:44:22.205Z"}
{"level":"error","message":"✘ Completions for node failed: Error: [Return]{81e491} at filosofia/example.wlk:-- exhausted all cases without a match [Return]{81e491} at filosofia/example.wlk:-- exhausted all cases without a match","stack":"Error: [Return]{81e491} at filosofia/example.wlk:-- exhausted all cases without a match\n    at c:\\Users\\Martin Aguirre\\.vscode\\extensions\\uqbar.wollok-lsp-ide-0.3.6\\out\\server\\src\\server.js:38:6067\n    at yh (c:\\Users\\Martin Aguirre\\.vscode\\extensions\\uqbar.wollok-lsp-ide-0.3.6\\out\\server\\src\\server.js:2291:42)\n    at kh (c:\\Users\\Martin Aguirre\\.vscode\\extensions\\uqbar.wollok-lsp-ide-0.3.6\\out\\server\\src\\server.js:2291:1004)\n    at Y5n (c:\\Users\\Martin Aguirre\\.vscode\\extensions\\uqbar.wollok-lsp-ide-0.3.6\\out\\server\\src\\server.js:2291:1160)\n    at c:\\Users\\Martin Aguirre\\.vscode\\extensions\\uqbar.wollok-lsp-ide-0.3.6\\out\\server\\src\\server.js:38:6056\n    at yh (c:\\Users\\Martin Aguirre\\.vscode\\extensions\\uqbar.wollok-lsp-ide-0.3.6\\out\\server\\src\\server.js:2291:42)\n    at c:\\Users\\Martin Aguirre\\.vscode\\extensions\\uqbar.wollok-lsp-ide-0.3.6\\out\\server\\src\\server.js:2291:2700\n    at c:\\Users\\Martin Aguirre\\.vscode\\extensions\\uqbar.wollok-lsp-ide-0.3.6\\out\\server\\src\\server.js:2298:3774\n    at c:\\Users\\Martin Aguirre\\.vscode\\extensions\\uqbar.wollok-lsp-ide-0.3.6\\out\\server\\src\\server.js:37:74872\n    at Fe (c:\\Users\\Martin Aguirre\\.vscode\\extensions\\uqbar.wollok-lsp-ide-0.3.6\\out\\server\\src\\server.js:7:8527)","timestamp":"2024-11-06T16:44:22.278Z"}
{"level":"info","message":"⌛ Validating filosofia/example.wlk","timeElapsed":178,"timestamp":"2024-11-06T16:44:22.459Z"}
{"level":"info","message":"⌛ Building environment","timeElapsed":115,"timestamp":"2024-11-06T16:44:22.576Z"}
{"level":"info","message":"⌛ Validating filosofia/example.wlk","timeElapsed":121,"timestamp":"2024-11-06T16:44:22.696Z"}
{"level":"info","message":"⌛ Building environment","timeElapsed":121,"timestamp":"2024-11-06T16:44:23.096Z"}
{"level":"info","message":"⌛ Validating filosofia/example.wlk","timeElapsed":116,"timestamp":"2024-11-06T16:44:23.213Z"}
{"level":"error","message":"✘ Completions for node failed: Error: [Return]{a082ab} at filosofia/example.wlk:-- exhausted all cases without a match [Return]{a082ab} at filosofia/example.wlk:-- exhausted all cases without a match","stack":"Error: [Return]{a082ab} at filosofia/example.wlk:-- exhausted all cases without a match\n    at c:\\Users\\Martin Aguirre\\.vscode\\extensions\\uqbar.wollok-lsp-ide-0.3.6\\out\\server\\src\\server.js:38:6067\n    at yh (c:\\Users\\Martin Aguirre\\.vscode\\extensions\\uqbar.wollok-lsp-ide-0.3.6\\out\\server\\src\\server.js:2291:42)\n    at kh (c:\\Users\\Martin Aguirre\\.vscode\\extensions\\uqbar.wollok-lsp-ide-0.3.6\\out\\server\\src\\server.js:2291:1004)\n    at Y5n (c:\\Users\\Martin Aguirre\\.vscode\\extensions\\uqbar.wollok-lsp-ide-0.3.6\\out\\server\\src\\server.js:2291:1160)\n    at c:\\Users\\Martin Aguirre\\.vscode\\extensions\\uqbar.wollok-lsp-ide-0.3.6\\out\\server\\src\\server.js:38:6056\n    at yh (c:\\Users\\Martin Aguirre\\.vscode\\extensions\\uqbar.wollok-lsp-ide-0.3.6\\out\\server\\src\\server.js:2291:42)\n    at c:\\Users\\Martin Aguirre\\.vscode\\extensions\\uqbar.wollok-lsp-ide-0.3.6\\out\\server\\src\\server.js:2291:2700\n    at c:\\Users\\Martin Aguirre\\.vscode\\extensions\\uqbar.wollok-lsp-ide-0.3.6\\out\\server\\src\\server.js:2298:3774\n    at c:\\Users\\Martin Aguirre\\.vscode\\extensions\\uqbar.wollok-lsp-ide-0.3.6\\out\\server\\src\\server.js:37:74872\n    at Fe (c:\\Users\\Martin Aguirre\\.vscode\\extensions\\uqbar.wollok-lsp-ide-0.3.6\\out\\server\\src\\server.js:7:8527)","timestamp":"2024-11-06T16:44:23.332Z"}
{"level":"info","message":"⌛ Validating filosofia/example.wlk","timeElapsed":163,"timestamp":"2024-11-06T16:44:23.593Z"}
{"level":"info","message":"⌛ Validating filosofia/example.wlk","timeElapsed":133,"timestamp":"2024-11-06T16:44:23.730Z"}
{"level":"info","message":"⌛ Validating filosofia/example.wlk","timeElapsed":134,"timestamp":"2024-11-06T16:44:23.958Z"}
{"level":"info","message":"⌛ Validating filosofia/example.wlk","timeElapsed":137,"timestamp":"2024-11-06T16:44:24.096Z"}
{"level":"info","message":"⌛ Validating filosofia/example.wlk","timeElapsed":138,"timestamp":"2024-11-06T16:44:24.328Z"}
{"level":"info","message":"⌛ Validating filosofia/example.wlk","timeElapsed":148,"timestamp":"2024-11-06T16:44:24.477Z"}
{"level":"info","message":"⌛ Building environment","timeElapsed":111,"timestamp":"2024-11-06T16:44:24.649Z"}
{"level":"info","message":"⌛ Validating filosofia/example.wlk","timeElapsed":112,"timestamp":"2024-11-06T16:44:24.762Z"}
{"level":"info","message":"⌛ Building environment","timeElapsed":126,"timestamp":"2024-11-06T16:44:25.094Z"}
{"level":"info","message":"⌛ Validating filosofia/example.wlk","timeElapsed":109,"timestamp":"2024-11-06T16:44:25.301Z"}
{"level":"info","message":"⌛ Validating filosofia/example.wlk","timeElapsed":137,"timestamp":"2024-11-06T16:44:25.614Z"}
{"level":"info","message":"⌛ Building environment","timeElapsed":117,"timestamp":"2024-11-06T16:44:25.813Z"}
{"level":"info","message":"⌛ Validating filosofia/example.wlk","timeElapsed":149,"timestamp":"2024-11-06T16:44:25.971Z"}
{"level":"info","message":"⌛ Validating filosofia/example.wlk","timeElapsed":118,"timestamp":"2024-11-06T16:44:26.091Z"}
{"level":"info","message":"⌛ Validating filosofia/example.wlk","timeElapsed":168,"timestamp":"2024-11-06T16:44:26.271Z"}
{"level":"info","message":"⌛ Validating filosofia/example.wlk","timeElapsed":482,"timestamp":"2024-11-06T16:44:26.756Z"}
{"level":"info","message":"⌛ Validating filosofia/example.wlk","timeElapsed":163,"timestamp":"2024-11-06T16:44:26.921Z"}
{"level":"info","message":"⌛ Validating filosofia/example.wlk","timeElapsed":151,"timestamp":"2024-11-06T16:44:27.084Z"}
{"level":"info","message":"⌛ Validating filosofia/example.wlk","timeElapsed":157,"timestamp":"2024-11-06T16:44:27.242Z"}
{"level":"info","message":"⌛ Building environment","timeElapsed":130,"timestamp":"2024-11-06T16:44:29.662Z"}
{"level":"error","message":"✘ Completions for node failed: Error: [Send]{488dfa} at filosofia/example.wlk:10 exhausted all cases without a match [Send]{488dfa} at filosofia/example.wlk:10 exhausted all cases without a match","stack":"Error: [Send]{488dfa} at filosofia/example.wlk:10 exhausted all cases without a match\n    at c:\\Users\\Martin Aguirre\\.vscode\\extensions\\uqbar.wollok-lsp-ide-0.3.6\\out\\server\\src\\server.js:38:6067\n    at yh (c:\\Users\\Martin Aguirre\\.vscode\\extensions\\uqbar.wollok-lsp-ide-0.3.6\\out\\server\\src\\server.js:2291:42)\n    at kh (c:\\Users\\Martin Aguirre\\.vscode\\extensions\\uqbar.wollok-lsp-ide-0.3.6\\out\\server\\src\\server.js:2291:1004)\n    at Y5n (c:\\Users\\Martin Aguirre\\.vscode\\extensions\\uqbar.wollok-lsp-ide-0.3.6\\out\\server\\src\\server.js:2291:1160)\n    at c:\\Users\\Martin Aguirre\\.vscode\\extensions\\uqbar.wollok-lsp-ide-0.3.6\\out\\server\\src\\server.js:38:6056\n    at yh (c:\\Users\\Martin Aguirre\\.vscode\\extensions\\uqbar.wollok-lsp-ide-0.3.6\\out\\server\\src\\server.js:2291:42)\n    at c:\\Users\\Martin Aguirre\\.vscode\\extensions\\uqbar.wollok-lsp-ide-0.3.6\\out\\server\\src\\server.js:2291:2700\n    at c:\\Users\\Martin Aguirre\\.vscode\\extensions\\uqbar.wollok-lsp-ide-0.3.6\\out\\server\\src\\server.js:2298:3774\n    at c:\\Users\\Martin Aguirre\\.vscode\\extensions\\uqbar.wollok-lsp-ide-0.3.6\\out\\server\\src\\server.js:37:74872\n    at Fe (c:\\Users\\Martin Aguirre\\.vscode\\extensions\\uqbar.wollok-lsp-ide-0.3.6\\out\\server\\src\\server.js:7:8527)","timestamp":"2024-11-06T16:44:29.691Z"}
{"level":"error","message":"✘ Completions for node failed: Error: [Return]{27e5e0} at filosofia/example.wlk:-- exhausted all cases without a match [Return]{27e5e0} at filosofia/example.wlk:-- exhausted all cases without a match","stack":"Error: [Return]{27e5e0} at filosofia/example.wlk:-- exhausted all cases without a match\n    at c:\\Users\\Martin Aguirre\\.vscode\\extensions\\uqbar.wollok-lsp-ide-0.3.6\\out\\server\\src\\server.js:38:6067\n    at yh (c:\\Users\\Martin Aguirre\\.vscode\\extensions\\uqbar.wollok-lsp-ide-0.3.6\\out\\server\\src\\server.js:2291:42)\n    at kh (c:\\Users\\Martin Aguirre\\.vscode\\extensions\\uqbar.wollok-lsp-ide-0.3.6\\out\\server\\src\\server.js:2291:1004)\n    at yh (c:\\Users\\Martin Aguirre\\.vscode\\extensions\\uqbar.wollok-lsp-ide-0.3.6\\out\\server\\src\\server.js:2291:456)\n    at kh (c:\\Users\\Martin Aguirre\\.vscode\\extensions\\uqbar.wollok-lsp-ide-0.3.6\\out\\server\\src\\server.js:2291:1004)\n    at Y5n (c:\\Users\\Martin Aguirre\\.vscode\\extensions\\uqbar.wollok-lsp-ide-0.3.6\\out\\server\\src\\server.js:2291:1160)\n    at c:\\Users\\Martin Aguirre\\.vscode\\extensions\\uqbar.wollok-lsp-ide-0.3.6\\out\\server\\src\\server.js:38:6056\n    at yh (c:\\Users\\Martin Aguirre\\.vscode\\extensions\\uqbar.wollok-lsp-ide-0.3.6\\out\\server\\src\\server.js:2291:42)\n    at c:\\Users\\Martin Aguirre\\.vscode\\extensions\\uqbar.wollok-lsp-ide-0.3.6\\out\\server\\src\\server.js:2291:2700\n    at c:\\Users\\Martin Aguirre\\.vscode\\extensions\\uqbar.wollok-lsp-ide-0.3.6\\out\\server\\src\\server.js:2298:3774","timestamp":"2024-11-06T16:44:29.691Z"}
{"level":"info","message":"⌛ Validating filosofia/example.wlk","timeElapsed":160,"timestamp":"2024-11-06T16:44:29.945Z"}
{"level":"info","message":"onRequest - completionItem/resolve","timestamp":"2024-11-06T16:44:29.945Z"}
{"level":"info","message":"⌛ Validating filosofia/example.wlk","timeElapsed":162,"timestamp":"2024-11-06T16:44:30.108Z"}
{"level":"info","message":"⌛ Building environment","timeElapsed":109,"timestamp":"2024-11-06T16:44:30.220Z"}
{"level":"info","message":"⌛ Validating filosofia/example.wlk","timeElapsed":108,"timestamp":"2024-11-06T16:44:30.500Z"}
{"level":"info","message":"⌛ Validating filosofia/example.wlk","timeElapsed":216,"timestamp":"2024-11-06T16:44:30.716Z"}
{"level":"info","message":"⌛ Validating filosofia/example.wlk","timeElapsed":120,"timestamp":"2024-11-06T16:44:30.836Z"}
{"level":"info","message":"⌛ Validating filosofia/example.wlk","timeElapsed":109,"timestamp":"2024-11-06T16:44:31.068Z"}
{"level":"info","message":"⌛ Validating filosofia/example.wlk","timeElapsed":137,"timestamp":"2024-11-06T16:44:31.205Z"}
{"level":"info","message":"⌛ Validating filosofia/example.wlk","timeElapsed":127,"timestamp":"2024-11-06T16:44:31.769Z"}
{"level":"info","message":"⌛ Validating filosofia/example.wlk","timeElapsed":113,"timestamp":"2024-11-06T16:44:32.026Z"}
{"level":"info","message":"⌛ Building environment","timeElapsed":178,"timestamp":"2024-11-06T16:44:37.843Z"}
{"level":"info","message":"⌛ Validating filosofia/example.wlk","timeElapsed":145,"timestamp":"2024-11-06T16:44:37.989Z"}
{"level":"info","message":"⌛ Validating filosofia/example.wlk","timeElapsed":123,"timestamp":"2024-11-06T16:44:38.233Z"}
{"level":"info","message":"⌛ Validating filosofia/example.wlk","timeElapsed":154,"timestamp":"2024-11-06T16:44:38.893Z"}
{"level":"info","message":"onRequest - completionItem/resolve","timestamp":"2024-11-06T16:44:38.987Z"}
{"level":"info","message":"onRequest - completionItem/resolve","timestamp":"2024-11-06T16:44:39.056Z"}
{"level":"info","message":"onRequest - completionItem/resolve","timestamp":"2024-11-06T16:44:39.132Z"}
{"level":"info","message":"⌛ Validating filosofia/example.wlk","timeElapsed":126,"timestamp":"2024-11-06T16:44:39.258Z"}
{"level":"info","message":"⌛ Validating filosofia/example.wlk","timeElapsed":145,"timestamp":"2024-11-06T16:44:39.406Z"}
{"level":"info","message":"⌛ Validating filosofia/example.wlk","timeElapsed":147,"timestamp":"2024-11-06T16:44:39.555Z"}
{"level":"info","message":"⌛ Validating filosofia/example.wlk","timeElapsed":121,"timestamp":"2024-11-06T16:44:39.777Z"}
