{"level":"error","message":"✘ Completions for node failed: Error: suenios.example.Suenio.felic [Field]{36694d} at suenios/example.wlk:36 exhausted all cases without a match suenios.example.Suenio.felic [Field]{36694d} at suenios/example.wlk:36 exhausted all cases without a match","stack":"Error: suenios.example.Suenio.felic [Field]{36694d} at suenios/example.wlk:36 exhausted all cases without a match\n    at c:\\Users\\Martin Aguirre\\.vscode\\extensions\\uqbar.wollok-lsp-ide-0.3.6\\out\\server\\src\\server.js:38:6067\n    at yh (c:\\Users\\Martin Aguirre\\.vscode\\extensions\\uqbar.wollok-lsp-ide-0.3.6\\out\\server\\src\\server.js:2291:42)\n    at c:\\Users\\Martin Aguirre\\.vscode\\extensions\\uqbar.wollok-lsp-ide-0.3.6\\out\\server\\src\\server.js:2291:2700\n    at c:\\Users\\Martin Aguirre\\.vscode\\extensions\\uqbar.wollok-lsp-ide-0.3.6\\out\\server\\src\\server.js:2298:3774\n    at c:\\Users\\Martin Aguirre\\.vscode\\extensions\\uqbar.wollok-lsp-ide-0.3.6\\out\\server\\src\\server.js:37:74872\n    at Fe (c:\\Users\\Martin Aguirre\\.vscode\\extensions\\uqbar.wollok-lsp-ide-0.3.6\\out\\server\\src\\server.js:7:8527)\n    at Pt (c:\\Users\\Martin Aguirre\\.vscode\\extensions\\uqbar.wollok-lsp-ide-0.3.6\\out\\server\\src\\server.js:7:6189)\n    at Gi (c:\\Users\\Martin Aguirre\\.vscode\\extensions\\uqbar.wollok-lsp-ide-0.3.6\\out\\server\\src\\server.js:7:6378)\n    at Immediate._onImmediate (c:\\Users\\Martin Aguirre\\.vscode\\extensions\\uqbar.wollok-lsp-ide-0.3.6\\out\\server\\src\\server.js:7:6142)\n    at process.processImmediate (node:internal/timers:483:21)","timestamp":"2024-11-01T17:32:54.918Z"}
{"level":"info","message":"⌛ Building environment","timeElapsed":107,"timestamp":"2024-11-01T17:32:55.195Z"}
{"level":"info","message":"⌛ Validating suenios/example.wlk","timeElapsed":121,"timestamp":"2024-11-01T17:32:55.464Z"}
{"level":"info","message":"⌛ Validating suenios/example.wlk","timeElapsed":118,"timestamp":"2024-11-01T17:32:55.628Z"}
{"level":"info","message":"⌛ Building environment","timeElapsed":126,"timestamp":"2024-11-01T17:32:55.754Z"}
{"level":"error","message":"✘ Completions for node failed: Error: suenios.example.Suenio.felicidadA [Field]{601bae} at suenios/example.wlk:36 exhausted all cases without a match suenios.example.Suenio.felicidadA [Field]{601bae} at suenios/example.wlk:36 exhausted all cases without a match","stack":"Error: suenios.example.Suenio.felicidadA [Field]{601bae} at suenios/example.wlk:36 exhausted all cases without a match\n    at c:\\Users\\Martin Aguirre\\.vscode\\extensions\\uqbar.wollok-lsp-ide-0.3.6\\out\\server\\src\\server.js:38:6067\n    at yh (c:\\Users\\Martin Aguirre\\.vscode\\extensions\\uqbar.wollok-lsp-ide-0.3.6\\out\\server\\src\\server.js:2291:42)\n    at c:\\Users\\Martin Aguirre\\.vscode\\extensions\\uqbar.wollok-lsp-ide-0.3.6\\out\\server\\src\\server.js:2291:2700\n    at c:\\Users\\Martin Aguirre\\.vscode\\extensions\\uqbar.wollok-lsp-ide-0.3.6\\out\\server\\src\\server.js:2298:3774\n    at c:\\Users\\Martin Aguirre\\.vscode\\extensions\\uqbar.wollok-lsp-ide-0.3.6\\out\\server\\src\\server.js:37:74872\n    at Fe (c:\\Users\\Martin Aguirre\\.vscode\\extensions\\uqbar.wollok-lsp-ide-0.3.6\\out\\server\\src\\server.js:7:8527)\n    at Pt (c:\\Users\\Martin Aguirre\\.vscode\\extensions\\uqbar.wollok-lsp-ide-0.3.6\\out\\server\\src\\server.js:7:6189)\n    at Gi (c:\\Users\\Martin Aguirre\\.vscode\\extensions\\uqbar.wollok-lsp-ide-0.3.6\\out\\server\\src\\server.js:7:6378)\n    at Immediate._onImmediate (c:\\Users\\Martin Aguirre\\.vscode\\extensions\\uqbar.wollok-lsp-ide-0.3.6\\out\\server\\src\\server.js:7:6142)\n    at process.processImmediate (node:internal/timers:483:21)","timestamp":"2024-11-01T17:32:55.862Z"}
{"level":"info","message":"⌛ Validating suenios/example.wlk","timeElapsed":106,"timestamp":"2024-11-01T17:32:55.969Z"}
{"level":"info","message":"⌛ Validating suenios/example.wlk","timeElapsed":120,"timestamp":"2024-11-01T17:32:56.090Z"}
{"level":"info","message":"⌛ Building environment","timeElapsed":103,"timestamp":"2024-11-01T17:32:56.294Z"}
{"level":"info","message":"⌛ Building environment","timeElapsed":111,"timestamp":"2024-11-01T17:32:56.406Z"}
{"level":"info","message":"⌛ Validating suenios/example.wlk","timeElapsed":117,"timestamp":"2024-11-01T17:32:56.525Z"}
{"level":"error","message":"✘ Completions for node failed: Error: suenios.example.Suenio.felicidadAAum [Field]{fb14c1} at suenios/example.wlk:36 exhausted all cases without a match suenios.example.Suenio.felicidadAAum [Field]{fb14c1} at suenios/example.wlk:36 exhausted all cases without a match","stack":"Error: suenios.example.Suenio.felicidadAAum [Field]{fb14c1} at suenios/example.wlk:36 exhausted all cases without a match\n    at c:\\Users\\Martin Aguirre\\.vscode\\extensions\\uqbar.wollok-lsp-ide-0.3.6\\out\\server\\src\\server.js:38:6067\n    at yh (c:\\Users\\Martin Aguirre\\.vscode\\extensions\\uqbar.wollok-lsp-ide-0.3.6\\out\\server\\src\\server.js:2291:42)\n    at c:\\Users\\Martin Aguirre\\.vscode\\extensions\\uqbar.wollok-lsp-ide-0.3.6\\out\\server\\src\\server.js:2291:2700\n    at c:\\Users\\Martin Aguirre\\.vscode\\extensions\\uqbar.wollok-lsp-ide-0.3.6\\out\\server\\src\\server.js:2298:3774\n    at c:\\Users\\Martin Aguirre\\.vscode\\extensions\\uqbar.wollok-lsp-ide-0.3.6\\out\\server\\src\\server.js:37:74872\n    at Fe (c:\\Users\\Martin Aguirre\\.vscode\\extensions\\uqbar.wollok-lsp-ide-0.3.6\\out\\server\\src\\server.js:7:8527)\n    at Pt (c:\\Users\\Martin Aguirre\\.vscode\\extensions\\uqbar.wollok-lsp-ide-0.3.6\\out\\server\\src\\server.js:7:6189)\n    at Gi (c:\\Users\\Martin Aguirre\\.vscode\\extensions\\uqbar.wollok-lsp-ide-0.3.6\\out\\server\\src\\server.js:7:6378)\n    at Immediate._onImmediate (c:\\Users\\Martin Aguirre\\.vscode\\extensions\\uqbar.wollok-lsp-ide-0.3.6\\out\\server\\src\\server.js:7:6142)\n    at process.processImmediate (node:internal/timers:483:21)","timestamp":"2024-11-01T17:32:56.662Z"}
{"level":"info","message":"⌛ Validating suenios/example.wlk","timeElapsed":103,"timestamp":"2024-11-01T17:32:57.002Z"}
{"level":"info","message":"⌛ Building environment","timeElapsed":135,"timestamp":"2024-11-01T17:32:57.138Z"}
{"level":"info","message":"⌛ Validating suenios/example.wlk","timeElapsed":111,"timestamp":"2024-11-01T17:32:57.329Z"}
{"level":"info","message":"⌛ Validating suenios/example.wlk","timeElapsed":111,"timestamp":"2024-11-01T17:32:57.445Z"}
{"level":"info","message":"⌛ Validating suenios/example.wlk","timeElapsed":120,"timestamp":"2024-11-01T17:32:57.567Z"}
{"level":"info","message":"⌛ Validating suenios/example.wlk","timeElapsed":137,"timestamp":"2024-11-01T17:32:57.704Z"}
{"level":"info","message":"⌛ Building environment","timeElapsed":110,"timestamp":"2024-11-01T17:32:58.846Z"}
{"level":"info","message":"⌛ Validating suenios/example.wlk","timeElapsed":111,"timestamp":"2024-11-01T17:32:58.958Z"}
{"level":"info","message":"⌛ Building environment","timeElapsed":118,"timestamp":"2024-11-01T17:32:59.465Z"}
{"level":"info","message":"⌛ Validating suenios/example.wlk","timeElapsed":162,"timestamp":"2024-11-01T17:32:59.627Z"}
{"level":"info","message":"onRequest - completionItem/resolve","timestamp":"2024-11-01T17:32:59.629Z"}
{"level":"info","message":"onRequest - completionItem/resolve","timestamp":"2024-11-01T17:32:59.724Z"}
{"level":"info","message":"onRequest - completionItem/resolve","timestamp":"2024-11-01T17:32:59.797Z"}
{"level":"info","message":"⌛ Validating suenios/example.wlk","timeElapsed":108,"timestamp":"2024-11-01T17:32:59.906Z"}
{"level":"info","message":"onRequest - completionItem/resolve","timestamp":"2024-11-01T17:32:59.988Z"}
{"level":"error","message":"✘ Failed to rebuild document Failed to parse suenios/example.wlk: \n-- PARSING FAILED --------------------------------------------------\n\n  42 |   method\n  43 |   \n> 44 | }\n     | ^\n  45 | \n  46 | class RecibirseDeIngenieroEnSistemas inherits Suenio {\n\nExpected one of the following: \n\n'!=', '!==', '%', '&&', '*', '**', '+', '-', '->', '..', '..<', '/', '<', '<<', '<<<', '<=', '<=>', '<>', '==', '===', '>', '>..', '>=', '>>', '>>>', '?:', 'and', 'invert', 'negate', 'or', 'plus', '||', identifier, whitespace\n","stack":"Error: Failed to parse suenios/example.wlk: \n-- PARSING FAILED --------------------------------------------------\n\n  42 |   method\n  43 |   \n> 44 | }\n     | ^\n  45 | \n  46 | class RecibirseDeIngenieroEnSistemas inherits Suenio {\n\nExpected one of the following: \n\n'!=', '!==', '%', '&&', '*', '**', '+', '-', '->', '..', '..<', '/', '<', '<<', '<<<', '<=', '<=>', '<>', '==', '===', '>', '>..', '>=', '>>', '>>>', '?:', 'and', 'invert', 'negate', 'or', 'plus', '||', identifier, whitespace\n\n    at c:\\Users\\Martin Aguirre\\.vscode\\extensions\\uqbar.wollok-lsp-ide-0.3.6\\out\\server\\src\\server.js:2254:32415\n    at Array.map (<anonymous>)\n    at Jfn (c:\\Users\\Martin Aguirre\\.vscode\\extensions\\uqbar.wollok-lsp-ide-0.3.6\\out\\server\\src\\server.js:2254:32339)\n    at k2.buildEnvironmentFrom (c:\\Users\\Martin Aguirre\\.vscode\\extensions\\uqbar.wollok-lsp-ide-0.3.6\\out\\server\\src\\server.js:2285:6721)\n    at k2.updateEnvironmentWith (c:\\Users\\Martin Aguirre\\.vscode\\extensions\\uqbar.wollok-lsp-ide-0.3.6\\out\\server\\src\\server.js:2285:6456)\n    at jL (c:\\Users\\Martin Aguirre\\.vscode\\extensions\\uqbar.wollok-lsp-ide-0.3.6\\out\\server\\src\\server.js:2298:2292)\n    at v3.invoke (c:\\Users\\Martin Aguirre\\.vscode\\extensions\\uqbar.wollok-lsp-ide-0.3.6\\out\\server\\src\\server.js:3:157200)\n    at o.fire (c:\\Users\\Martin Aguirre\\.vscode\\extensions\\uqbar.wollok-lsp-ide-0.3.6\\out\\server\\src\\server.js:3:157970)\n    at c:\\Users\\Martin Aguirre\\.vscode\\extensions\\uqbar.wollok-lsp-ide-0.3.6\\out\\server\\src\\server.js:37:57871\n    at Vr (c:\\Users\\Martin Aguirre\\.vscode\\extensions\\uqbar.wollok-lsp-ide-0.3.6\\out\\server\\src\\server.js:8:1561)","timestamp":"2024-11-01T17:32:59.993Z"}
{"level":"info","message":"onRequest - completionItem/resolve","timestamp":"2024-11-01T17:32:59.993Z"}
{"level":"info","message":"⌛ Validating suenios/example.wlk","timeElapsed":115,"timestamp":"2024-11-01T17:33:00.108Z"}
{"level":"info","message":"onRequest - completionItem/resolve","timestamp":"2024-11-01T17:33:00.576Z"}
{"level":"info","message":"onRequest - completionItem/resolve","timestamp":"2024-11-01T17:33:01.985Z"}
{"level":"info","message":"⌛ Validating suenios/example.wlk","timeElapsed":107,"timestamp":"2024-11-01T17:33:02.279Z"}
{"level":"info","message":"⌛ Building environment","timeElapsed":102,"timestamp":"2024-11-01T17:33:02.513Z"}
{"level":"info","message":"⌛ Validating suenios/example.wlk","timeElapsed":115,"timestamp":"2024-11-01T17:33:02.698Z"}
{"level":"info","message":"⌛ Validating suenios/example.wlk","timeElapsed":106,"timestamp":"2024-11-01T17:33:02.805Z"}
{"level":"error","message":"✘ Completions for node failed: Error: [Return]{e43820} at suenios/example.wlk:-- exhausted all cases without a match [Return]{e43820} at suenios/example.wlk:-- exhausted all cases without a match","stack":"Error: [Return]{e43820} at suenios/example.wlk:-- exhausted all cases without a match\n    at c:\\Users\\Martin Aguirre\\.vscode\\extensions\\uqbar.wollok-lsp-ide-0.3.6\\out\\server\\src\\server.js:38:6067\n    at yh (c:\\Users\\Martin Aguirre\\.vscode\\extensions\\uqbar.wollok-lsp-ide-0.3.6\\out\\server\\src\\server.js:2291:42)\n    at kh (c:\\Users\\Martin Aguirre\\.vscode\\extensions\\uqbar.wollok-lsp-ide-0.3.6\\out\\server\\src\\server.js:2291:1004)\n    at Y5n (c:\\Users\\Martin Aguirre\\.vscode\\extensions\\uqbar.wollok-lsp-ide-0.3.6\\out\\server\\src\\server.js:2291:1160)\n    at c:\\Users\\Martin Aguirre\\.vscode\\extensions\\uqbar.wollok-lsp-ide-0.3.6\\out\\server\\src\\server.js:38:6056\n    at yh (c:\\Users\\Martin Aguirre\\.vscode\\extensions\\uqbar.wollok-lsp-ide-0.3.6\\out\\server\\src\\server.js:2291:42)\n    at c:\\Users\\Martin Aguirre\\.vscode\\extensions\\uqbar.wollok-lsp-ide-0.3.6\\out\\server\\src\\server.js:2291:2700\n    at c:\\Users\\Martin Aguirre\\.vscode\\extensions\\uqbar.wollok-lsp-ide-0.3.6\\out\\server\\src\\server.js:2298:3774\n    at c:\\Users\\Martin Aguirre\\.vscode\\extensions\\uqbar.wollok-lsp-ide-0.3.6\\out\\server\\src\\server.js:37:74872\n    at Fe (c:\\Users\\Martin Aguirre\\.vscode\\extensions\\uqbar.wollok-lsp-ide-0.3.6\\out\\server\\src\\server.js:7:8527)","timestamp":"2024-11-01T17:33:04.344Z"}
{"level":"info","message":"onRequest - completionItem/resolve","timestamp":"2024-11-01T17:33:04.532Z"}
{"level":"info","message":"⌛ Validating suenios/example.wlk","timeElapsed":161,"timestamp":"2024-11-01T17:33:04.693Z"}
{"level":"info","message":"onRequest - completionItem/resolve","timestamp":"2024-11-01T17:33:04.784Z"}
{"level":"info","message":"onRequest - completionItem/resolve","timestamp":"2024-11-01T17:33:04.858Z"}
{"level":"info","message":"onRequest - completionItem/resolve","timestamp":"2024-11-01T17:33:04.939Z"}
{"level":"info","message":"⌛ Validating suenios/example.wlk","timeElapsed":120,"timestamp":"2024-11-01T17:33:05.059Z"}
{"level":"info","message":"onRequest - completionItem/resolve","timestamp":"2024-11-01T17:33:05.227Z"}
{"level":"error","message":"✘ Completions for node failed: Error: [Send]{f9011d} at suenios/example.wlk:53 exhausted all cases without a match [Send]{f9011d} at suenios/example.wlk:53 exhausted all cases without a match","stack":"Error: [Send]{f9011d} at suenios/example.wlk:53 exhausted all cases without a match\n    at c:\\Users\\Martin Aguirre\\.vscode\\extensions\\uqbar.wollok-lsp-ide-0.3.6\\out\\server\\src\\server.js:38:6067\n    at yh (c:\\Users\\Martin Aguirre\\.vscode\\extensions\\uqbar.wollok-lsp-ide-0.3.6\\out\\server\\src\\server.js:2291:42)\n    at kh (c:\\Users\\Martin Aguirre\\.vscode\\extensions\\uqbar.wollok-lsp-ide-0.3.6\\out\\server\\src\\server.js:2291:1004)\n    at Y5n (c:\\Users\\Martin Aguirre\\.vscode\\extensions\\uqbar.wollok-lsp-ide-0.3.6\\out\\server\\src\\server.js:2291:1160)\n    at c:\\Users\\Martin Aguirre\\.vscode\\extensions\\uqbar.wollok-lsp-ide-0.3.6\\out\\server\\src\\server.js:38:6056\n    at yh (c:\\Users\\Martin Aguirre\\.vscode\\extensions\\uqbar.wollok-lsp-ide-0.3.6\\out\\server\\src\\server.js:2291:42)\n    at c:\\Users\\Martin Aguirre\\.vscode\\extensions\\uqbar.wollok-lsp-ide-0.3.6\\out\\server\\src\\server.js:2291:2700\n    at c:\\Users\\Martin Aguirre\\.vscode\\extensions\\uqbar.wollok-lsp-ide-0.3.6\\out\\server\\src\\server.js:2298:3774\n    at c:\\Users\\Martin Aguirre\\.vscode\\extensions\\uqbar.wollok-lsp-ide-0.3.6\\out\\server\\src\\server.js:37:74872\n    at Fe (c:\\Users\\Martin Aguirre\\.vscode\\extensions\\uqbar.wollok-lsp-ide-0.3.6\\out\\server\\src\\server.js:7:8527)","timestamp":"2024-11-01T17:33:08.381Z"}
{"level":"info","message":"⌛ Validating suenios/example.wlk","timeElapsed":122,"timestamp":"2024-11-01T17:33:08.505Z"}
{"level":"info","message":"onRequest - completionItem/resolve","timestamp":"2024-11-01T17:33:08.505Z"}
{"level":"info","message":"onRequest - completionItem/resolve","timestamp":"2024-11-01T17:33:08.595Z"}
{"level":"error","message":"✘ Completions for node failed: Error: [Send]{436d68} at suenios/example.wlk:53 exhausted all cases without a match [Send]{436d68} at suenios/example.wlk:53 exhausted all cases without a match","stack":"Error: [Send]{436d68} at suenios/example.wlk:53 exhausted all cases without a match\n    at c:\\Users\\Martin Aguirre\\.vscode\\extensions\\uqbar.wollok-lsp-ide-0.3.6\\out\\server\\src\\server.js:38:6067\n    at yh (c:\\Users\\Martin Aguirre\\.vscode\\extensions\\uqbar.wollok-lsp-ide-0.3.6\\out\\server\\src\\server.js:2291:42)\n    at kh (c:\\Users\\Martin Aguirre\\.vscode\\extensions\\uqbar.wollok-lsp-ide-0.3.6\\out\\server\\src\\server.js:2291:1004)\n    at Y5n (c:\\Users\\Martin Aguirre\\.vscode\\extensions\\uqbar.wollok-lsp-ide-0.3.6\\out\\server\\src\\server.js:2291:1160)\n    at c:\\Users\\Martin Aguirre\\.vscode\\extensions\\uqbar.wollok-lsp-ide-0.3.6\\out\\server\\src\\server.js:38:6056\n    at yh (c:\\Users\\Martin Aguirre\\.vscode\\extensions\\uqbar.wollok-lsp-ide-0.3.6\\out\\server\\src\\server.js:2291:42)\n    at c:\\Users\\Martin Aguirre\\.vscode\\extensions\\uqbar.wollok-lsp-ide-0.3.6\\out\\server\\src\\server.js:2291:2700\n    at c:\\Users\\Martin Aguirre\\.vscode\\extensions\\uqbar.wollok-lsp-ide-0.3.6\\out\\server\\src\\server.js:2298:3774\n    at c:\\Users\\Martin Aguirre\\.vscode\\extensions\\uqbar.wollok-lsp-ide-0.3.6\\out\\server\\src\\server.js:37:74872\n    at Fe (c:\\Users\\Martin Aguirre\\.vscode\\extensions\\uqbar.wollok-lsp-ide-0.3.6\\out\\server\\src\\server.js:7:8527)","timestamp":"2024-11-01T17:33:08.746Z"}
{"level":"info","message":"⌛ Building environment","timeElapsed":108,"timestamp":"2024-11-01T17:33:09.222Z"}
{"level":"error","message":"✘ Completions for node failed: Error: [Send]{d4cb1d} at suenios/example.wlk:53 exhausted all cases without a match [Send]{d4cb1d} at suenios/example.wlk:53 exhausted all cases without a match","stack":"Error: [Send]{d4cb1d} at suenios/example.wlk:53 exhausted all cases without a match\n    at c:\\Users\\Martin Aguirre\\.vscode\\extensions\\uqbar.wollok-lsp-ide-0.3.6\\out\\server\\src\\server.js:38:6067\n    at yh (c:\\Users\\Martin Aguirre\\.vscode\\extensions\\uqbar.wollok-lsp-ide-0.3.6\\out\\server\\src\\server.js:2291:42)\n    at kh (c:\\Users\\Martin Aguirre\\.vscode\\extensions\\uqbar.wollok-lsp-ide-0.3.6\\out\\server\\src\\server.js:2291:1004)\n    at Y5n (c:\\Users\\Martin Aguirre\\.vscode\\extensions\\uqbar.wollok-lsp-ide-0.3.6\\out\\server\\src\\server.js:2291:1160)\n    at c:\\Users\\Martin Aguirre\\.vscode\\extensions\\uqbar.wollok-lsp-ide-0.3.6\\out\\server\\src\\server.js:38:6056\n    at yh (c:\\Users\\Martin Aguirre\\.vscode\\extensions\\uqbar.wollok-lsp-ide-0.3.6\\out\\server\\src\\server.js:2291:42)\n    at c:\\Users\\Martin Aguirre\\.vscode\\extensions\\uqbar.wollok-lsp-ide-0.3.6\\out\\server\\src\\server.js:2291:2700\n    at c:\\Users\\Martin Aguirre\\.vscode\\extensions\\uqbar.wollok-lsp-ide-0.3.6\\out\\server\\src\\server.js:2298:3774\n    at c:\\Users\\Martin Aguirre\\.vscode\\extensions\\uqbar.wollok-lsp-ide-0.3.6\\out\\server\\src\\server.js:37:74872\n    at Fe (c:\\Users\\Martin Aguirre\\.vscode\\extensions\\uqbar.wollok-lsp-ide-0.3.6\\out\\server\\src\\server.js:7:8527)","timestamp":"2024-11-01T17:33:09.245Z"}
{"level":"info","message":"⌛ Validating suenios/example.wlk","timeElapsed":105,"timestamp":"2024-11-01T17:33:09.525Z"}
{"level":"info","message":"⌛ Building environment","timeElapsed":116,"timestamp":"2024-11-01T17:33:09.643Z"}
{"level":"info","message":"⌛ Validating suenios/example.wlk","timeElapsed":121,"timestamp":"2024-11-01T17:33:09.769Z"}
{"level":"error","message":"✘ Completions for node failed: Error: [Send]{6eef7e} at suenios/example.wlk:53 exhausted all cases without a match [Send]{6eef7e} at suenios/example.wlk:53 exhausted all cases without a match","stack":"Error: [Send]{6eef7e} at suenios/example.wlk:53 exhausted all cases without a match\n    at c:\\Users\\Martin Aguirre\\.vscode\\extensions\\uqbar.wollok-lsp-ide-0.3.6\\out\\server\\src\\server.js:38:6067\n    at yh (c:\\Users\\Martin Aguirre\\.vscode\\extensions\\uqbar.wollok-lsp-ide-0.3.6\\out\\server\\src\\server.js:2291:42)\n    at kh (c:\\Users\\Martin Aguirre\\.vscode\\extensions\\uqbar.wollok-lsp-ide-0.3.6\\out\\server\\src\\server.js:2291:1004)\n    at Y5n (c:\\Users\\Martin Aguirre\\.vscode\\extensions\\uqbar.wollok-lsp-ide-0.3.6\\out\\server\\src\\server.js:2291:1160)\n    at c:\\Users\\Martin Aguirre\\.vscode\\extensions\\uqbar.wollok-lsp-ide-0.3.6\\out\\server\\src\\server.js:38:6056\n    at yh (c:\\Users\\Martin Aguirre\\.vscode\\extensions\\uqbar.wollok-lsp-ide-0.3.6\\out\\server\\src\\server.js:2291:42)\n    at c:\\Users\\Martin Aguirre\\.vscode\\extensions\\uqbar.wollok-lsp-ide-0.3.6\\out\\server\\src\\server.js:2291:2700\n    at c:\\Users\\Martin Aguirre\\.vscode\\extensions\\uqbar.wollok-lsp-ide-0.3.6\\out\\server\\src\\server.js:2298:3774\n    at c:\\Users\\Martin Aguirre\\.vscode\\extensions\\uqbar.wollok-lsp-ide-0.3.6\\out\\server\\src\\server.js:37:74872\n    at Fe (c:\\Users\\Martin Aguirre\\.vscode\\extensions\\uqbar.wollok-lsp-ide-0.3.6\\out\\server\\src\\server.js:7:8527)","timestamp":"2024-11-01T17:33:09.871Z"}
{"level":"info","message":"⌛ Validating suenios/example.wlk","timeElapsed":107,"timestamp":"2024-11-01T17:33:10.048Z"}
{"level":"error","message":"✘ Completions for node failed: Error: [Send]{de69d1} at suenios/example.wlk:53 exhausted all cases without a match [Send]{de69d1} at suenios/example.wlk:53 exhausted all cases without a match","stack":"Error: [Send]{de69d1} at suenios/example.wlk:53 exhausted all cases without a match\n    at c:\\Users\\Martin Aguirre\\.vscode\\extensions\\uqbar.wollok-lsp-ide-0.3.6\\out\\server\\src\\server.js:38:6067\n    at yh (c:\\Users\\Martin Aguirre\\.vscode\\extensions\\uqbar.wollok-lsp-ide-0.3.6\\out\\server\\src\\server.js:2291:42)\n    at kh (c:\\Users\\Martin Aguirre\\.vscode\\extensions\\uqbar.wollok-lsp-ide-0.3.6\\out\\server\\src\\server.js:2291:1004)\n    at Y5n (c:\\Users\\Martin Aguirre\\.vscode\\extensions\\uqbar.wollok-lsp-ide-0.3.6\\out\\server\\src\\server.js:2291:1160)\n    at c:\\Users\\Martin Aguirre\\.vscode\\extensions\\uqbar.wollok-lsp-ide-0.3.6\\out\\server\\src\\server.js:38:6056\n    at yh (c:\\Users\\Martin Aguirre\\.vscode\\extensions\\uqbar.wollok-lsp-ide-0.3.6\\out\\server\\src\\server.js:2291:42)\n    at c:\\Users\\Martin Aguirre\\.vscode\\extensions\\uqbar.wollok-lsp-ide-0.3.6\\out\\server\\src\\server.js:2291:2700\n    at c:\\Users\\Martin Aguirre\\.vscode\\extensions\\uqbar.wollok-lsp-ide-0.3.6\\out\\server\\src\\server.js:2298:3774\n    at c:\\Users\\Martin Aguirre\\.vscode\\extensions\\uqbar.wollok-lsp-ide-0.3.6\\out\\server\\src\\server.js:37:74872\n    at Fe (c:\\Users\\Martin Aguirre\\.vscode\\extensions\\uqbar.wollok-lsp-ide-0.3.6\\out\\server\\src\\server.js:7:8527)","timestamp":"2024-11-01T17:33:10.515Z"}
{"level":"info","message":"⌛ Building environment","timeElapsed":113,"timestamp":"2024-11-01T17:33:10.724Z"}
{"level":"error","message":"✘ Completions for node failed: Error: [Send]{69f786} at suenios/example.wlk:53 exhausted all cases without a match [Send]{69f786} at suenios/example.wlk:53 exhausted all cases without a match","stack":"Error: [Send]{69f786} at suenios/example.wlk:53 exhausted all cases without a match\n    at c:\\Users\\Martin Aguirre\\.vscode\\extensions\\uqbar.wollok-lsp-ide-0.3.6\\out\\server\\src\\server.js:38:6067\n    at yh (c:\\Users\\Martin Aguirre\\.vscode\\extensions\\uqbar.wollok-lsp-ide-0.3.6\\out\\server\\src\\server.js:2291:42)\n    at kh (c:\\Users\\Martin Aguirre\\.vscode\\extensions\\uqbar.wollok-lsp-ide-0.3.6\\out\\server\\src\\server.js:2291:1004)\n    at Y5n (c:\\Users\\Martin Aguirre\\.vscode\\extensions\\uqbar.wollok-lsp-ide-0.3.6\\out\\server\\src\\server.js:2291:1160)\n    at c:\\Users\\Martin Aguirre\\.vscode\\extensions\\uqbar.wollok-lsp-ide-0.3.6\\out\\server\\src\\server.js:38:6056\n    at yh (c:\\Users\\Martin Aguirre\\.vscode\\extensions\\uqbar.wollok-lsp-ide-0.3.6\\out\\server\\src\\server.js:2291:42)\n    at c:\\Users\\Martin Aguirre\\.vscode\\extensions\\uqbar.wollok-lsp-ide-0.3.6\\out\\server\\src\\server.js:2291:2700\n    at c:\\Users\\Martin Aguirre\\.vscode\\extensions\\uqbar.wollok-lsp-ide-0.3.6\\out\\server\\src\\server.js:2298:3774\n    at c:\\Users\\Martin Aguirre\\.vscode\\extensions\\uqbar.wollok-lsp-ide-0.3.6\\out\\server\\src\\server.js:37:74872\n    at Fe (c:\\Users\\Martin Aguirre\\.vscode\\extensions\\uqbar.wollok-lsp-ide-0.3.6\\out\\server\\src\\server.js:7:8527)","timestamp":"2024-11-01T17:33:11.057Z"}
{"level":"info","message":"⌛ Validating suenios/example.wlk","timeElapsed":101,"timestamp":"2024-11-01T17:33:11.160Z"}
{"level":"error","message":"✘ Completions for node failed: Error: [Send]{43c379} at suenios/example.wlk:53 exhausted all cases without a match [Send]{43c379} at suenios/example.wlk:53 exhausted all cases without a match","stack":"Error: [Send]{43c379} at suenios/example.wlk:53 exhausted all cases without a match\n    at c:\\Users\\Martin Aguirre\\.vscode\\extensions\\uqbar.wollok-lsp-ide-0.3.6\\out\\server\\src\\server.js:38:6067\n    at yh (c:\\Users\\Martin Aguirre\\.vscode\\extensions\\uqbar.wollok-lsp-ide-0.3.6\\out\\server\\src\\server.js:2291:42)\n    at kh (c:\\Users\\Martin Aguirre\\.vscode\\extensions\\uqbar.wollok-lsp-ide-0.3.6\\out\\server\\src\\server.js:2291:1004)\n    at Y5n (c:\\Users\\Martin Aguirre\\.vscode\\extensions\\uqbar.wollok-lsp-ide-0.3.6\\out\\server\\src\\server.js:2291:1160)\n    at c:\\Users\\Martin Aguirre\\.vscode\\extensions\\uqbar.wollok-lsp-ide-0.3.6\\out\\server\\src\\server.js:38:6056\n    at yh (c:\\Users\\Martin Aguirre\\.vscode\\extensions\\uqbar.wollok-lsp-ide-0.3.6\\out\\server\\src\\server.js:2291:42)\n    at c:\\Users\\Martin Aguirre\\.vscode\\extensions\\uqbar.wollok-lsp-ide-0.3.6\\out\\server\\src\\server.js:2291:2700\n    at c:\\Users\\Martin Aguirre\\.vscode\\extensions\\uqbar.wollok-lsp-ide-0.3.6\\out\\server\\src\\server.js:2298:3774\n    at c:\\Users\\Martin Aguirre\\.vscode\\extensions\\uqbar.wollok-lsp-ide-0.3.6\\out\\server\\src\\server.js:37:74872\n    at Fe (c:\\Users\\Martin Aguirre\\.vscode\\extensions\\uqbar.wollok-lsp-ide-0.3.6\\out\\server\\src\\server.js:7:8527)","timestamp":"2024-11-01T17:33:11.349Z"}
{"level":"error","message":"✘ Completions for node failed: Error: [Send]{fcb04e} at suenios/example.wlk:53 exhausted all cases without a match [Send]{fcb04e} at suenios/example.wlk:53 exhausted all cases without a match","stack":"Error: [Send]{fcb04e} at suenios/example.wlk:53 exhausted all cases without a match\n    at c:\\Users\\Martin Aguirre\\.vscode\\extensions\\uqbar.wollok-lsp-ide-0.3.6\\out\\server\\src\\server.js:38:6067\n    at yh (c:\\Users\\Martin Aguirre\\.vscode\\extensions\\uqbar.wollok-lsp-ide-0.3.6\\out\\server\\src\\server.js:2291:42)\n    at kh (c:\\Users\\Martin Aguirre\\.vscode\\extensions\\uqbar.wollok-lsp-ide-0.3.6\\out\\server\\src\\server.js:2291:1004)\n    at Y5n (c:\\Users\\Martin Aguirre\\.vscode\\extensions\\uqbar.wollok-lsp-ide-0.3.6\\out\\server\\src\\server.js:2291:1160)\n    at c:\\Users\\Martin Aguirre\\.vscode\\extensions\\uqbar.wollok-lsp-ide-0.3.6\\out\\server\\src\\server.js:38:6056\n    at yh (c:\\Users\\Martin Aguirre\\.vscode\\extensions\\uqbar.wollok-lsp-ide-0.3.6\\out\\server\\src\\server.js:2291:42)\n    at c:\\Users\\Martin Aguirre\\.vscode\\extensions\\uqbar.wollok-lsp-ide-0.3.6\\out\\server\\src\\server.js:2291:2700\n    at c:\\Users\\Martin Aguirre\\.vscode\\extensions\\uqbar.wollok-lsp-ide-0.3.6\\out\\server\\src\\server.js:2298:3774\n    at c:\\Users\\Martin Aguirre\\.vscode\\extensions\\uqbar.wollok-lsp-ide-0.3.6\\out\\server\\src\\server.js:37:74872\n    at Fe (c:\\Users\\Martin Aguirre\\.vscode\\extensions\\uqbar.wollok-lsp-ide-0.3.6\\out\\server\\src\\server.js:7:8527)","timestamp":"2024-11-01T17:33:11.546Z"}
{"level":"info","message":"⌛ Validating suenios/example.wlk","timeElapsed":104,"timestamp":"2024-11-01T17:33:11.651Z"}
{"level":"info","message":"⌛ Building environment","timeElapsed":106,"timestamp":"2024-11-01T17:33:11.778Z"}
{"level":"error","message":"✘ Completions for node failed: Error: [Send]{206a52} at suenios/example.wlk:53 exhausted all cases without a match [Send]{206a52} at suenios/example.wlk:53 exhausted all cases without a match","stack":"Error: [Send]{206a52} at suenios/example.wlk:53 exhausted all cases without a match\n    at c:\\Users\\Martin Aguirre\\.vscode\\extensions\\uqbar.wollok-lsp-ide-0.3.6\\out\\server\\src\\server.js:38:6067\n    at yh (c:\\Users\\Martin Aguirre\\.vscode\\extensions\\uqbar.wollok-lsp-ide-0.3.6\\out\\server\\src\\server.js:2291:42)\n    at kh (c:\\Users\\Martin Aguirre\\.vscode\\extensions\\uqbar.wollok-lsp-ide-0.3.6\\out\\server\\src\\server.js:2291:1004)\n    at Y5n (c:\\Users\\Martin Aguirre\\.vscode\\extensions\\uqbar.wollok-lsp-ide-0.3.6\\out\\server\\src\\server.js:2291:1160)\n    at c:\\Users\\Martin Aguirre\\.vscode\\extensions\\uqbar.wollok-lsp-ide-0.3.6\\out\\server\\src\\server.js:38:6056\n    at yh (c:\\Users\\Martin Aguirre\\.vscode\\extensions\\uqbar.wollok-lsp-ide-0.3.6\\out\\server\\src\\server.js:2291:42)\n    at c:\\Users\\Martin Aguirre\\.vscode\\extensions\\uqbar.wollok-lsp-ide-0.3.6\\out\\server\\src\\server.js:2291:2700\n    at c:\\Users\\Martin Aguirre\\.vscode\\extensions\\uqbar.wollok-lsp-ide-0.3.6\\out\\server\\src\\server.js:2298:3774\n    at c:\\Users\\Martin Aguirre\\.vscode\\extensions\\uqbar.wollok-lsp-ide-0.3.6\\out\\server\\src\\server.js:37:74872\n    at Fe (c:\\Users\\Martin Aguirre\\.vscode\\extensions\\uqbar.wollok-lsp-ide-0.3.6\\out\\server\\src\\server.js:7:8527)","timestamp":"2024-11-01T17:33:11.822Z"}
{"level":"info","message":"⌛ Building environment","timeElapsed":137,"timestamp":"2024-11-01T17:33:12.217Z"}
{"level":"info","message":"⌛ Validating suenios/example.wlk","timeElapsed":115,"timestamp":"2024-11-01T17:33:12.333Z"}
{"level":"error","message":"✘ Completions for node failed: Error: [Send]{acc8b3} at suenios/example.wlk:53 exhausted all cases without a match [Send]{acc8b3} at suenios/example.wlk:53 exhausted all cases without a match","stack":"Error: [Send]{acc8b3} at suenios/example.wlk:53 exhausted all cases without a match\n    at c:\\Users\\Martin Aguirre\\.vscode\\extensions\\uqbar.wollok-lsp-ide-0.3.6\\out\\server\\src\\server.js:38:6067\n    at yh (c:\\Users\\Martin Aguirre\\.vscode\\extensions\\uqbar.wollok-lsp-ide-0.3.6\\out\\server\\src\\server.js:2291:42)\n    at kh (c:\\Users\\Martin Aguirre\\.vscode\\extensions\\uqbar.wollok-lsp-ide-0.3.6\\out\\server\\src\\server.js:2291:1004)\n    at Y5n (c:\\Users\\Martin Aguirre\\.vscode\\extensions\\uqbar.wollok-lsp-ide-0.3.6\\out\\server\\src\\server.js:2291:1160)\n    at c:\\Users\\Martin Aguirre\\.vscode\\extensions\\uqbar.wollok-lsp-ide-0.3.6\\out\\server\\src\\server.js:38:6056\n    at yh (c:\\Users\\Martin Aguirre\\.vscode\\extensions\\uqbar.wollok-lsp-ide-0.3.6\\out\\server\\src\\server.js:2291:42)\n    at c:\\Users\\Martin Aguirre\\.vscode\\extensions\\uqbar.wollok-lsp-ide-0.3.6\\out\\server\\src\\server.js:2291:2700\n    at c:\\Users\\Martin Aguirre\\.vscode\\extensions\\uqbar.wollok-lsp-ide-0.3.6\\out\\server\\src\\server.js:2298:3774\n    at c:\\Users\\Martin Aguirre\\.vscode\\extensions\\uqbar.wollok-lsp-ide-0.3.6\\out\\server\\src\\server.js:37:74872\n    at Fe (c:\\Users\\Martin Aguirre\\.vscode\\extensions\\uqbar.wollok-lsp-ide-0.3.6\\out\\server\\src\\server.js:7:8527)","timestamp":"2024-11-01T17:33:12.362Z"}
{"level":"info","message":"⌛ Building environment","timeElapsed":104,"timestamp":"2024-11-01T17:33:12.617Z"}
{"level":"info","message":"⌛ Validating suenios/example.wlk","timeElapsed":117,"timestamp":"2024-11-01T17:33:12.735Z"}
{"level":"info","message":"⌛ Validating suenios/example.wlk","timeElapsed":186,"timestamp":"2024-11-01T17:33:13.016Z"}
{"level":"info","message":"⌛ Building environment","timeElapsed":117,"timestamp":"2024-11-01T17:33:46.455Z"}
{"level":"info","message":"⌛ Validating suenios/example.wlk","timeElapsed":219,"timestamp":"2024-11-01T17:33:46.675Z"}
{"level":"info","message":"⌛ Validating suenios/example.wlk","timeElapsed":106,"timestamp":"2024-11-01T17:33:53.947Z"}
{"level":"info","message":"⌛ Validating suenios/example.wlk","timeElapsed":106,"timestamp":"2024-11-01T17:33:55.692Z"}
{"level":"info","message":"onRequest - completionItem/resolve","timestamp":"2024-11-01T17:33:55.696Z"}
{"level":"info","message":"⌛ Building environment","timeElapsed":111,"timestamp":"2024-11-01T17:33:55.808Z"}
{"level":"info","message":"onRequest - completionItem/resolve","timestamp":"2024-11-01T17:33:55.828Z"}
{"level":"info","message":"onRequest - completionItem/resolve","timestamp":"2024-11-01T17:33:55.920Z"}
{"level":"info","message":"onRequest - completionItem/resolve","timestamp":"2024-11-01T17:33:56.079Z"}
{"level":"info","message":"⌛ Validating suenios/example.wlk","timeElapsed":121,"timestamp":"2024-11-01T17:33:56.200Z"}
{"level":"info","message":"⌛ Validating suenios/example.wlk","timeElapsed":164,"timestamp":"2024-11-01T17:33:56.649Z"}
{"level":"info","message":"onRequest - completionItem/resolve","timestamp":"2024-11-01T17:33:56.662Z"}
{"level":"info","message":"⌛ Building environment","timeElapsed":134,"timestamp":"2024-11-01T17:33:57.023Z"}
{"level":"info","message":"onRequest - completionItem/resolve","timestamp":"2024-11-01T17:33:57.024Z"}
{"level":"info","message":"onRequest - completionItem/resolve","timestamp":"2024-11-01T17:33:57.121Z"}
{"level":"info","message":"⌛ Validating suenios/example.wlk","timeElapsed":138,"timestamp":"2024-11-01T17:33:57.260Z"}
{"level":"info","message":"⌛ Building environment","timeElapsed":165,"timestamp":"2024-11-01T17:33:57.427Z"}
{"level":"info","message":"onRequest - completionItem/resolve","timestamp":"2024-11-01T17:33:57.442Z"}
{"level":"info","message":"⌛ Validating suenios/example.wlk","timeElapsed":109,"timestamp":"2024-11-01T17:33:57.551Z"}
{"level":"info","message":"⌛ Building environment","timeElapsed":196,"timestamp":"2024-11-01T17:33:57.748Z"}
{"level":"info","message":"onRequest - completionItem/resolve","timestamp":"2024-11-01T17:33:57.749Z"}
{"level":"info","message":"⌛ Building environment","timeElapsed":107,"timestamp":"2024-11-01T17:33:57.856Z"}
{"level":"info","message":"onRequest - completionItem/resolve","timestamp":"2024-11-01T17:33:57.860Z"}
{"level":"info","message":"⌛ Building environment","timeElapsed":106,"timestamp":"2024-11-01T17:33:57.967Z"}
{"level":"info","message":"onRequest - completionItem/resolve","timestamp":"2024-11-01T17:33:57.968Z"}
{"level":"info","message":"⌛ Validating suenios/example.wlk","timeElapsed":102,"timestamp":"2024-11-01T17:33:58.070Z"}
{"level":"info","message":"onRequest - completionItem/resolve","timestamp":"2024-11-01T17:33:58.141Z"}
{"level":"info","message":"⌛ Building environment","timeElapsed":131,"timestamp":"2024-11-01T17:33:58.360Z"}
{"level":"info","message":"⌛ Validating suenios/example.wlk","timeElapsed":102,"timestamp":"2024-11-01T17:33:58.463Z"}
{"level":"info","message":"⌛ Validating suenios/example.wlk","timeElapsed":114,"timestamp":"2024-11-01T17:33:58.675Z"}
{"level":"info","message":"⌛ Validating suenios/example.wlk","timeElapsed":126,"timestamp":"2024-11-01T17:33:58.801Z"}
{"level":"info","message":"⌛ Validating suenios/example.wlk","timeElapsed":136,"timestamp":"2024-11-01T17:33:58.938Z"}
{"level":"info","message":"⌛ Validating suenios/example.wlk","timeElapsed":105,"timestamp":"2024-11-01T17:33:59.532Z"}
{"level":"info","message":"⌛ Validating suenios/example.wlk","timeElapsed":179,"timestamp":"2024-11-01T17:33:59.867Z"}
{"level":"info","message":"⌛ Validating suenios/example.wlk","timeElapsed":106,"timestamp":"2024-11-01T17:34:00.343Z"}
{"level":"info","message":"⌛ Validating suenios/example.wlk","timeElapsed":111,"timestamp":"2024-11-01T17:34:01.035Z"}
{"level":"info","message":"⌛ Validating suenios/example.wlk","timeElapsed":102,"timestamp":"2024-11-01T17:34:01.459Z"}
{"level":"info","message":"⌛ Building environment","timeElapsed":143,"timestamp":"2024-11-01T17:34:01.606Z"}
{"level":"info","message":"⌛ Validating suenios/example.wlk","timeElapsed":115,"timestamp":"2024-11-01T17:34:01.986Z"}
{"level":"info","message":"⌛ Building environment","timeElapsed":116,"timestamp":"2024-11-01T17:34:02.444Z"}
{"level":"error","message":"✘ Completions for node failed: Error: [Send]{cc53f7} at suenios/example.wlk:79 exhausted all cases without a match [Send]{cc53f7} at suenios/example.wlk:79 exhausted all cases without a match","stack":"Error: [Send]{cc53f7} at suenios/example.wlk:79 exhausted all cases without a match\n    at c:\\Users\\Martin Aguirre\\.vscode\\extensions\\uqbar.wollok-lsp-ide-0.3.6\\out\\server\\src\\server.js:38:6067\n    at yh (c:\\Users\\Martin Aguirre\\.vscode\\extensions\\uqbar.wollok-lsp-ide-0.3.6\\out\\server\\src\\server.js:2291:42)\n    at kh (c:\\Users\\Martin Aguirre\\.vscode\\extensions\\uqbar.wollok-lsp-ide-0.3.6\\out\\server\\src\\server.js:2291:1004)\n    at Y5n (c:\\Users\\Martin Aguirre\\.vscode\\extensions\\uqbar.wollok-lsp-ide-0.3.6\\out\\server\\src\\server.js:2291:1160)\n    at c:\\Users\\Martin Aguirre\\.vscode\\extensions\\uqbar.wollok-lsp-ide-0.3.6\\out\\server\\src\\server.js:38:6056\n    at yh (c:\\Users\\Martin Aguirre\\.vscode\\extensions\\uqbar.wollok-lsp-ide-0.3.6\\out\\server\\src\\server.js:2291:42)\n    at c:\\Users\\Martin Aguirre\\.vscode\\extensions\\uqbar.wollok-lsp-ide-0.3.6\\out\\server\\src\\server.js:2291:2700\n    at c:\\Users\\Martin Aguirre\\.vscode\\extensions\\uqbar.wollok-lsp-ide-0.3.6\\out\\server\\src\\server.js:2298:3774\n    at c:\\Users\\Martin Aguirre\\.vscode\\extensions\\uqbar.wollok-lsp-ide-0.3.6\\out\\server\\src\\server.js:37:74872\n    at Fe (c:\\Users\\Martin Aguirre\\.vscode\\extensions\\uqbar.wollok-lsp-ide-0.3.6\\out\\server\\src\\server.js:7:8527)","timestamp":"2024-11-01T17:34:02.480Z"}
{"level":"info","message":"⌛ Validating suenios/example.wlk","timeElapsed":108,"timestamp":"2024-11-01T17:34:02.664Z"}
{"level":"info","message":"onRequest - completionItem/resolve","timestamp":"2024-11-01T17:34:02.664Z"}
{"level":"info","message":"onRequest - completionItem/resolve","timestamp":"2024-11-01T17:34:02.734Z"}
{"level":"info","message":"⌛ Validating suenios/example.wlk","timeElapsed":127,"timestamp":"2024-11-01T17:34:02.861Z"}
{"level":"info","message":"⌛ Building environment","timeElapsed":114,"timestamp":"2024-11-01T17:34:03.054Z"}
{"level":"info","message":"onRequest - completionItem/resolve","timestamp":"2024-11-01T17:34:03.055Z"}
{"level":"info","message":"onRequest - completionItem/resolve","timestamp":"2024-11-01T17:34:03.130Z"}
{"level":"info","message":"⌛ Building environment","timeElapsed":126,"timestamp":"2024-11-01T17:34:03.257Z"}
{"level":"info","message":"onRequest - completionItem/resolve","timestamp":"2024-11-01T17:34:03.258Z"}
{"level":"info","message":"⌛ Validating suenios/example.wlk","timeElapsed":110,"timestamp":"2024-11-01T17:34:03.369Z"}
{"level":"info","message":"⌛ Validating suenios/example.wlk","timeElapsed":110,"timestamp":"2024-11-01T17:34:03.480Z"}
{"level":"info","message":"onRequest - completionItem/resolve","timestamp":"2024-11-01T17:34:03.544Z"}
{"level":"info","message":"⌛ Building environment","timeElapsed":110,"timestamp":"2024-11-01T17:34:03.760Z"}
{"level":"info","message":"onRequest - completionItem/resolve","timestamp":"2024-11-01T17:34:03.762Z"}
{"level":"info","message":"onRequest - completionItem/resolve","timestamp":"2024-11-01T17:34:03.840Z"}
{"level":"info","message":"onRequest - completionItem/resolve","timestamp":"2024-11-01T17:34:03.900Z"}
{"level":"info","message":"⌛ Validating suenios/example.wlk","timeElapsed":125,"timestamp":"2024-11-01T17:34:04.025Z"}
{"level":"info","message":"⌛ Validating suenios/example.wlk","timeElapsed":109,"timestamp":"2024-11-01T17:34:04.141Z"}
{"level":"info","message":"⌛ Building environment","timeElapsed":102,"timestamp":"2024-11-01T17:34:06.313Z"}
{"level":"info","message":"⌛ Validating suenios/example.wlk","timeElapsed":130,"timestamp":"2024-11-01T17:34:06.526Z"}
{"level":"info","message":"⌛ Building environment","timeElapsed":108,"timestamp":"2024-11-01T17:34:07.003Z"}
{"level":"info","message":"⌛ Validating suenios/example.wlk","timeElapsed":120,"timestamp":"2024-11-01T17:34:07.123Z"}
{"level":"info","message":"⌛ Validating suenios/example.wlk","timeElapsed":120,"timestamp":"2024-11-01T17:34:07.430Z"}
{"level":"info","message":"⌛ Validating suenios/example.wlk","timeElapsed":104,"timestamp":"2024-11-01T17:34:07.619Z"}
{"level":"info","message":"⌛ Building environment","timeElapsed":101,"timestamp":"2024-11-01T17:34:07.721Z"}
{"level":"info","message":"⌛ Validating suenios/example.wlk","timeElapsed":105,"timestamp":"2024-11-01T17:34:07.831Z"}
{"level":"info","message":"⌛ Building environment","timeElapsed":117,"timestamp":"2024-11-01T17:34:07.958Z"}
{"level":"info","message":"⌛ Building environment","timeElapsed":153,"timestamp":"2024-11-01T17:34:08.362Z"}
{"level":"info","message":"⌛ Validating suenios/example.wlk","timeElapsed":109,"timestamp":"2024-11-01T17:34:08.544Z"}
{"level":"error","message":"✘ Failed to rebuild document Failed to parse suenios/example.wlk: \n-- PARSING FAILED --------------------------------------------------\n\n  88 | \n  89 |   \n> 90 | }\n     | ^\n  91 | object ingenieriaEnSistemas {\n  92 | }\n\nExpected one of the following: \n\n'!=', '!==', '%', '&&', '*', '**', '+', '-', '->', '..', '..<', '/', '<', '<<', '<<<', '<=', '<=>', '<>', '==', '===', '>', '>..', '>=', '>>', '>>>', '?:', 'and', 'invert', 'negate', 'or', 'plus', '||', identifier, whitespace\n","stack":"Error: Failed to parse suenios/example.wlk: \n-- PARSING FAILED --------------------------------------------------\n\n  88 | \n  89 |   \n> 90 | }\n     | ^\n  91 | object ingenieriaEnSistemas {\n  92 | }\n\nExpected one of the following: \n\n'!=', '!==', '%', '&&', '*', '**', '+', '-', '->', '..', '..<', '/', '<', '<<', '<<<', '<=', '<=>', '<>', '==', '===', '>', '>..', '>=', '>>', '>>>', '?:', 'and', 'invert', 'negate', 'or', 'plus', '||', identifier, whitespace\n\n    at c:\\Users\\Martin Aguirre\\.vscode\\extensions\\uqbar.wollok-lsp-ide-0.3.6\\out\\server\\src\\server.js:2254:32415\n    at Array.map (<anonymous>)\n    at Jfn (c:\\Users\\Martin Aguirre\\.vscode\\extensions\\uqbar.wollok-lsp-ide-0.3.6\\out\\server\\src\\server.js:2254:32339)\n    at k2.buildEnvironmentFrom (c:\\Users\\Martin Aguirre\\.vscode\\extensions\\uqbar.wollok-lsp-ide-0.3.6\\out\\server\\src\\server.js:2285:6721)\n    at k2.updateEnvironmentWith (c:\\Users\\Martin Aguirre\\.vscode\\extensions\\uqbar.wollok-lsp-ide-0.3.6\\out\\server\\src\\server.js:2285:6456)\n    at jL (c:\\Users\\Martin Aguirre\\.vscode\\extensions\\uqbar.wollok-lsp-ide-0.3.6\\out\\server\\src\\server.js:2298:2292)\n    at v3.invoke (c:\\Users\\Martin Aguirre\\.vscode\\extensions\\uqbar.wollok-lsp-ide-0.3.6\\out\\server\\src\\server.js:3:157200)\n    at o.fire (c:\\Users\\Martin Aguirre\\.vscode\\extensions\\uqbar.wollok-lsp-ide-0.3.6\\out\\server\\src\\server.js:3:157970)\n    at c:\\Users\\Martin Aguirre\\.vscode\\extensions\\uqbar.wollok-lsp-ide-0.3.6\\out\\server\\src\\server.js:37:57871\n    at Vr (c:\\Users\\Martin Aguirre\\.vscode\\extensions\\uqbar.wollok-lsp-ide-0.3.6\\out\\server\\src\\server.js:8:1561)","timestamp":"2024-11-01T17:34:08.569Z"}
{"level":"error","message":"✘ Failed to rebuild document Failed to parse suenios/example.wlk: \n-- PARSING FAILED --------------------------------------------------\n\n  88 | \n  89 |   \n> 90 | }\n     | ^\n  91 | object ingenieriaEnSistemas {\n  92 | }\n\nExpected one of the following: \n\n'!=', '!==', '%', '&&', '*', '**', '+', '-', '->', '..', '..<', '/', '<', '<<', '<<<', '<=', '<=>', '<>', '==', '===', '>', '>..', '>=', '>>', '>>>', '?:', 'and', 'invert', 'negate', 'or', 'plus', '||', identifier, whitespace\n","stack":"Error: Failed to parse suenios/example.wlk: \n-- PARSING FAILED --------------------------------------------------\n\n  88 | \n  89 |   \n> 90 | }\n     | ^\n  91 | object ingenieriaEnSistemas {\n  92 | }\n\nExpected one of the following: \n\n'!=', '!==', '%', '&&', '*', '**', '+', '-', '->', '..', '..<', '/', '<', '<<', '<<<', '<=', '<=>', '<>', '==', '===', '>', '>..', '>=', '>>', '>>>', '?:', 'and', 'invert', 'negate', 'or', 'plus', '||', identifier, whitespace\n\n    at c:\\Users\\Martin Aguirre\\.vscode\\extensions\\uqbar.wollok-lsp-ide-0.3.6\\out\\server\\src\\server.js:2254:32415\n    at Array.map (<anonymous>)\n    at Jfn (c:\\Users\\Martin Aguirre\\.vscode\\extensions\\uqbar.wollok-lsp-ide-0.3.6\\out\\server\\src\\server.js:2254:32339)\n    at k2.buildEnvironmentFrom (c:\\Users\\Martin Aguirre\\.vscode\\extensions\\uqbar.wollok-lsp-ide-0.3.6\\out\\server\\src\\server.js:2285:6721)\n    at k2.updateEnvironmentWith (c:\\Users\\Martin Aguirre\\.vscode\\extensions\\uqbar.wollok-lsp-ide-0.3.6\\out\\server\\src\\server.js:2285:6456)\n    at jL (c:\\Users\\Martin Aguirre\\.vscode\\extensions\\uqbar.wollok-lsp-ide-0.3.6\\out\\server\\src\\server.js:2298:2292)\n    at v3.invoke (c:\\Users\\Martin Aguirre\\.vscode\\extensions\\uqbar.wollok-lsp-ide-0.3.6\\out\\server\\src\\server.js:3:157200)\n    at o.fire (c:\\Users\\Martin Aguirre\\.vscode\\extensions\\uqbar.wollok-lsp-ide-0.3.6\\out\\server\\src\\server.js:3:157970)\n    at c:\\Users\\Martin Aguirre\\.vscode\\extensions\\uqbar.wollok-lsp-ide-0.3.6\\out\\server\\src\\server.js:37:57871\n    at Vr (c:\\Users\\Martin Aguirre\\.vscode\\extensions\\uqbar.wollok-lsp-ide-0.3.6\\out\\server\\src\\server.js:8:1561)","timestamp":"2024-11-01T17:34:08.580Z"}
{"level":"info","message":"⌛ Validating suenios/example.wlk","timeElapsed":170,"timestamp":"2024-11-01T17:34:08.751Z"}
{"level":"info","message":"onRequest - completionItem/resolve","timestamp":"2024-11-01T17:34:08.769Z"}
{"level":"info","message":"⌛ Validating suenios/example.wlk","timeElapsed":144,"timestamp":"2024-11-01T17:34:08.914Z"}
{"level":"info","message":"onRequest - completionItem/resolve","timestamp":"2024-11-01T17:34:09.071Z"}
{"level":"info","message":"onRequest - completionItem/resolve","timestamp":"2024-11-01T17:34:09.148Z"}
{"level":"info","message":"⌛ Validating suenios/example.wlk","timeElapsed":124,"timestamp":"2024-11-01T17:34:09.373Z"}
{"level":"info","message":"⌛ Validating suenios/example.wlk","timeElapsed":129,"timestamp":"2024-11-01T17:34:09.726Z"}
{"level":"info","message":"⌛ Validating suenios/example.wlk","timeElapsed":136,"timestamp":"2024-11-01T17:34:10.290Z"}
{"level":"info","message":"⌛ Building environment","timeElapsed":125,"timestamp":"2024-11-01T17:34:10.769Z"}
{"level":"info","message":"⌛ Validating suenios/example.wlk","timeElapsed":118,"timestamp":"2024-11-01T17:34:10.983Z"}
{"level":"error","message":"✘ Completions for node failed: Error: [Parameter]{79ccf6} at suenios/example.wlk:87 exhausted all cases without a match [Parameter]{79ccf6} at suenios/example.wlk:87 exhausted all cases without a match","stack":"Error: [Parameter]{79ccf6} at suenios/example.wlk:87 exhausted all cases without a match\n    at c:\\Users\\Martin Aguirre\\.vscode\\extensions\\uqbar.wollok-lsp-ide-0.3.6\\out\\server\\src\\server.js:38:6067\n    at yh (c:\\Users\\Martin Aguirre\\.vscode\\extensions\\uqbar.wollok-lsp-ide-0.3.6\\out\\server\\src\\server.js:2291:42)\n    at c:\\Users\\Martin Aguirre\\.vscode\\extensions\\uqbar.wollok-lsp-ide-0.3.6\\out\\server\\src\\server.js:2291:2700\n    at c:\\Users\\Martin Aguirre\\.vscode\\extensions\\uqbar.wollok-lsp-ide-0.3.6\\out\\server\\src\\server.js:2298:3774\n    at c:\\Users\\Martin Aguirre\\.vscode\\extensions\\uqbar.wollok-lsp-ide-0.3.6\\out\\server\\src\\server.js:37:74872\n    at Fe (c:\\Users\\Martin Aguirre\\.vscode\\extensions\\uqbar.wollok-lsp-ide-0.3.6\\out\\server\\src\\server.js:7:8527)\n    at Pt (c:\\Users\\Martin Aguirre\\.vscode\\extensions\\uqbar.wollok-lsp-ide-0.3.6\\out\\server\\src\\server.js:7:6189)\n    at Gi (c:\\Users\\Martin Aguirre\\.vscode\\extensions\\uqbar.wollok-lsp-ide-0.3.6\\out\\server\\src\\server.js:7:6378)\n    at Immediate._onImmediate (c:\\Users\\Martin Aguirre\\.vscode\\extensions\\uqbar.wollok-lsp-ide-0.3.6\\out\\server\\src\\server.js:7:6142)\n    at process.processImmediate (node:internal/timers:483:21)","timestamp":"2024-11-01T17:34:11.531Z"}
{"level":"info","message":"⌛ Building environment","timeElapsed":146,"timestamp":"2024-11-01T17:34:11.910Z"}
{"level":"info","message":"⌛ Validating suenios/example.wlk","timeElapsed":112,"timestamp":"2024-11-01T17:34:12.022Z"}
{"level":"error","message":"✘ Completions for node failed: Error: [Parameter]{4fef51} at suenios/example.wlk:87 exhausted all cases without a match [Parameter]{4fef51} at suenios/example.wlk:87 exhausted all cases without a match","stack":"Error: [Parameter]{4fef51} at suenios/example.wlk:87 exhausted all cases without a match\n    at c:\\Users\\Martin Aguirre\\.vscode\\extensions\\uqbar.wollok-lsp-ide-0.3.6\\out\\server\\src\\server.js:38:6067\n    at yh (c:\\Users\\Martin Aguirre\\.vscode\\extensions\\uqbar.wollok-lsp-ide-0.3.6\\out\\server\\src\\server.js:2291:42)\n    at c:\\Users\\Martin Aguirre\\.vscode\\extensions\\uqbar.wollok-lsp-ide-0.3.6\\out\\server\\src\\server.js:2291:2700\n    at c:\\Users\\Martin Aguirre\\.vscode\\extensions\\uqbar.wollok-lsp-ide-0.3.6\\out\\server\\src\\server.js:2298:3774\n    at c:\\Users\\Martin Aguirre\\.vscode\\extensions\\uqbar.wollok-lsp-ide-0.3.6\\out\\server\\src\\server.js:37:74872\n    at Fe (c:\\Users\\Martin Aguirre\\.vscode\\extensions\\uqbar.wollok-lsp-ide-0.3.6\\out\\server\\src\\server.js:7:8527)\n    at Pt (c:\\Users\\Martin Aguirre\\.vscode\\extensions\\uqbar.wollok-lsp-ide-0.3.6\\out\\server\\src\\server.js:7:6189)\n    at Gi (c:\\Users\\Martin Aguirre\\.vscode\\extensions\\uqbar.wollok-lsp-ide-0.3.6\\out\\server\\src\\server.js:7:6378)\n    at Immediate._onImmediate (c:\\Users\\Martin Aguirre\\.vscode\\extensions\\uqbar.wollok-lsp-ide-0.3.6\\out\\server\\src\\server.js:7:6142)\n    at process.processImmediate (node:internal/timers:483:21)","timestamp":"2024-11-01T17:34:12.524Z"}
{"level":"info","message":"⌛ Validating suenios/example.wlk","timeElapsed":109,"timestamp":"2024-11-01T17:34:13.090Z"}
{"level":"info","message":"⌛ Building environment","timeElapsed":107,"timestamp":"2024-11-01T17:34:13.365Z"}
{"level":"info","message":"⌛ Validating suenios/example.wlk","timeElapsed":141,"timestamp":"2024-11-01T17:34:14.118Z"}
{"level":"info","message":"⌛ Validating suenios/example.wlk","timeElapsed":126,"timestamp":"2024-11-01T17:34:14.475Z"}
{"level":"info","message":"⌛ Building environment","timeElapsed":102,"timestamp":"2024-11-01T17:34:14.578Z"}
{"level":"info","message":"onRequest - completionItem/resolve","timestamp":"2024-11-01T17:34:14.582Z"}
{"level":"info","message":"⌛ Building environment","timeElapsed":144,"timestamp":"2024-11-01T17:34:14.727Z"}
{"level":"info","message":"onRequest - completionItem/resolve","timestamp":"2024-11-01T17:34:14.728Z"}
{"level":"info","message":"⌛ Building environment","timeElapsed":150,"timestamp":"2024-11-01T17:34:14.880Z"}
{"level":"info","message":"onRequest - completionItem/resolve","timestamp":"2024-11-01T17:34:14.881Z"}
{"level":"info","message":"⌛ Validating suenios/example.wlk","timeElapsed":110,"timestamp":"2024-11-01T17:34:14.990Z"}
{"level":"info","message":"onRequest - completionItem/resolve","timestamp":"2024-11-01T17:34:15.055Z"}
{"level":"info","message":"onRequest - completionItem/resolve","timestamp":"2024-11-01T17:34:15.111Z"}
{"level":"info","message":"onRequest - completionItem/resolve","timestamp":"2024-11-01T17:34:15.263Z"}
{"level":"info","message":"onRequest - completionItem/resolve","timestamp":"2024-11-01T17:34:15.750Z"}
{"level":"info","message":"onRequest - completionItem/resolve","timestamp":"2024-11-01T17:34:16.312Z"}
{"level":"info","message":"onRequest - completionItem/resolve","timestamp":"2024-11-01T17:34:16.572Z"}
{"level":"info","message":"onRequest - completionItem/resolve","timestamp":"2024-11-01T17:34:16.635Z"}
{"level":"info","message":"⌛ Building environment","timeElapsed":113,"timestamp":"2024-11-01T17:34:18.529Z"}
{"level":"info","message":"⌛ Validating suenios/example.wlk","timeElapsed":173,"timestamp":"2024-11-01T17:34:18.707Z"}
{"level":"info","message":"⌛ Building environment","timeElapsed":162,"timestamp":"2024-11-01T17:34:19.070Z"}
{"level":"info","message":"⌛ Validating suenios/example.wlk","timeElapsed":148,"timestamp":"2024-11-01T17:34:19.219Z"}
{"level":"info","message":"⌛ Building environment","timeElapsed":112,"timestamp":"2024-11-01T17:34:19.332Z"}
{"level":"info","message":"⌛ Validating suenios/example.wlk","timeElapsed":157,"timestamp":"2024-11-01T17:34:19.496Z"}
{"level":"info","message":"⌛ Building environment","timeElapsed":117,"timestamp":"2024-11-01T17:34:19.638Z"}
{"level":"info","message":"⌛ Validating suenios/example.wlk","timeElapsed":181,"timestamp":"2024-11-01T17:34:19.819Z"}
{"level":"info","message":"⌛ Building environment","timeElapsed":128,"timestamp":"2024-11-01T17:34:19.949Z"}
{"level":"error","message":"✘ Completions for node failed: Error: [Return]{545d34} at suenios/example.wlk:-- exhausted all cases without a match [Return]{545d34} at suenios/example.wlk:-- exhausted all cases without a match","stack":"Error: [Return]{545d34} at suenios/example.wlk:-- exhausted all cases without a match\n    at c:\\Users\\Martin Aguirre\\.vscode\\extensions\\uqbar.wollok-lsp-ide-0.3.6\\out\\server\\src\\server.js:38:6067\n    at yh (c:\\Users\\Martin Aguirre\\.vscode\\extensions\\uqbar.wollok-lsp-ide-0.3.6\\out\\server\\src\\server.js:2291:42)\n    at kh (c:\\Users\\Martin Aguirre\\.vscode\\extensions\\uqbar.wollok-lsp-ide-0.3.6\\out\\server\\src\\server.js:2291:1004)\n    at Y5n (c:\\Users\\Martin Aguirre\\.vscode\\extensions\\uqbar.wollok-lsp-ide-0.3.6\\out\\server\\src\\server.js:2291:1160)\n    at c:\\Users\\Martin Aguirre\\.vscode\\extensions\\uqbar.wollok-lsp-ide-0.3.6\\out\\server\\src\\server.js:38:6056\n    at yh (c:\\Users\\Martin Aguirre\\.vscode\\extensions\\uqbar.wollok-lsp-ide-0.3.6\\out\\server\\src\\server.js:2291:42)\n    at c:\\Users\\Martin Aguirre\\.vscode\\extensions\\uqbar.wollok-lsp-ide-0.3.6\\out\\server\\src\\server.js:2291:2700\n    at c:\\Users\\Martin Aguirre\\.vscode\\extensions\\uqbar.wollok-lsp-ide-0.3.6\\out\\server\\src\\server.js:2298:3774\n    at c:\\Users\\Martin Aguirre\\.vscode\\extensions\\uqbar.wollok-lsp-ide-0.3.6\\out\\server\\src\\server.js:37:74872\n    at Fe (c:\\Users\\Martin Aguirre\\.vscode\\extensions\\uqbar.wollok-lsp-ide-0.3.6\\out\\server\\src\\server.js:7:8527)","timestamp":"2024-11-01T17:34:19.979Z"}
{"level":"info","message":"⌛ Building environment","timeElapsed":135,"timestamp":"2024-11-01T17:34:20.124Z"}
{"level":"info","message":"⌛ Validating suenios/example.wlk","timeElapsed":190,"timestamp":"2024-11-01T17:34:20.315Z"}
{"level":"info","message":"onRequest - completionItem/resolve","timestamp":"2024-11-01T17:34:20.316Z"}
{"level":"info","message":"⌛ Building environment","timeElapsed":126,"timestamp":"2024-11-01T17:34:20.442Z"}
{"level":"info","message":"onRequest - completionItem/resolve","timestamp":"2024-11-01T17:34:20.442Z"}
{"level":"info","message":"⌛ Validating suenios/example.wlk","timeElapsed":164,"timestamp":"2024-11-01T17:34:20.607Z"}
{"level":"info","message":"⌛ Building environment","timeElapsed":125,"timestamp":"2024-11-01T17:34:20.734Z"}
{"level":"error","message":"✘ Completions for node failed: Error: [Return]{466ae6} at suenios/example.wlk:-- exhausted all cases without a match [Return]{466ae6} at suenios/example.wlk:-- exhausted all cases without a match","stack":"Error: [Return]{466ae6} at suenios/example.wlk:-- exhausted all cases without a match\n    at c:\\Users\\Martin Aguirre\\.vscode\\extensions\\uqbar.wollok-lsp-ide-0.3.6\\out\\server\\src\\server.js:38:6067\n    at yh (c:\\Users\\Martin Aguirre\\.vscode\\extensions\\uqbar.wollok-lsp-ide-0.3.6\\out\\server\\src\\server.js:2291:42)\n    at kh (c:\\Users\\Martin Aguirre\\.vscode\\extensions\\uqbar.wollok-lsp-ide-0.3.6\\out\\server\\src\\server.js:2291:1004)\n    at Y5n (c:\\Users\\Martin Aguirre\\.vscode\\extensions\\uqbar.wollok-lsp-ide-0.3.6\\out\\server\\src\\server.js:2291:1160)\n    at c:\\Users\\Martin Aguirre\\.vscode\\extensions\\uqbar.wollok-lsp-ide-0.3.6\\out\\server\\src\\server.js:38:6056\n    at yh (c:\\Users\\Martin Aguirre\\.vscode\\extensions\\uqbar.wollok-lsp-ide-0.3.6\\out\\server\\src\\server.js:2291:42)\n    at c:\\Users\\Martin Aguirre\\.vscode\\extensions\\uqbar.wollok-lsp-ide-0.3.6\\out\\server\\src\\server.js:2291:2700\n    at c:\\Users\\Martin Aguirre\\.vscode\\extensions\\uqbar.wollok-lsp-ide-0.3.6\\out\\server\\src\\server.js:2298:3774\n    at c:\\Users\\Martin Aguirre\\.vscode\\extensions\\uqbar.wollok-lsp-ide-0.3.6\\out\\server\\src\\server.js:37:74872\n    at Fe (c:\\Users\\Martin Aguirre\\.vscode\\extensions\\uqbar.wollok-lsp-ide-0.3.6\\out\\server\\src\\server.js:7:8527)","timestamp":"2024-11-01T17:34:20.764Z"}
{"level":"info","message":"⌛ Building environment","timeElapsed":170,"timestamp":"2024-11-01T17:34:20.937Z"}
{"level":"info","message":"⌛ Validating suenios/example.wlk","timeElapsed":162,"timestamp":"2024-11-01T17:34:21.104Z"}
{"level":"info","message":"⌛ Building environment","timeElapsed":143,"timestamp":"2024-11-01T17:34:21.248Z"}
{"level":"info","message":"⌛ Building environment","timeElapsed":114,"timestamp":"2024-11-01T17:34:21.364Z"}
{"level":"info","message":"⌛ Building environment","timeElapsed":116,"timestamp":"2024-11-01T17:34:21.482Z"}
{"level":"info","message":"⌛ Validating suenios/example.wlk","timeElapsed":141,"timestamp":"2024-11-01T17:34:21.622Z"}
{"level":"info","message":"⌛ Building environment","timeElapsed":113,"timestamp":"2024-11-01T17:34:21.737Z"}
{"level":"info","message":"⌛ Validating suenios/example.wlk","timeElapsed":162,"timestamp":"2024-11-01T17:34:21.900Z"}
{"level":"info","message":"⌛ Building environment","timeElapsed":106,"timestamp":"2024-11-01T17:34:22.007Z"}
{"level":"info","message":"⌛ Validating suenios/example.wlk","timeElapsed":135,"timestamp":"2024-11-01T17:34:22.158Z"}
{"level":"info","message":"⌛ Building environment","timeElapsed":128,"timestamp":"2024-11-01T17:34:22.294Z"}
{"level":"info","message":"⌛ Validating suenios/example.wlk","timeElapsed":173,"timestamp":"2024-11-01T17:34:22.467Z"}
{"level":"info","message":"⌛ Building environment","timeElapsed":140,"timestamp":"2024-11-01T17:34:22.608Z"}
{"level":"info","message":"⌛ Validating suenios/example.wlk","timeElapsed":141,"timestamp":"2024-11-01T17:34:22.755Z"}
{"level":"info","message":"⌛ Building environment","timeElapsed":134,"timestamp":"2024-11-01T17:34:22.891Z"}
{"level":"error","message":"✘ Completions for node failed: Error: [Return]{3c2e47} at suenios/example.wlk:-- exhausted all cases without a match [Return]{3c2e47} at suenios/example.wlk:-- exhausted all cases without a match","stack":"Error: [Return]{3c2e47} at suenios/example.wlk:-- exhausted all cases without a match\n    at c:\\Users\\Martin Aguirre\\.vscode\\extensions\\uqbar.wollok-lsp-ide-0.3.6\\out\\server\\src\\server.js:38:6067\n    at yh (c:\\Users\\Martin Aguirre\\.vscode\\extensions\\uqbar.wollok-lsp-ide-0.3.6\\out\\server\\src\\server.js:2291:42)\n    at kh (c:\\Users\\Martin Aguirre\\.vscode\\extensions\\uqbar.wollok-lsp-ide-0.3.6\\out\\server\\src\\server.js:2291:1004)\n    at Y5n (c:\\Users\\Martin Aguirre\\.vscode\\extensions\\uqbar.wollok-lsp-ide-0.3.6\\out\\server\\src\\server.js:2291:1160)\n    at c:\\Users\\Martin Aguirre\\.vscode\\extensions\\uqbar.wollok-lsp-ide-0.3.6\\out\\server\\src\\server.js:38:6056\n    at yh (c:\\Users\\Martin Aguirre\\.vscode\\extensions\\uqbar.wollok-lsp-ide-0.3.6\\out\\server\\src\\server.js:2291:42)\n    at c:\\Users\\Martin Aguirre\\.vscode\\extensions\\uqbar.wollok-lsp-ide-0.3.6\\out\\server\\src\\server.js:2291:2700\n    at c:\\Users\\Martin Aguirre\\.vscode\\extensions\\uqbar.wollok-lsp-ide-0.3.6\\out\\server\\src\\server.js:2298:3774\n    at c:\\Users\\Martin Aguirre\\.vscode\\extensions\\uqbar.wollok-lsp-ide-0.3.6\\out\\server\\src\\server.js:37:74872\n    at Fe (c:\\Users\\Martin Aguirre\\.vscode\\extensions\\uqbar.wollok-lsp-ide-0.3.6\\out\\server\\src\\server.js:7:8527)","timestamp":"2024-11-01T17:34:22.920Z"}
{"level":"info","message":"⌛ Validating suenios/example.wlk","timeElapsed":155,"timestamp":"2024-11-01T17:34:23.079Z"}
{"level":"info","message":"⌛ Building environment","timeElapsed":161,"timestamp":"2024-11-01T17:34:23.241Z"}
{"level":"info","message":"⌛ Validating suenios/example.wlk","timeElapsed":137,"timestamp":"2024-11-01T17:34:23.379Z"}
{"level":"info","message":"⌛ Validating suenios/example.wlk","timeElapsed":113,"timestamp":"2024-11-01T17:34:23.728Z"}
{"level":"info","message":"⌛ Building environment","timeElapsed":138,"timestamp":"2024-11-01T17:34:23.878Z"}
{"level":"info","message":"⌛ Building environment","timeElapsed":119,"timestamp":"2024-11-01T17:34:24.005Z"}
{"level":"info","message":"⌛ Building environment","timeElapsed":119,"timestamp":"2024-11-01T17:34:24.127Z"}
{"level":"info","message":"⌛ Validating suenios/example.wlk","timeElapsed":143,"timestamp":"2024-11-01T17:34:24.271Z"}
{"level":"info","message":"⌛ Validating suenios/example.wlk","timeElapsed":131,"timestamp":"2024-11-01T17:34:24.513Z"}
{"level":"info","message":"⌛ Validating suenios/example.wlk","timeElapsed":142,"timestamp":"2024-11-01T17:34:24.657Z"}
{"level":"info","message":"⌛ Validating suenios/example.wlk","timeElapsed":266,"timestamp":"2024-11-01T17:34:24.924Z"}
{"level":"info","message":"⌛ Validating suenios/example.wlk","timeElapsed":264,"timestamp":"2024-11-01T17:34:25.189Z"}
{"level":"info","message":"⌛ Validating suenios/example.wlk","timeElapsed":177,"timestamp":"2024-11-01T17:34:25.367Z"}
{"level":"info","message":"⌛ Validating suenios/example.wlk","timeElapsed":266,"timestamp":"2024-11-01T17:34:25.635Z"}
{"level":"info","message":"⌛ Validating suenios/example.wlk","timeElapsed":285,"timestamp":"2024-11-01T17:34:25.921Z"}
{"level":"info","message":"⌛ Validating suenios/example.wlk","timeElapsed":133,"timestamp":"2024-11-01T17:34:26.054Z"}
{"level":"info","message":"⌛ Validating suenios/example.wlk","timeElapsed":146,"timestamp":"2024-11-01T17:34:26.203Z"}
{"level":"info","message":"onRequest - completionItem/resolve","timestamp":"2024-11-01T17:34:26.203Z"}
{"level":"info","message":"⌛ Building environment","timeElapsed":168,"timestamp":"2024-11-01T17:34:29.125Z"}
{"level":"info","message":"onRequest - completionItem/resolve","timestamp":"2024-11-01T17:34:29.125Z"}
{"level":"info","message":"onRequest - completionItem/resolve","timestamp":"2024-11-01T17:34:29.181Z"}
{"level":"info","message":"⌛ Validating suenios/example.wlk","timeElapsed":128,"timestamp":"2024-11-01T17:34:29.309Z"}
{"level":"info","message":"⌛ Building environment","timeElapsed":104,"timestamp":"2024-11-01T17:34:29.555Z"}
{"level":"info","message":"⌛ Validating suenios/example.wlk","timeElapsed":135,"timestamp":"2024-11-01T17:34:29.691Z"}
{"level":"info","message":"⌛ Building environment","timeElapsed":130,"timestamp":"2024-11-01T17:34:30.010Z"}
{"level":"info","message":"⌛ Validating suenios/example.wlk","timeElapsed":119,"timestamp":"2024-11-01T17:34:30.228Z"}
{"level":"info","message":"onRequest - completionItem/resolve","timestamp":"2024-11-01T17:34:30.325Z"}
{"level":"info","message":"onRequest - completionItem/resolve","timestamp":"2024-11-01T17:34:30.491Z"}
{"level":"info","message":"⌛ Validating suenios/example.wlk","timeElapsed":162,"timestamp":"2024-11-01T17:34:30.744Z"}
{"level":"error","message":"✘ Completions for node failed: Error: [Send]{a63062} at suenios/example.wlk:88 exhausted all cases without a match [Send]{a63062} at suenios/example.wlk:88 exhausted all cases without a match","stack":"Error: [Send]{a63062} at suenios/example.wlk:88 exhausted all cases without a match\n    at c:\\Users\\Martin Aguirre\\.vscode\\extensions\\uqbar.wollok-lsp-ide-0.3.6\\out\\server\\src\\server.js:38:6067\n    at yh (c:\\Users\\Martin Aguirre\\.vscode\\extensions\\uqbar.wollok-lsp-ide-0.3.6\\out\\server\\src\\server.js:2291:42)\n    at kh (c:\\Users\\Martin Aguirre\\.vscode\\extensions\\uqbar.wollok-lsp-ide-0.3.6\\out\\server\\src\\server.js:2291:1004)\n    at Y5n (c:\\Users\\Martin Aguirre\\.vscode\\extensions\\uqbar.wollok-lsp-ide-0.3.6\\out\\server\\src\\server.js:2291:1160)\n    at c:\\Users\\Martin Aguirre\\.vscode\\extensions\\uqbar.wollok-lsp-ide-0.3.6\\out\\server\\src\\server.js:38:6056\n    at yh (c:\\Users\\Martin Aguirre\\.vscode\\extensions\\uqbar.wollok-lsp-ide-0.3.6\\out\\server\\src\\server.js:2291:42)\n    at c:\\Users\\Martin Aguirre\\.vscode\\extensions\\uqbar.wollok-lsp-ide-0.3.6\\out\\server\\src\\server.js:2291:2700\n    at c:\\Users\\Martin Aguirre\\.vscode\\extensions\\uqbar.wollok-lsp-ide-0.3.6\\out\\server\\src\\server.js:2298:3774\n    at c:\\Users\\Martin Aguirre\\.vscode\\extensions\\uqbar.wollok-lsp-ide-0.3.6\\out\\server\\src\\server.js:37:74872\n    at Fe (c:\\Users\\Martin Aguirre\\.vscode\\extensions\\uqbar.wollok-lsp-ide-0.3.6\\out\\server\\src\\server.js:7:8527)","timestamp":"2024-11-01T17:34:31.313Z"}
{"level":"error","message":"✘ Completions for node failed: Error: [Return]{6ed033} at suenios/example.wlk:-- exhausted all cases without a match [Return]{6ed033} at suenios/example.wlk:-- exhausted all cases without a match","stack":"Error: [Return]{6ed033} at suenios/example.wlk:-- exhausted all cases without a match\n    at c:\\Users\\Martin Aguirre\\.vscode\\extensions\\uqbar.wollok-lsp-ide-0.3.6\\out\\server\\src\\server.js:38:6067\n    at yh (c:\\Users\\Martin Aguirre\\.vscode\\extensions\\uqbar.wollok-lsp-ide-0.3.6\\out\\server\\src\\server.js:2291:42)\n    at kh (c:\\Users\\Martin Aguirre\\.vscode\\extensions\\uqbar.wollok-lsp-ide-0.3.6\\out\\server\\src\\server.js:2291:1004)\n    at yh (c:\\Users\\Martin Aguirre\\.vscode\\extensions\\uqbar.wollok-lsp-ide-0.3.6\\out\\server\\src\\server.js:2291:456)\n    at kh (c:\\Users\\Martin Aguirre\\.vscode\\extensions\\uqbar.wollok-lsp-ide-0.3.6\\out\\server\\src\\server.js:2291:1004)\n    at Y5n (c:\\Users\\Martin Aguirre\\.vscode\\extensions\\uqbar.wollok-lsp-ide-0.3.6\\out\\server\\src\\server.js:2291:1160)\n    at c:\\Users\\Martin Aguirre\\.vscode\\extensions\\uqbar.wollok-lsp-ide-0.3.6\\out\\server\\src\\server.js:38:6056\n    at yh (c:\\Users\\Martin Aguirre\\.vscode\\extensions\\uqbar.wollok-lsp-ide-0.3.6\\out\\server\\src\\server.js:2291:42)\n    at c:\\Users\\Martin Aguirre\\.vscode\\extensions\\uqbar.wollok-lsp-ide-0.3.6\\out\\server\\src\\server.js:2291:2700\n    at c:\\Users\\Martin Aguirre\\.vscode\\extensions\\uqbar.wollok-lsp-ide-0.3.6\\out\\server\\src\\server.js:2298:3774","timestamp":"2024-11-01T17:34:31.313Z"}
{"level":"info","message":"⌛ Validating suenios/example.wlk","timeElapsed":114,"timestamp":"2024-11-01T17:34:31.429Z"}
{"level":"info","message":"onRequest - completionItem/resolve","timestamp":"2024-11-01T17:34:31.430Z"}
{"level":"info","message":"onRequest - completionItem/resolve","timestamp":"2024-11-01T17:34:31.527Z"}
{"level":"error","message":"✘ Completions for node failed: Error: [Send]{83cb48} at suenios/example.wlk:88 exhausted all cases without a match [Send]{83cb48} at suenios/example.wlk:88 exhausted all cases without a match","stack":"Error: [Send]{83cb48} at suenios/example.wlk:88 exhausted all cases without a match\n    at c:\\Users\\Martin Aguirre\\.vscode\\extensions\\uqbar.wollok-lsp-ide-0.3.6\\out\\server\\src\\server.js:38:6067\n    at yh (c:\\Users\\Martin Aguirre\\.vscode\\extensions\\uqbar.wollok-lsp-ide-0.3.6\\out\\server\\src\\server.js:2291:42)\n    at kh (c:\\Users\\Martin Aguirre\\.vscode\\extensions\\uqbar.wollok-lsp-ide-0.3.6\\out\\server\\src\\server.js:2291:1004)\n    at Y5n (c:\\Users\\Martin Aguirre\\.vscode\\extensions\\uqbar.wollok-lsp-ide-0.3.6\\out\\server\\src\\server.js:2291:1160)\n    at c:\\Users\\Martin Aguirre\\.vscode\\extensions\\uqbar.wollok-lsp-ide-0.3.6\\out\\server\\src\\server.js:38:6056\n    at yh (c:\\Users\\Martin Aguirre\\.vscode\\extensions\\uqbar.wollok-lsp-ide-0.3.6\\out\\server\\src\\server.js:2291:42)\n    at c:\\Users\\Martin Aguirre\\.vscode\\extensions\\uqbar.wollok-lsp-ide-0.3.6\\out\\server\\src\\server.js:2291:2700\n    at c:\\Users\\Martin Aguirre\\.vscode\\extensions\\uqbar.wollok-lsp-ide-0.3.6\\out\\server\\src\\server.js:2298:3774\n    at c:\\Users\\Martin Aguirre\\.vscode\\extensions\\uqbar.wollok-lsp-ide-0.3.6\\out\\server\\src\\server.js:37:74872\n    at Fe (c:\\Users\\Martin Aguirre\\.vscode\\extensions\\uqbar.wollok-lsp-ide-0.3.6\\out\\server\\src\\server.js:7:8527)","timestamp":"2024-11-01T17:34:31.622Z"}
{"level":"error","message":"✘ Completions for node failed: Error: [Return]{ab07e9} at suenios/example.wlk:-- exhausted all cases without a match [Return]{ab07e9} at suenios/example.wlk:-- exhausted all cases without a match","stack":"Error: [Return]{ab07e9} at suenios/example.wlk:-- exhausted all cases without a match\n    at c:\\Users\\Martin Aguirre\\.vscode\\extensions\\uqbar.wollok-lsp-ide-0.3.6\\out\\server\\src\\server.js:38:6067\n    at yh (c:\\Users\\Martin Aguirre\\.vscode\\extensions\\uqbar.wollok-lsp-ide-0.3.6\\out\\server\\src\\server.js:2291:42)\n    at kh (c:\\Users\\Martin Aguirre\\.vscode\\extensions\\uqbar.wollok-lsp-ide-0.3.6\\out\\server\\src\\server.js:2291:1004)\n    at yh (c:\\Users\\Martin Aguirre\\.vscode\\extensions\\uqbar.wollok-lsp-ide-0.3.6\\out\\server\\src\\server.js:2291:456)\n    at kh (c:\\Users\\Martin Aguirre\\.vscode\\extensions\\uqbar.wollok-lsp-ide-0.3.6\\out\\server\\src\\server.js:2291:1004)\n    at Y5n (c:\\Users\\Martin Aguirre\\.vscode\\extensions\\uqbar.wollok-lsp-ide-0.3.6\\out\\server\\src\\server.js:2291:1160)\n    at c:\\Users\\Martin Aguirre\\.vscode\\extensions\\uqbar.wollok-lsp-ide-0.3.6\\out\\server\\src\\server.js:38:6056\n    at yh (c:\\Users\\Martin Aguirre\\.vscode\\extensions\\uqbar.wollok-lsp-ide-0.3.6\\out\\server\\src\\server.js:2291:42)\n    at c:\\Users\\Martin Aguirre\\.vscode\\extensions\\uqbar.wollok-lsp-ide-0.3.6\\out\\server\\src\\server.js:2291:2700\n    at c:\\Users\\Martin Aguirre\\.vscode\\extensions\\uqbar.wollok-lsp-ide-0.3.6\\out\\server\\src\\server.js:2298:3774","timestamp":"2024-11-01T17:34:31.622Z"}
{"level":"info","message":"⌛ Validating suenios/example.wlk","timeElapsed":120,"timestamp":"2024-11-01T17:34:31.745Z"}
{"level":"info","message":"⌛ Validating suenios/example.wlk","timeElapsed":143,"timestamp":"2024-11-01T17:34:31.888Z"}
{"level":"info","message":"⌛ Building environment","timeElapsed":114,"timestamp":"2024-11-01T17:34:32.446Z"}
{"level":"error","message":"✘ Completions for node failed: Error: [Send]{cbb719} at suenios/example.wlk:88 exhausted all cases without a match [Send]{cbb719} at suenios/example.wlk:88 exhausted all cases without a match","stack":"Error: [Send]{cbb719} at suenios/example.wlk:88 exhausted all cases without a match\n    at c:\\Users\\Martin Aguirre\\.vscode\\extensions\\uqbar.wollok-lsp-ide-0.3.6\\out\\server\\src\\server.js:38:6067\n    at yh (c:\\Users\\Martin Aguirre\\.vscode\\extensions\\uqbar.wollok-lsp-ide-0.3.6\\out\\server\\src\\server.js:2291:42)\n    at kh (c:\\Users\\Martin Aguirre\\.vscode\\extensions\\uqbar.wollok-lsp-ide-0.3.6\\out\\server\\src\\server.js:2291:1004)\n    at Y5n (c:\\Users\\Martin Aguirre\\.vscode\\extensions\\uqbar.wollok-lsp-ide-0.3.6\\out\\server\\src\\server.js:2291:1160)\n    at c:\\Users\\Martin Aguirre\\.vscode\\extensions\\uqbar.wollok-lsp-ide-0.3.6\\out\\server\\src\\server.js:38:6056\n    at yh (c:\\Users\\Martin Aguirre\\.vscode\\extensions\\uqbar.wollok-lsp-ide-0.3.6\\out\\server\\src\\server.js:2291:42)\n    at c:\\Users\\Martin Aguirre\\.vscode\\extensions\\uqbar.wollok-lsp-ide-0.3.6\\out\\server\\src\\server.js:2291:2700\n    at c:\\Users\\Martin Aguirre\\.vscode\\extensions\\uqbar.wollok-lsp-ide-0.3.6\\out\\server\\src\\server.js:2298:3774\n    at c:\\Users\\Martin Aguirre\\.vscode\\extensions\\uqbar.wollok-lsp-ide-0.3.6\\out\\server\\src\\server.js:37:74872\n    at Fe (c:\\Users\\Martin Aguirre\\.vscode\\extensions\\uqbar.wollok-lsp-ide-0.3.6\\out\\server\\src\\server.js:7:8527)","timestamp":"2024-11-01T17:34:32.475Z"}
{"level":"error","message":"✘ Completions for node failed: Error: [Return]{63ded9} at suenios/example.wlk:-- exhausted all cases without a match [Return]{63ded9} at suenios/example.wlk:-- exhausted all cases without a match","stack":"Error: [Return]{63ded9} at suenios/example.wlk:-- exhausted all cases without a match\n    at c:\\Users\\Martin Aguirre\\.vscode\\extensions\\uqbar.wollok-lsp-ide-0.3.6\\out\\server\\src\\server.js:38:6067\n    at yh (c:\\Users\\Martin Aguirre\\.vscode\\extensions\\uqbar.wollok-lsp-ide-0.3.6\\out\\server\\src\\server.js:2291:42)\n    at kh (c:\\Users\\Martin Aguirre\\.vscode\\extensions\\uqbar.wollok-lsp-ide-0.3.6\\out\\server\\src\\server.js:2291:1004)\n    at yh (c:\\Users\\Martin Aguirre\\.vscode\\extensions\\uqbar.wollok-lsp-ide-0.3.6\\out\\server\\src\\server.js:2291:456)\n    at kh (c:\\Users\\Martin Aguirre\\.vscode\\extensions\\uqbar.wollok-lsp-ide-0.3.6\\out\\server\\src\\server.js:2291:1004)\n    at Y5n (c:\\Users\\Martin Aguirre\\.vscode\\extensions\\uqbar.wollok-lsp-ide-0.3.6\\out\\server\\src\\server.js:2291:1160)\n    at c:\\Users\\Martin Aguirre\\.vscode\\extensions\\uqbar.wollok-lsp-ide-0.3.6\\out\\server\\src\\server.js:38:6056\n    at yh (c:\\Users\\Martin Aguirre\\.vscode\\extensions\\uqbar.wollok-lsp-ide-0.3.6\\out\\server\\src\\server.js:2291:42)\n    at c:\\Users\\Martin Aguirre\\.vscode\\extensions\\uqbar.wollok-lsp-ide-0.3.6\\out\\server\\src\\server.js:2291:2700\n    at c:\\Users\\Martin Aguirre\\.vscode\\extensions\\uqbar.wollok-lsp-ide-0.3.6\\out\\server\\src\\server.js:2298:3774","timestamp":"2024-11-01T17:34:32.475Z"}
{"level":"info","message":"⌛ Validating suenios/example.wlk","timeElapsed":122,"timestamp":"2024-11-01T17:34:32.599Z"}
{"level":"error","message":"✘ Completions for node failed: Error: [Send]{c7a98e} at suenios/example.wlk:88 exhausted all cases without a match [Send]{c7a98e} at suenios/example.wlk:88 exhausted all cases without a match","stack":"Error: [Send]{c7a98e} at suenios/example.wlk:88 exhausted all cases without a match\n    at c:\\Users\\Martin Aguirre\\.vscode\\extensions\\uqbar.wollok-lsp-ide-0.3.6\\out\\server\\src\\server.js:38:6067\n    at yh (c:\\Users\\Martin Aguirre\\.vscode\\extensions\\uqbar.wollok-lsp-ide-0.3.6\\out\\server\\src\\server.js:2291:42)\n    at kh (c:\\Users\\Martin Aguirre\\.vscode\\extensions\\uqbar.wollok-lsp-ide-0.3.6\\out\\server\\src\\server.js:2291:1004)\n    at Y5n (c:\\Users\\Martin Aguirre\\.vscode\\extensions\\uqbar.wollok-lsp-ide-0.3.6\\out\\server\\src\\server.js:2291:1160)\n    at c:\\Users\\Martin Aguirre\\.vscode\\extensions\\uqbar.wollok-lsp-ide-0.3.6\\out\\server\\src\\server.js:38:6056\n    at yh (c:\\Users\\Martin Aguirre\\.vscode\\extensions\\uqbar.wollok-lsp-ide-0.3.6\\out\\server\\src\\server.js:2291:42)\n    at c:\\Users\\Martin Aguirre\\.vscode\\extensions\\uqbar.wollok-lsp-ide-0.3.6\\out\\server\\src\\server.js:2291:2700\n    at c:\\Users\\Martin Aguirre\\.vscode\\extensions\\uqbar.wollok-lsp-ide-0.3.6\\out\\server\\src\\server.js:2298:3774\n    at c:\\Users\\Martin Aguirre\\.vscode\\extensions\\uqbar.wollok-lsp-ide-0.3.6\\out\\server\\src\\server.js:37:74872\n    at Fe (c:\\Users\\Martin Aguirre\\.vscode\\extensions\\uqbar.wollok-lsp-ide-0.3.6\\out\\server\\src\\server.js:7:8527)","timestamp":"2024-11-01T17:34:32.693Z"}
{"level":"error","message":"✘ Completions for node failed: Error: [Return]{989565} at suenios/example.wlk:-- exhausted all cases without a match [Return]{989565} at suenios/example.wlk:-- exhausted all cases without a match","stack":"Error: [Return]{989565} at suenios/example.wlk:-- exhausted all cases without a match\n    at c:\\Users\\Martin Aguirre\\.vscode\\extensions\\uqbar.wollok-lsp-ide-0.3.6\\out\\server\\src\\server.js:38:6067\n    at yh (c:\\Users\\Martin Aguirre\\.vscode\\extensions\\uqbar.wollok-lsp-ide-0.3.6\\out\\server\\src\\server.js:2291:42)\n    at kh (c:\\Users\\Martin Aguirre\\.vscode\\extensions\\uqbar.wollok-lsp-ide-0.3.6\\out\\server\\src\\server.js:2291:1004)\n    at yh (c:\\Users\\Martin Aguirre\\.vscode\\extensions\\uqbar.wollok-lsp-ide-0.3.6\\out\\server\\src\\server.js:2291:456)\n    at kh (c:\\Users\\Martin Aguirre\\.vscode\\extensions\\uqbar.wollok-lsp-ide-0.3.6\\out\\server\\src\\server.js:2291:1004)\n    at Y5n (c:\\Users\\Martin Aguirre\\.vscode\\extensions\\uqbar.wollok-lsp-ide-0.3.6\\out\\server\\src\\server.js:2291:1160)\n    at c:\\Users\\Martin Aguirre\\.vscode\\extensions\\uqbar.wollok-lsp-ide-0.3.6\\out\\server\\src\\server.js:38:6056\n    at yh (c:\\Users\\Martin Aguirre\\.vscode\\extensions\\uqbar.wollok-lsp-ide-0.3.6\\out\\server\\src\\server.js:2291:42)\n    at c:\\Users\\Martin Aguirre\\.vscode\\extensions\\uqbar.wollok-lsp-ide-0.3.6\\out\\server\\src\\server.js:2291:2700\n    at c:\\Users\\Martin Aguirre\\.vscode\\extensions\\uqbar.wollok-lsp-ide-0.3.6\\out\\server\\src\\server.js:2298:3774","timestamp":"2024-11-01T17:34:32.693Z"}
{"level":"info","message":"⌛ Building environment","timeElapsed":191,"timestamp":"2024-11-01T17:34:32.888Z"}
{"level":"info","message":"⌛ Validating suenios/example.wlk","timeElapsed":117,"timestamp":"2024-11-01T17:34:33.006Z"}
{"level":"info","message":"⌛ Building environment","timeElapsed":136,"timestamp":"2024-11-01T17:34:33.143Z"}
{"level":"error","message":"✘ Completions for node failed: Error: [Send]{9c9090} at suenios/example.wlk:88 exhausted all cases without a match [Send]{9c9090} at suenios/example.wlk:88 exhausted all cases without a match","stack":"Error: [Send]{9c9090} at suenios/example.wlk:88 exhausted all cases without a match\n    at c:\\Users\\Martin Aguirre\\.vscode\\extensions\\uqbar.wollok-lsp-ide-0.3.6\\out\\server\\src\\server.js:38:6067\n    at yh (c:\\Users\\Martin Aguirre\\.vscode\\extensions\\uqbar.wollok-lsp-ide-0.3.6\\out\\server\\src\\server.js:2291:42)\n    at kh (c:\\Users\\Martin Aguirre\\.vscode\\extensions\\uqbar.wollok-lsp-ide-0.3.6\\out\\server\\src\\server.js:2291:1004)\n    at Y5n (c:\\Users\\Martin Aguirre\\.vscode\\extensions\\uqbar.wollok-lsp-ide-0.3.6\\out\\server\\src\\server.js:2291:1160)\n    at c:\\Users\\Martin Aguirre\\.vscode\\extensions\\uqbar.wollok-lsp-ide-0.3.6\\out\\server\\src\\server.js:38:6056\n    at yh (c:\\Users\\Martin Aguirre\\.vscode\\extensions\\uqbar.wollok-lsp-ide-0.3.6\\out\\server\\src\\server.js:2291:42)\n    at c:\\Users\\Martin Aguirre\\.vscode\\extensions\\uqbar.wollok-lsp-ide-0.3.6\\out\\server\\src\\server.js:2291:2700\n    at c:\\Users\\Martin Aguirre\\.vscode\\extensions\\uqbar.wollok-lsp-ide-0.3.6\\out\\server\\src\\server.js:2298:3774\n    at c:\\Users\\Martin Aguirre\\.vscode\\extensions\\uqbar.wollok-lsp-ide-0.3.6\\out\\server\\src\\server.js:37:74872\n    at Fe (c:\\Users\\Martin Aguirre\\.vscode\\extensions\\uqbar.wollok-lsp-ide-0.3.6\\out\\server\\src\\server.js:7:8527)","timestamp":"2024-11-01T17:34:33.166Z"}
{"level":"error","message":"✘ Completions for node failed: Error: [Return]{2e5837} at suenios/example.wlk:-- exhausted all cases without a match [Return]{2e5837} at suenios/example.wlk:-- exhausted all cases without a match","stack":"Error: [Return]{2e5837} at suenios/example.wlk:-- exhausted all cases without a match\n    at c:\\Users\\Martin Aguirre\\.vscode\\extensions\\uqbar.wollok-lsp-ide-0.3.6\\out\\server\\src\\server.js:38:6067\n    at yh (c:\\Users\\Martin Aguirre\\.vscode\\extensions\\uqbar.wollok-lsp-ide-0.3.6\\out\\server\\src\\server.js:2291:42)\n    at kh (c:\\Users\\Martin Aguirre\\.vscode\\extensions\\uqbar.wollok-lsp-ide-0.3.6\\out\\server\\src\\server.js:2291:1004)\n    at yh (c:\\Users\\Martin Aguirre\\.vscode\\extensions\\uqbar.wollok-lsp-ide-0.3.6\\out\\server\\src\\server.js:2291:456)\n    at kh (c:\\Users\\Martin Aguirre\\.vscode\\extensions\\uqbar.wollok-lsp-ide-0.3.6\\out\\server\\src\\server.js:2291:1004)\n    at Y5n (c:\\Users\\Martin Aguirre\\.vscode\\extensions\\uqbar.wollok-lsp-ide-0.3.6\\out\\server\\src\\server.js:2291:1160)\n    at c:\\Users\\Martin Aguirre\\.vscode\\extensions\\uqbar.wollok-lsp-ide-0.3.6\\out\\server\\src\\server.js:38:6056\n    at yh (c:\\Users\\Martin Aguirre\\.vscode\\extensions\\uqbar.wollok-lsp-ide-0.3.6\\out\\server\\src\\server.js:2291:42)\n    at c:\\Users\\Martin Aguirre\\.vscode\\extensions\\uqbar.wollok-lsp-ide-0.3.6\\out\\server\\src\\server.js:2291:2700\n    at c:\\Users\\Martin Aguirre\\.vscode\\extensions\\uqbar.wollok-lsp-ide-0.3.6\\out\\server\\src\\server.js:2298:3774","timestamp":"2024-11-01T17:34:33.166Z"}
{"level":"info","message":"⌛ Building environment","timeElapsed":170,"timestamp":"2024-11-01T17:34:33.340Z"}
{"level":"info","message":"⌛ Building environment","timeElapsed":143,"timestamp":"2024-11-01T17:34:33.575Z"}
{"level":"info","message":"⌛ Validating suenios/example.wlk","timeElapsed":136,"timestamp":"2024-11-01T17:34:33.798Z"}
{"level":"info","message":"⌛ Validating suenios/example.wlk","timeElapsed":114,"timestamp":"2024-11-01T17:34:33.914Z"}
{"level":"info","message":"⌛ Validating suenios/example.wlk","timeElapsed":141,"timestamp":"2024-11-01T17:34:34.063Z"}
{"level":"info","message":"⌛ Validating suenios/example.wlk","timeElapsed":101,"timestamp":"2024-11-01T17:34:34.164Z"}
{"level":"info","message":"⌛ Building environment","timeElapsed":155,"timestamp":"2024-11-01T17:36:48.297Z"}
{"level":"info","message":"⌛ Validating suenios/example.wlk","timeElapsed":150,"timestamp":"2024-11-01T17:36:48.450Z"}
{"level":"info","message":"⌛ Building environment","timeElapsed":120,"timestamp":"2024-11-01T17:36:48.666Z"}
{"level":"info","message":"⌛ Validating suenios/example.wlk","timeElapsed":156,"timestamp":"2024-11-01T17:36:48.822Z"}
{"level":"info","message":"⌛ Validating suenios/example.wlk","timeElapsed":144,"timestamp":"2024-11-01T17:36:49.580Z"}
{"level":"info","message":"⌛ Building environment","timeElapsed":168,"timestamp":"2024-11-01T17:36:49.814Z"}
{"level":"info","message":"onRequest - completionItem/resolve","timestamp":"2024-11-01T17:36:49.815Z"}
{"level":"info","message":"⌛ Building environment","timeElapsed":102,"timestamp":"2024-11-01T17:36:49.917Z"}
{"level":"info","message":"onRequest - completionItem/resolve","timestamp":"2024-11-01T17:36:49.918Z"}
{"level":"info","message":"onRequest - completionItem/resolve","timestamp":"2024-11-01T17:36:50.007Z"}
{"level":"info","message":"⌛ Building environment","timeElapsed":164,"timestamp":"2024-11-01T17:36:50.172Z"}
{"level":"info","message":"onRequest - completionItem/resolve","timestamp":"2024-11-01T17:36:50.173Z"}
{"level":"info","message":"⌛ Validating suenios/example.wlk","timeElapsed":141,"timestamp":"2024-11-01T17:36:50.314Z"}
{"level":"info","message":"⌛ Validating suenios/example.wlk","timeElapsed":155,"timestamp":"2024-11-01T17:36:50.470Z"}
{"level":"info","message":"⌛ Validating suenios/example.wlk","timeElapsed":120,"timestamp":"2024-11-01T17:36:50.598Z"}
{"level":"info","message":"⌛ Building environment","timeElapsed":145,"timestamp":"2024-11-01T17:36:50.758Z"}
{"level":"info","message":"onRequest - completionItem/resolve","timestamp":"2024-11-01T17:36:50.759Z"}
{"level":"info","message":"⌛ Validating suenios/example.wlk","timeElapsed":109,"timestamp":"2024-11-01T17:36:50.868Z"}
{"level":"info","message":"⌛ Building environment","timeElapsed":121,"timestamp":"2024-11-01T17:36:50.991Z"}
{"level":"info","message":"onRequest - completionItem/resolve","timestamp":"2024-11-01T17:36:50.992Z"}
{"level":"info","message":"onRequest - completionItem/resolve","timestamp":"2024-11-01T17:36:51.062Z"}
{"level":"info","message":"⌛ Building environment","timeElapsed":101,"timestamp":"2024-11-01T17:36:51.163Z"}
{"level":"error","message":"✘ Completions for node failed: Error: suenios.example.Persona.tip [Field]{441c60} at suenios/example.wlk:8 exhausted all cases without a match suenios.example.Persona.tip [Field]{441c60} at suenios/example.wlk:8 exhausted all cases without a match","stack":"Error: suenios.example.Persona.tip [Field]{441c60} at suenios/example.wlk:8 exhausted all cases without a match\n    at c:\\Users\\Martin Aguirre\\.vscode\\extensions\\uqbar.wollok-lsp-ide-0.3.6\\out\\server\\src\\server.js:38:6067\n    at yh (c:\\Users\\Martin Aguirre\\.vscode\\extensions\\uqbar.wollok-lsp-ide-0.3.6\\out\\server\\src\\server.js:2291:42)\n    at c:\\Users\\Martin Aguirre\\.vscode\\extensions\\uqbar.wollok-lsp-ide-0.3.6\\out\\server\\src\\server.js:2291:2700\n    at c:\\Users\\Martin Aguirre\\.vscode\\extensions\\uqbar.wollok-lsp-ide-0.3.6\\out\\server\\src\\server.js:2298:3774\n    at c:\\Users\\Martin Aguirre\\.vscode\\extensions\\uqbar.wollok-lsp-ide-0.3.6\\out\\server\\src\\server.js:37:74872\n    at Fe (c:\\Users\\Martin Aguirre\\.vscode\\extensions\\uqbar.wollok-lsp-ide-0.3.6\\out\\server\\src\\server.js:7:8527)\n    at Pt (c:\\Users\\Martin Aguirre\\.vscode\\extensions\\uqbar.wollok-lsp-ide-0.3.6\\out\\server\\src\\server.js:7:6189)\n    at Gi (c:\\Users\\Martin Aguirre\\.vscode\\extensions\\uqbar.wollok-lsp-ide-0.3.6\\out\\server\\src\\server.js:7:6378)\n    at Immediate._onImmediate (c:\\Users\\Martin Aguirre\\.vscode\\extensions\\uqbar.wollok-lsp-ide-0.3.6\\out\\server\\src\\server.js:7:6142)\n    at process.processImmediate (node:internal/timers:483:21)","timestamp":"2024-11-01T17:36:51.184Z"}
{"level":"info","message":"⌛ Validating suenios/example.wlk","timeElapsed":123,"timestamp":"2024-11-01T17:36:51.473Z"}
{"level":"info","message":"⌛ Validating suenios/example.wlk","timeElapsed":101,"timestamp":"2024-11-01T17:36:51.662Z"}
{"level":"info","message":"⌛ Validating suenios/example.wlk","timeElapsed":118,"timestamp":"2024-11-01T17:36:51.781Z"}
{"level":"info","message":"⌛ Validating suenios/example.wlk","timeElapsed":133,"timestamp":"2024-11-01T17:36:51.992Z"}
{"level":"info","message":"⌛ Validating suenios/example.wlk","timeElapsed":129,"timestamp":"2024-11-01T17:36:52.122Z"}
{"level":"info","message":"⌛ Validating suenios/example.wlk","timeElapsed":111,"timestamp":"2024-11-01T17:36:52.311Z"}
{"level":"info","message":"⌛ Validating suenios/example.wlk","timeElapsed":133,"timestamp":"2024-11-01T17:36:52.524Z"}
{"level":"info","message":"⌛ Building environment","timeElapsed":105,"timestamp":"2024-11-01T17:36:52.630Z"}
{"level":"info","message":"⌛ Validating suenios/example.wlk","timeElapsed":115,"timestamp":"2024-11-01T17:36:52.751Z"}
{"level":"info","message":"⌛ Building environment","timeElapsed":102,"timestamp":"2024-11-01T17:36:52.859Z"}
{"level":"error","message":"✘ Completions for node failed: Error: suenios.example.Persona.tipoD [Field]{27e7bf} at suenios/example.wlk:8 exhausted all cases without a match suenios.example.Persona.tipoD [Field]{27e7bf} at suenios/example.wlk:8 exhausted all cases without a match","stack":"Error: suenios.example.Persona.tipoD [Field]{27e7bf} at suenios/example.wlk:8 exhausted all cases without a match\n    at c:\\Users\\Martin Aguirre\\.vscode\\extensions\\uqbar.wollok-lsp-ide-0.3.6\\out\\server\\src\\server.js:38:6067\n    at yh (c:\\Users\\Martin Aguirre\\.vscode\\extensions\\uqbar.wollok-lsp-ide-0.3.6\\out\\server\\src\\server.js:2291:42)\n    at c:\\Users\\Martin Aguirre\\.vscode\\extensions\\uqbar.wollok-lsp-ide-0.3.6\\out\\server\\src\\server.js:2291:2700\n    at c:\\Users\\Martin Aguirre\\.vscode\\extensions\\uqbar.wollok-lsp-ide-0.3.6\\out\\server\\src\\server.js:2298:3774\n    at c:\\Users\\Martin Aguirre\\.vscode\\extensions\\uqbar.wollok-lsp-ide-0.3.6\\out\\server\\src\\server.js:37:74872\n    at Fe (c:\\Users\\Martin Aguirre\\.vscode\\extensions\\uqbar.wollok-lsp-ide-0.3.6\\out\\server\\src\\server.js:7:8527)\n    at Pt (c:\\Users\\Martin Aguirre\\.vscode\\extensions\\uqbar.wollok-lsp-ide-0.3.6\\out\\server\\src\\server.js:7:6189)\n    at Gi (c:\\Users\\Martin Aguirre\\.vscode\\extensions\\uqbar.wollok-lsp-ide-0.3.6\\out\\server\\src\\server.js:7:6378)\n    at Immediate._onImmediate (c:\\Users\\Martin Aguirre\\.vscode\\extensions\\uqbar.wollok-lsp-ide-0.3.6\\out\\server\\src\\server.js:7:6142)\n    at process.processImmediate (node:internal/timers:483:21)","timestamp":"2024-11-01T17:36:52.877Z"}
{"level":"info","message":"⌛ Validating suenios/example.wlk","timeElapsed":153,"timestamp":"2024-11-01T17:36:53.033Z"}
{"level":"info","message":"⌛ Validating suenios/example.wlk","timeElapsed":117,"timestamp":"2024-11-01T17:36:53.247Z"}
{"level":"info","message":"⌛ Building environment","timeElapsed":104,"timestamp":"2024-11-01T17:36:53.356Z"}
{"level":"info","message":"⌛ Validating suenios/example.wlk","timeElapsed":133,"timestamp":"2024-11-01T17:36:53.490Z"}
{"level":"info","message":"⌛ Building environment","timeElapsed":101,"timestamp":"2024-11-01T17:36:53.592Z"}
{"level":"error","message":"✘ Completions for node failed: Error: suenios.example.Persona.tipoDePers [Field]{b615c3} at suenios/example.wlk:8 exhausted all cases without a match suenios.example.Persona.tipoDePers [Field]{b615c3} at suenios/example.wlk:8 exhausted all cases without a match","stack":"Error: suenios.example.Persona.tipoDePers [Field]{b615c3} at suenios/example.wlk:8 exhausted all cases without a match\n    at c:\\Users\\Martin Aguirre\\.vscode\\extensions\\uqbar.wollok-lsp-ide-0.3.6\\out\\server\\src\\server.js:38:6067\n    at yh (c:\\Users\\Martin Aguirre\\.vscode\\extensions\\uqbar.wollok-lsp-ide-0.3.6\\out\\server\\src\\server.js:2291:42)\n    at c:\\Users\\Martin Aguirre\\.vscode\\extensions\\uqbar.wollok-lsp-ide-0.3.6\\out\\server\\src\\server.js:2291:2700\n    at c:\\Users\\Martin Aguirre\\.vscode\\extensions\\uqbar.wollok-lsp-ide-0.3.6\\out\\server\\src\\server.js:2298:3774\n    at c:\\Users\\Martin Aguirre\\.vscode\\extensions\\uqbar.wollok-lsp-ide-0.3.6\\out\\server\\src\\server.js:37:74872\n    at Fe (c:\\Users\\Martin Aguirre\\.vscode\\extensions\\uqbar.wollok-lsp-ide-0.3.6\\out\\server\\src\\server.js:7:8527)\n    at Pt (c:\\Users\\Martin Aguirre\\.vscode\\extensions\\uqbar.wollok-lsp-ide-0.3.6\\out\\server\\src\\server.js:7:6189)\n    at Gi (c:\\Users\\Martin Aguirre\\.vscode\\extensions\\uqbar.wollok-lsp-ide-0.3.6\\out\\server\\src\\server.js:7:6378)\n    at Immediate._onImmediate (c:\\Users\\Martin Aguirre\\.vscode\\extensions\\uqbar.wollok-lsp-ide-0.3.6\\out\\server\\src\\server.js:7:6142)\n    at process.processImmediate (node:internal/timers:483:21)","timestamp":"2024-11-01T17:36:53.885Z"}
{"level":"info","message":"⌛ Validating suenios/example.wlk","timeElapsed":167,"timestamp":"2024-11-01T17:36:54.250Z"}
{"level":"info","message":"⌛ Building environment","timeElapsed":200,"timestamp":"2024-11-01T17:36:54.471Z"}
{"level":"info","message":"⌛ Validating suenios/example.wlk","timeElapsed":122,"timestamp":"2024-11-01T17:36:54.593Z"}
{"level":"info","message":"⌛ Validating suenios/example.wlk","timeElapsed":132,"timestamp":"2024-11-01T17:36:54.929Z"}
{"level":"info","message":"⌛ Validating suenios/example.wlk","timeElapsed":145,"timestamp":"2024-11-01T17:36:55.168Z"}
{"level":"info","message":"⌛ Validating suenios/example.wlk","timeElapsed":109,"timestamp":"2024-11-01T17:36:55.278Z"}
{"level":"info","message":"⌛ Validating suenios/example.wlk","timeElapsed":124,"timestamp":"2024-11-01T17:37:02.358Z"}
{"level":"info","message":"⌛ Validating suenios/example.wlk","timeElapsed":109,"timestamp":"2024-11-01T17:37:02.548Z"}
{"level":"info","message":"⌛ Building environment","timeElapsed":111,"timestamp":"2024-11-01T17:37:03.727Z"}
{"level":"info","message":"⌛ Validating suenios/example.wlk","timeElapsed":144,"timestamp":"2024-11-01T17:37:03.999Z"}
{"level":"info","message":"onRequest - completionItem/resolve","timestamp":"2024-11-01T17:37:04.001Z"}
{"level":"info","message":"onRequest - completionItem/resolve","timestamp":"2024-11-01T17:37:04.180Z"}
{"level":"info","message":"⌛ Building environment","timeElapsed":101,"timestamp":"2024-11-01T17:37:04.281Z"}
{"level":"info","message":"onRequest - completionItem/resolve","timestamp":"2024-11-01T17:37:04.290Z"}
{"level":"info","message":"⌛ Validating suenios/example.wlk","timeElapsed":116,"timestamp":"2024-11-01T17:37:04.407Z"}
{"level":"info","message":"onRequest - completionItem/resolve","timestamp":"2024-11-01T17:37:04.418Z"}
{"level":"info","message":"⌛ Building environment","timeElapsed":117,"timestamp":"2024-11-01T17:37:04.536Z"}
{"level":"info","message":"⌛ Validating suenios/example.wlk","timeElapsed":107,"timestamp":"2024-11-01T17:37:04.643Z"}
{"level":"info","message":"⌛ Validating suenios/example.wlk","timeElapsed":322,"timestamp":"2024-11-01T17:37:04.972Z"}
{"level":"info","message":"⌛ Validating suenios/example.wlk","timeElapsed":151,"timestamp":"2024-11-01T17:37:13.063Z"}
{"level":"info","message":"onRequest - completionItem/resolve","timestamp":"2024-11-01T17:37:13.064Z"}
{"level":"info","message":"⌛ Validating suenios/example.wlk","timeElapsed":139,"timestamp":"2024-11-01T17:37:13.204Z"}
{"level":"info","message":"⌛ Building environment","timeElapsed":201,"timestamp":"2024-11-01T17:37:13.406Z"}
{"level":"info","message":"⌛ Validating suenios/example.wlk","timeElapsed":166,"timestamp":"2024-11-01T17:37:13.779Z"}
{"level":"info","message":"⌛ Building environment","timeElapsed":103,"timestamp":"2024-11-01T17:37:13.883Z"}
{"level":"info","message":"⌛ Validating suenios/example.wlk","timeElapsed":167,"timestamp":"2024-11-01T17:37:14.050Z"}
{"level":"info","message":"⌛ Validating suenios/example.wlk","timeElapsed":142,"timestamp":"2024-11-01T17:37:14.193Z"}
{"level":"info","message":"⌛ Building environment","timeElapsed":112,"timestamp":"2024-11-01T17:37:14.311Z"}
{"level":"info","message":"⌛ Building environment","timeElapsed":113,"timestamp":"2024-11-01T17:37:14.440Z"}
{"level":"info","message":"⌛ Validating suenios/example.wlk","timeElapsed":172,"timestamp":"2024-11-01T17:37:14.614Z"}
{"level":"info","message":"⌛ Building environment","timeElapsed":116,"timestamp":"2024-11-01T17:37:14.828Z"}
{"level":"info","message":"⌛ Validating suenios/example.wlk","timeElapsed":142,"timestamp":"2024-11-01T17:37:14.977Z"}
{"level":"info","message":"⌛ Building environment","timeElapsed":108,"timestamp":"2024-11-01T17:37:15.086Z"}
{"level":"info","message":"⌛ Validating suenios/example.wlk","timeElapsed":132,"timestamp":"2024-11-01T17:37:15.218Z"}
{"level":"info","message":"⌛ Building environment","timeElapsed":112,"timestamp":"2024-11-01T17:37:15.331Z"}
{"level":"info","message":"⌛ Validating suenios/example.wlk","timeElapsed":135,"timestamp":"2024-11-01T17:37:15.487Z"}
{"level":"info","message":"⌛ Validating suenios/example.wlk","timeElapsed":125,"timestamp":"2024-11-01T17:37:15.614Z"}
{"level":"info","message":"⌛ Validating suenios/example.wlk","timeElapsed":133,"timestamp":"2024-11-01T17:37:15.748Z"}
{"level":"info","message":"⌛ Building environment","timeElapsed":112,"timestamp":"2024-11-01T17:37:15.862Z"}
{"level":"info","message":"⌛ Validating suenios/example.wlk","timeElapsed":145,"timestamp":"2024-11-01T17:37:16.007Z"}
{"level":"info","message":"⌛ Validating suenios/example.wlk","timeElapsed":150,"timestamp":"2024-11-01T17:37:16.164Z"}
{"level":"info","message":"⌛ Validating suenios/example.wlk","timeElapsed":119,"timestamp":"2024-11-01T17:37:16.386Z"}
