{"level":"info","message":"⌛ Building environment","timeElapsed":214,"timestamp":"2024-11-12T12:46:02.809Z"}
{"level":"info","message":"onRequest - STRONG_FILES_CHANGED:c:\\Users\\Martin Aguirre\\OneDrive\\Documentos\\Facultad\\2º Año\\Paradigmas de Programación\\parciales-objetos-pdep-2024\\Padrino\\padrino\\testExample.wtest","timestamp":"2024-11-12T12:46:02.823Z"}
{"level":"info","message":"⌛ Building environment","timeElapsed":158,"timestamp":"2024-11-12T12:46:02.982Z"}
{"level":"info","message":"onRequest - WORKSPACE_URI:file:///c%3A/Users/Martin%20Aguirre/OneDrive/Documentos/Facultad/2%C2%BA%20A%C3%B1o/Paradigmas%20de%20Programaci%C3%B3n/parciales-objetos-pdep-2024/Padrino","timestamp":"2024-11-12T12:46:03.068Z"}
{"level":"info","message":"⌛ Building environment","timeElapsed":101,"timestamp":"2024-11-12T12:46:03.172Z"}
{"level":"info","message":"Removing diagnostics from \\Users\\Martin Aguirre\\OneDrive\\Documentos\\Facultad\\2º Año\\Paradigmas de Programación\\parciales-objetos-pdep-2024\\Padrino\\padrino\\testExample.wtest","timestamp":"2024-11-12T12:46:03.174Z"}
{"level":"info","message":"onRequest - WORKSPACE_URI:file:///c%3A/Users/Martin%20Aguirre/OneDrive/Documentos/Facultad/2%C2%BA%20A%C3%B1o/Paradigmas%20de%20Programaci%C3%B3n/parciales-objetos-pdep-2024/Padrino","timestamp":"2024-11-12T12:46:03.279Z"}
{"level":"info","message":"⌛ Validating padrino/example.wlk","timeElapsed":185,"timestamp":"2024-11-12T12:46:03.464Z"}
{"level":"info","message":"onRequest - STRONG_FILES_CHANGED:c:\\Users\\Martin Aguirre\\OneDrive\\Documentos\\Facultad\\2º Año\\Paradigmas de Programación\\parciales-objetos-pdep-2024\\Padrino\\padrino\\example.wlk","timestamp":"2024-11-12T12:46:05.312Z"}
{"level":"info","message":"⌛ Building environment","timeElapsed":168,"timestamp":"2024-11-12T12:46:05.481Z"}
{"level":"info","message":"onRequest - WORKSPACE_URI:file:///c%3A/Users/Martin%20Aguirre/OneDrive/Documentos/Facultad/2%C2%BA%20A%C3%B1o/Paradigmas%20de%20Programaci%C3%B3n/parciales-objetos-pdep-2024/Padrino","timestamp":"2024-11-12T12:46:05.613Z"}
{"level":"info","message":"Removing diagnostics from \\Users\\Martin Aguirre\\OneDrive\\Documentos\\Facultad\\2º Año\\Paradigmas de Programación\\parciales-objetos-pdep-2024\\Padrino\\padrino\\example.wlk","timestamp":"2024-11-12T12:46:05.654Z"}
{"level":"info","message":"⌛ Building environment","timeElapsed":166,"timestamp":"2024-11-12T12:56:07.105Z"}
{"level":"info","message":"⌛ Validating padrino/src/Juego.wlk","timeElapsed":238,"timestamp":"2024-11-12T12:56:07.396Z"}
{"level":"info","message":"⌛ Building environment","timeElapsed":197,"timestamp":"2024-11-12T12:56:08.867Z"}
{"level":"info","message":"⌛ Validating padrino/src/Juego.wlk","timeElapsed":232,"timestamp":"2024-11-12T12:56:09.167Z"}
{"level":"info","message":"⌛ Building environment","timeElapsed":109,"timestamp":"2024-11-12T12:56:09.276Z"}
{"level":"info","message":"⌛ Building environment","timeElapsed":120,"timestamp":"2024-11-12T12:56:09.496Z"}
{"level":"info","message":"onRequest - completionItem/resolve","timestamp":"2024-11-12T12:56:09.497Z"}
{"level":"info","message":"⌛ Validating padrino/src/Juego.wlk","timeElapsed":189,"timestamp":"2024-11-12T12:56:09.686Z"}
{"level":"info","message":"⌛ Validating padrino/src/Juego.wlk","timeElapsed":163,"timestamp":"2024-11-12T12:56:09.864Z"}
{"level":"info","message":"⌛ Validating padrino/src/Juego.wlk","timeElapsed":153,"timestamp":"2024-11-12T12:56:10.020Z"}
{"level":"info","message":"⌛ Building environment","timeElapsed":127,"timestamp":"2024-11-12T12:56:10.151Z"}
{"level":"info","message":"⌛ Validating padrino/src/Juego.wlk","timeElapsed":160,"timestamp":"2024-11-12T12:56:10.320Z"}
{"level":"info","message":"⌛ Validating padrino/src/Juego.wlk","timeElapsed":213,"timestamp":"2024-11-12T12:56:10.805Z"}
{"level":"info","message":"⌛ Building environment","timeElapsed":104,"timestamp":"2024-11-12T12:56:11.126Z"}
{"level":"info","message":"⌛ Validating padrino/src/Juego.wlk","timeElapsed":152,"timestamp":"2024-11-12T12:56:11.292Z"}
{"level":"info","message":"⌛ Validating padrino/src/Juego.wlk","timeElapsed":151,"timestamp":"2024-11-12T12:56:11.525Z"}
{"level":"info","message":"⌛ Validating padrino/src/Juego.wlk","timeElapsed":199,"timestamp":"2024-11-12T12:56:11.725Z"}
{"level":"info","message":"⌛ Validating padrino/src/Juego.wlk","timeElapsed":148,"timestamp":"2024-11-12T12:56:11.880Z"}
{"level":"info","message":"⌛ Validating padrino/src/Juego.wlk","timeElapsed":144,"timestamp":"2024-11-12T12:56:12.198Z"}
{"level":"info","message":"⌛ Validating padrino/src/Juego.wlk","timeElapsed":322,"timestamp":"2024-11-12T12:56:12.527Z"}
{"level":"info","message":"⌛ Validating padrino/src/Juego.wlk","timeElapsed":175,"timestamp":"2024-11-12T12:56:17.482Z"}
{"level":"info","message":"⌛ Building environment","timeElapsed":109,"timestamp":"2024-11-12T12:56:17.594Z"}
{"level":"info","message":"onRequest - completionItem/resolve","timestamp":"2024-11-12T12:56:17.596Z"}
{"level":"info","message":"⌛ Building environment","timeElapsed":116,"timestamp":"2024-11-12T12:56:17.713Z"}
{"level":"info","message":"onRequest - completionItem/resolve","timestamp":"2024-11-12T12:56:17.714Z"}
{"level":"info","message":"onRequest - completionItem/resolve","timestamp":"2024-11-12T12:56:17.805Z"}
{"level":"info","message":"onRequest - completionItem/resolve","timestamp":"2024-11-12T12:56:17.882Z"}
{"level":"info","message":"⌛ Validating padrino/src/Juego.wlk","timeElapsed":126,"timestamp":"2024-11-12T12:56:18.008Z"}
{"level":"error","message":"✘ Failed to rebuild document Failed to parse padrino/src/Juego.wlk: \n-- PARSING FAILED --------------------------------------------------\n\n  3 |     method\n  4 |   \n> 5 | }\n    | ^\n\nExpected one of the following: \n\n'!=', '!==', '%', '&&', '*', '**', '+', '-', '->', '..', '..<', '/', '<', '<<', '<<<', '<=', '<=>', '<>', '==', '===', '>', '>..', '>=', '>>', '>>>', '?:', 'and', 'invert', 'negate', 'or', 'plus', '||', identifier, whitespace\n","stack":"Error: Failed to parse padrino/src/Juego.wlk: \n-- PARSING FAILED --------------------------------------------------\n\n  3 |     method\n  4 |   \n> 5 | }\n    | ^\n\nExpected one of the following: \n\n'!=', '!==', '%', '&&', '*', '**', '+', '-', '->', '..', '..<', '/', '<', '<<', '<<<', '<=', '<=>', '<>', '==', '===', '>', '>..', '>=', '>>', '>>>', '?:', 'and', 'invert', 'negate', 'or', 'plus', '||', identifier, whitespace\n\n    at c:\\Users\\Martin Aguirre\\.vscode\\extensions\\uqbar.wollok-lsp-ide-0.3.6\\out\\server\\src\\server.js:2254:32415\n    at Array.map (<anonymous>)\n    at Jfn (c:\\Users\\Martin Aguirre\\.vscode\\extensions\\uqbar.wollok-lsp-ide-0.3.6\\out\\server\\src\\server.js:2254:32339)\n    at k2.buildEnvironmentFrom (c:\\Users\\Martin Aguirre\\.vscode\\extensions\\uqbar.wollok-lsp-ide-0.3.6\\out\\server\\src\\server.js:2285:6721)\n    at k2.updateEnvironmentWith (c:\\Users\\Martin Aguirre\\.vscode\\extensions\\uqbar.wollok-lsp-ide-0.3.6\\out\\server\\src\\server.js:2285:6456)\n    at jL (c:\\Users\\Martin Aguirre\\.vscode\\extensions\\uqbar.wollok-lsp-ide-0.3.6\\out\\server\\src\\server.js:2298:2292)\n    at v3.invoke (c:\\Users\\Martin Aguirre\\.vscode\\extensions\\uqbar.wollok-lsp-ide-0.3.6\\out\\server\\src\\server.js:3:157200)\n    at o.fire (c:\\Users\\Martin Aguirre\\.vscode\\extensions\\uqbar.wollok-lsp-ide-0.3.6\\out\\server\\src\\server.js:3:157970)\n    at c:\\Users\\Martin Aguirre\\.vscode\\extensions\\uqbar.wollok-lsp-ide-0.3.6\\out\\server\\src\\server.js:37:57871\n    at Vr (c:\\Users\\Martin Aguirre\\.vscode\\extensions\\uqbar.wollok-lsp-ide-0.3.6\\out\\server\\src\\server.js:8:1561)","timestamp":"2024-11-12T12:56:18.026Z"}
{"level":"info","message":"onRequest - completionItem/resolve","timestamp":"2024-11-12T12:56:18.026Z"}
{"level":"info","message":"⌛ Validating padrino/src/Juego.wlk","timeElapsed":107,"timestamp":"2024-11-12T12:56:18.134Z"}
{"level":"info","message":"⌛ Validating padrino/src/Juego.wlk","timeElapsed":127,"timestamp":"2024-11-12T12:56:18.261Z"}
{"level":"info","message":"⌛ Validating padrino/src/Juego.wlk","timeElapsed":172,"timestamp":"2024-11-12T12:56:18.434Z"}
{"level":"info","message":"onRequest - completionItem/resolve","timestamp":"2024-11-12T12:56:18.448Z"}
{"level":"info","message":"⌛ Building environment","timeElapsed":108,"timestamp":"2024-11-12T12:56:18.557Z"}
{"level":"info","message":"⌛ Validating padrino/src/Juego.wlk","timeElapsed":129,"timestamp":"2024-11-12T12:56:18.688Z"}
{"level":"info","message":"⌛ Building environment","timeElapsed":112,"timestamp":"2024-11-12T12:56:18.816Z"}
{"level":"info","message":"⌛ Validating padrino/src/Juego.wlk","timeElapsed":137,"timestamp":"2024-11-12T12:56:19.071Z"}
{"level":"info","message":"⌛ Validating padrino/src/Juego.wlk","timeElapsed":156,"timestamp":"2024-11-12T12:56:19.358Z"}
{"level":"info","message":"⌛ Building environment","timeElapsed":102,"timestamp":"2024-11-12T12:56:19.460Z"}
{"level":"info","message":"⌛ Validating padrino/src/Juego.wlk","timeElapsed":135,"timestamp":"2024-11-12T12:56:19.680Z"}
{"level":"info","message":"⌛ Validating padrino/src/Juego.wlk","timeElapsed":115,"timestamp":"2024-11-12T12:56:19.902Z"}
{"level":"info","message":"⌛ Validating padrino/src/Juego.wlk","timeElapsed":132,"timestamp":"2024-11-12T12:56:20.034Z"}
{"level":"info","message":"⌛ Validating padrino/src/Juego.wlk","timeElapsed":137,"timestamp":"2024-11-12T12:56:20.173Z"}
{"level":"info","message":"⌛ Validating padrino/src/Juego.wlk","timeElapsed":140,"timestamp":"2024-11-12T12:56:20.498Z"}
{"level":"info","message":"⌛ Validating padrino/src/Juego.wlk","timeElapsed":167,"timestamp":"2024-11-12T12:56:20.666Z"}
{"level":"info","message":"⌛ Building environment","timeElapsed":113,"timestamp":"2024-11-12T12:56:20.897Z"}
{"level":"info","message":"⌛ Validating padrino/src/Juego.wlk","timeElapsed":158,"timestamp":"2024-11-12T12:56:21.056Z"}
{"level":"info","message":"⌛ Building environment","timeElapsed":154,"timestamp":"2024-11-12T12:56:21.212Z"}
{"level":"info","message":"⌛ Building environment","timeElapsed":145,"timestamp":"2024-11-12T12:56:21.359Z"}
{"level":"info","message":"⌛ Building environment","timeElapsed":106,"timestamp":"2024-11-12T12:56:21.500Z"}
{"level":"info","message":"⌛ Validating padrino/src/Juego.wlk","timeElapsed":290,"timestamp":"2024-11-12T12:56:21.792Z"}
{"level":"info","message":"⌛ Building environment","timeElapsed":103,"timestamp":"2024-11-12T12:56:21.895Z"}
{"level":"info","message":"⌛ Validating padrino/src/Juego.wlk","timeElapsed":129,"timestamp":"2024-11-12T12:56:22.128Z"}
{"level":"info","message":"⌛ Validating padrino/src/Juego.wlk","timeElapsed":139,"timestamp":"2024-11-12T12:56:22.267Z"}
{"level":"info","message":"⌛ Validating padrino/src/Juego.wlk","timeElapsed":139,"timestamp":"2024-11-12T12:56:22.411Z"}
{"level":"info","message":"⌛ Validating padrino/src/Juego.wlk","timeElapsed":114,"timestamp":"2024-11-12T12:56:22.525Z"}
{"level":"info","message":"⌛ Validating padrino/src/Juego.wlk","timeElapsed":144,"timestamp":"2024-11-12T12:56:22.670Z"}
