{"level":"info","message":"⌛ Validating amongUs2/src/Nave.wlk","timeElapsed":103,"timestamp":"2024-11-11T21:04:07.585Z"}
{"level":"info","message":"onRequest - completionItem/resolve","timestamp":"2024-11-11T21:04:07.589Z"}
{"level":"info","message":"⌛ Validating amongUs2/src/Nave.wlk","timeElapsed":119,"timestamp":"2024-11-11T21:04:07.714Z"}
{"level":"info","message":"⌛ Validating amongUs2/src/Nave.wlk","timeElapsed":107,"timestamp":"2024-11-11T21:04:08.625Z"}
{"level":"info","message":"⌛ Building environment","timeElapsed":109,"timestamp":"2024-11-11T21:04:09.092Z"}
{"level":"info","message":"⌛ Validating amongUs2/src/Nave.wlk","timeElapsed":125,"timestamp":"2024-11-11T21:04:09.253Z"}
{"level":"info","message":"onRequest - completionItem/resolve","timestamp":"2024-11-11T21:04:09.253Z"}
{"level":"info","message":"⌛ Building environment","timeElapsed":120,"timestamp":"2024-11-11T21:04:09.434Z"}
{"level":"info","message":"onRequest - completionItem/resolve","timestamp":"2024-11-11T21:04:09.435Z"}
{"level":"info","message":"⌛ Validating amongUs2/src/Nave.wlk","timeElapsed":107,"timestamp":"2024-11-11T21:04:09.549Z"}
{"level":"info","message":"⌛ Building environment","timeElapsed":130,"timestamp":"2024-11-11T21:04:09.776Z"}
{"level":"info","message":"⌛ Validating amongUs2/src/Nave.wlk","timeElapsed":205,"timestamp":"2024-11-11T21:04:09.996Z"}
{"level":"info","message":"onRequest - completionItem/resolve","timestamp":"2024-11-11T21:04:10.092Z"}
{"level":"info","message":"⌛ Building environment","timeElapsed":101,"timestamp":"2024-11-11T21:04:10.197Z"}
{"level":"info","message":"onRequest - completionItem/resolve","timestamp":"2024-11-11T21:04:10.203Z"}
{"level":"info","message":"⌛ Building environment","timeElapsed":127,"timestamp":"2024-11-11T21:04:10.428Z"}
{"level":"info","message":"onRequest - completionItem/resolve","timestamp":"2024-11-11T21:04:10.433Z"}
{"level":"info","message":"⌛ Validating amongUs2/src/Nave.wlk","timeElapsed":109,"timestamp":"2024-11-11T21:04:10.542Z"}
{"level":"info","message":"⌛ Validating amongUs2/src/Nave.wlk","timeElapsed":192,"timestamp":"2024-11-11T21:04:10.739Z"}
{"level":"info","message":"onRequest - completionItem/resolve","timestamp":"2024-11-11T21:04:10.767Z"}
{"level":"info","message":"⌛ Building environment","timeElapsed":172,"timestamp":"2024-11-11T21:04:10.940Z"}
{"level":"info","message":"⌛ Validating amongUs2/src/Nave.wlk","timeElapsed":174,"timestamp":"2024-11-11T21:04:11.122Z"}
{"level":"info","message":"⌛ Building environment","timeElapsed":139,"timestamp":"2024-11-11T21:04:11.573Z"}
{"level":"error","message":"✘ Completions for node failed: Error: [Send]{0b9e83} at amongUs2/src/Nave.wlk:39 exhausted all cases without a match [Send]{0b9e83} at amongUs2/src/Nave.wlk:39 exhausted all cases without a match","stack":"Error: [Send]{0b9e83} at amongUs2/src/Nave.wlk:39 exhausted all cases without a match\n    at c:\\Users\\Martin Aguirre\\.vscode\\extensions\\uqbar.wollok-lsp-ide-0.3.6\\out\\server\\src\\server.js:38:6067\n    at yh (c:\\Users\\Martin Aguirre\\.vscode\\extensions\\uqbar.wollok-lsp-ide-0.3.6\\out\\server\\src\\server.js:2291:42)\n    at kh (c:\\Users\\Martin Aguirre\\.vscode\\extensions\\uqbar.wollok-lsp-ide-0.3.6\\out\\server\\src\\server.js:2291:1004)\n    at Y5n (c:\\Users\\Martin Aguirre\\.vscode\\extensions\\uqbar.wollok-lsp-ide-0.3.6\\out\\server\\src\\server.js:2291:1160)\n    at c:\\Users\\Martin Aguirre\\.vscode\\extensions\\uqbar.wollok-lsp-ide-0.3.6\\out\\server\\src\\server.js:38:6056\n    at yh (c:\\Users\\Martin Aguirre\\.vscode\\extensions\\uqbar.wollok-lsp-ide-0.3.6\\out\\server\\src\\server.js:2291:42)\n    at c:\\Users\\Martin Aguirre\\.vscode\\extensions\\uqbar.wollok-lsp-ide-0.3.6\\out\\server\\src\\server.js:2291:2700\n    at c:\\Users\\Martin Aguirre\\.vscode\\extensions\\uqbar.wollok-lsp-ide-0.3.6\\out\\server\\src\\server.js:2298:3774\n    at c:\\Users\\Martin Aguirre\\.vscode\\extensions\\uqbar.wollok-lsp-ide-0.3.6\\out\\server\\src\\server.js:37:74872\n    at Fe (c:\\Users\\Martin Aguirre\\.vscode\\extensions\\uqbar.wollok-lsp-ide-0.3.6\\out\\server\\src\\server.js:7:8527)","timestamp":"2024-11-11T21:04:11.612Z"}
{"level":"error","message":"✘ Completions for node failed: Error: cantidadDeVotosEnBlanco [Variable]{026dc4} at amongUs2/src/Nave.wlk:39 exhausted all cases without a match cantidadDeVotosEnBlanco [Variable]{026dc4} at amongUs2/src/Nave.wlk:39 exhausted all cases without a match","stack":"Error: cantidadDeVotosEnBlanco [Variable]{026dc4} at amongUs2/src/Nave.wlk:39 exhausted all cases without a match\n    at c:\\Users\\Martin Aguirre\\.vscode\\extensions\\uqbar.wollok-lsp-ide-0.3.6\\out\\server\\src\\server.js:38:6067\n    at yh (c:\\Users\\Martin Aguirre\\.vscode\\extensions\\uqbar.wollok-lsp-ide-0.3.6\\out\\server\\src\\server.js:2291:42)\n    at kh (c:\\Users\\Martin Aguirre\\.vscode\\extensions\\uqbar.wollok-lsp-ide-0.3.6\\out\\server\\src\\server.js:2291:1004)\n    at yh (c:\\Users\\Martin Aguirre\\.vscode\\extensions\\uqbar.wollok-lsp-ide-0.3.6\\out\\server\\src\\server.js:2291:456)\n    at kh (c:\\Users\\Martin Aguirre\\.vscode\\extensions\\uqbar.wollok-lsp-ide-0.3.6\\out\\server\\src\\server.js:2291:1004)\n    at Y5n (c:\\Users\\Martin Aguirre\\.vscode\\extensions\\uqbar.wollok-lsp-ide-0.3.6\\out\\server\\src\\server.js:2291:1160)\n    at c:\\Users\\Martin Aguirre\\.vscode\\extensions\\uqbar.wollok-lsp-ide-0.3.6\\out\\server\\src\\server.js:38:6056\n    at yh (c:\\Users\\Martin Aguirre\\.vscode\\extensions\\uqbar.wollok-lsp-ide-0.3.6\\out\\server\\src\\server.js:2291:42)\n    at c:\\Users\\Martin Aguirre\\.vscode\\extensions\\uqbar.wollok-lsp-ide-0.3.6\\out\\server\\src\\server.js:2291:2700\n    at c:\\Users\\Martin Aguirre\\.vscode\\extensions\\uqbar.wollok-lsp-ide-0.3.6\\out\\server\\src\\server.js:2298:3774","timestamp":"2024-11-11T21:04:11.612Z"}
{"level":"info","message":"⌛ Building environment","timeElapsed":205,"timestamp":"2024-11-11T21:04:11.820Z"}
{"level":"info","message":"⌛ Validating amongUs2/src/Nave.wlk","timeElapsed":278,"timestamp":"2024-11-11T21:04:12.100Z"}
{"level":"info","message":"onRequest - completionItem/resolve","timestamp":"2024-11-11T21:04:12.101Z"}
{"level":"info","message":"⌛ Building environment","timeElapsed":168,"timestamp":"2024-11-11T21:04:12.272Z"}
{"level":"info","message":"onRequest - completionItem/resolve","timestamp":"2024-11-11T21:04:12.273Z"}
{"level":"info","message":"⌛ Building environment","timeElapsed":175,"timestamp":"2024-11-11T21:04:12.450Z"}
{"level":"info","message":"onRequest - completionItem/resolve","timestamp":"2024-11-11T21:04:12.455Z"}
{"level":"info","message":"⌛ Validating amongUs2/src/Nave.wlk","timeElapsed":317,"timestamp":"2024-11-11T21:04:12.772Z"}
{"level":"info","message":"⌛ Validating amongUs2/src/Nave.wlk","timeElapsed":245,"timestamp":"2024-11-11T21:04:13.037Z"}
{"level":"info","message":"⌛ Validating amongUs2/src/Nave.wlk","timeElapsed":257,"timestamp":"2024-11-11T21:04:13.296Z"}
{"level":"info","message":"onRequest - completionItem/resolve","timestamp":"2024-11-11T21:04:13.297Z"}
{"level":"info","message":"⌛ Building environment","timeElapsed":221,"timestamp":"2024-11-11T21:04:13.520Z"}
{"level":"info","message":"⌛ Validating amongUs2/src/Nave.wlk","timeElapsed":181,"timestamp":"2024-11-11T21:04:13.711Z"}
